{
  "stats": {
    "suites": 1,
    "tests": 1,
    "passes": 0,
    "pending": 0,
    "failures": 1,
    "start": "2020-02-19T16:23:06.823Z",
    "end": "2020-02-19T16:23:36.847Z",
    "duration": 30024,
    "testsRegistered": 1,
    "passPercent": 0,
    "pendingPercent": 0,
    "other": 0,
    "hasOther": false,
    "skipped": 0,
    "hasSkipped": false
  },
  "results": [
    {
      "uuid": "adc39b50-9bbd-47d9-a348-cc82004faebb",
      "title": "",
      "fullFile": "cypress\\integration\\FoD\\AdminTenantsPageTest.spec.js",
      "file": "cypress\\integration\\FoD\\AdminTenantsPageTest.spec.js",
      "beforeHooks": [],
      "afterHooks": [],
      "tests": [],
      "suites": [
        {
          "uuid": "951da5b8-6e52-49d3-80ca-87f95984f0f1",
          "title": "Admin Tenants Page Test",
          "fullFile": "",
          "file": "",
          "beforeHooks": [],
          "afterHooks": [],
          "tests": [
            {
              "title": "verify admin tenants page displayed",
              "fullTitle": "Admin Tenants Page Test verify admin tenants page displayed",
              "timedOut": null,
              "duration": 26002,
              "state": "failed",
              "speed": null,
              "pass": false,
              "fail": true,
              "pending": false,
              "context": "\"assets/FoD\\\\AdminTenantsPageTest.spec.js/Admin Tenants Page Test--verify admin tenants page displayed(failed).png\"",
              "code": "var tenantId = 'AUTO-TENANT1-' + Date.now();\nloginPage.loginToAdminSite(\"zeusadmin\", \"Spi!pass007^\");\ntenantsPage.navigateToTenantsPage();\ntenantsPage.verifyTenantsPageDisplayed();\ntenantsPage.createTenant(tenantId);",
              "err": {
                "message": "CypressError: Timed out after waiting '25000ms' for your remote page to load.\n\nYour page did not fire its 'load' event within '25000ms'.\n\nYou can try increasing the 'pageLoadTimeout' value in 'cypress.json' to wait longer.\n\nBrowsers will not fire the 'load' event until all stylesheets and scripts are done downloading.\n\nWhen this 'load' event occurs, Cypress will continue running commands.",
                "estack": "CypressError: Timed out after waiting '25000ms' for your remote page to load.\n\nYour page did not fire its 'load' event within '25000ms'.\n\nYou can try increasing the 'pageLoadTimeout' value in 'cypress.json' to wait longer.\n\nBrowsers will not fire the 'load' event until all stylesheets and scripts are done downloading.\n\nWhen this 'load' event occurs, Cypress will continue running commands.\n    at Object.cypressErr (http://localhost:5354/__cypress/runner/cypress_runner.js:102176:11)\n    at Object.throwErr (http://localhost:5354/__cypress/runner/cypress_runner.js:102128:18)\n    at Object.throwErrByPath (http://localhost:5354/__cypress/runner/cypress_runner.js:102163:17)\n    at timedOutWaitingForPageLoad (http://localhost:5354/__cypress/runner/cypress_runner.js:86578:17)\n    at http://localhost:5354/__cypress/runner/cypress_runner.js:87361:16\n    at tryCatcher (http://localhost:5354/__cypress/runner/cypress_runner.js:136088:23)\n    at http://localhost:5354/__cypress/runner/cypress_runner.js:131229:41\n    at tryCatcher (http://localhost:5354/__cypress/runner/cypress_runner.js:136088:23)\n    at Promise._settlePromiseFromHandler (http://localhost:5354/__cypress/runner/cypress_runner.js:134024:31)\n    at Promise._settlePromise (http://localhost:5354/__cypress/runner/cypress_runner.js:134081:18)\n    at Promise._settlePromise0 (http://localhost:5354/__cypress/runner/cypress_runner.js:134126:10)\n    at Promise._settlePromises (http://localhost:5354/__cypress/runner/cypress_runner.js:134201:18)\n    at Async../node_modules/bluebird/js/release/async.js.Async._drainQueue (http://localhost:5354/__cypress/runner/cypress_runner.js:130813:16)\n    at Async../node_modules/bluebird/js/release/async.js.Async._drainQueues (http://localhost:5354/__cypress/runner/cypress_runner.js:130823:10)\n    at Async.drainQueues (http://localhost:5354/__cypress/runner/cypress_runner.js:130697:14)",
                "diff": null
              },
              "uuid": "b1726c44-e613-446f-b72b-1757db29a6cb",
              "parentUUID": "951da5b8-6e52-49d3-80ca-87f95984f0f1",
              "isHook": false,
              "skipped": false
            }
          ],
          "suites": [],
          "passes": [],
          "failures": [
            "b1726c44-e613-446f-b72b-1757db29a6cb"
          ],
          "pending": [],
          "skipped": [],
          "duration": 26002,
          "root": false,
          "rootEmpty": false,
          "_timeout": 2000
        }
      ],
      "passes": [],
      "failures": [],
      "pending": [],
      "skipped": [],
      "duration": 0,
      "root": true,
      "rootEmpty": true,
      "_timeout": 2000
    }
  ],
  "meta": {
    "mocha": {
      "version": "5.2.0"
    },
    "mochawesome": {
      "options": {
        "quiet": false,
        "reportFilename": "mochawesome",
        "saveHtml": false,
        "saveJson": true,
        "consoleReporter": "spec",
        "useInlineDiffs": false
      },
      "version": "4.1.0"
    },
    "marge": {
      "options": {
        "id": "default",
        "reportDir": "cypress/reports/mocha",
        "quite": true,
        "overwrite": false,
        "html": false,
        "json": true,
        "timestamp": "mmddyyyy_HHMMss"
      },
      "version": "4.1.0"
    }
  }
}