{
  "stats": {
    "suites": 1,
    "tests": 1,
    "passes": 0,
    "pending": 0,
    "failures": 1,
    "start": "2020-02-19T16:36:47.710Z",
    "end": "2020-02-19T16:37:17.001Z",
    "duration": 29291,
    "testsRegistered": 1,
    "passPercent": 0,
    "pendingPercent": 0,
    "other": 0,
    "hasOther": false,
    "skipped": 0,
    "hasSkipped": false
  },
  "results": [
    {
      "uuid": "0ce4197d-b4a2-4afa-af0c-ae99eed61949",
      "title": "",
      "fullFile": "cypress\\integration\\FoD\\FodRepositoriesTabTenantsDetailsPageTest.spec.js",
      "file": "cypress\\integration\\FoD\\FodRepositoriesTabTenantsDetailsPageTest.spec.js",
      "beforeHooks": [],
      "afterHooks": [],
      "tests": [],
      "suites": [
        {
          "uuid": "1498f782-5673-46f3-b7f4-04a8e231ea93",
          "title": "Repositories tab at Tenant Details page Test",
          "fullFile": "",
          "file": "",
          "beforeHooks": [],
          "afterHooks": [],
          "tests": [
            {
              "title": "Verify Repositories page functionality",
              "fullTitle": "Repositories tab at Tenant Details page Test Verify Repositories page functionality",
              "timedOut": null,
              "duration": 25422,
              "state": "failed",
              "speed": null,
              "pass": false,
              "fail": true,
              "pending": false,
              "context": "\"assets/FoD\\\\FodRepositoriesTabTenantsDetailsPageTest.spec.js/Repositories tab at Tenant Details page Test--Verify Repositories page functionality(failed).png\"",
              "code": "loginPage.loginToAdminSite(\"zeusadmin\", \"Spi!pass007^\");\ntenantsPage.navigateToTenantsPage();\ntenantid.forEach(function (tenantId) {\n  tenantsPage.createTenant(tenantId);\n  tenantsPage.searchTenantsAndNavigateToDetailsPage(tenantId);\n  repositoriesPage.clickRepositoriesTab();\n  repositoriesPage.isTheSelectedTenantDisplayedOnThePage(tenantId);\n  repositoriesPage.isRepositoriesTableDisplayed();\n  repositoriesPage.isRefreshPermissionsButtonDisplayed();\n  repositoriesPage.isHealthCheckButtonDisplayed();\n  repositoriesPage.isRebuildButtonDisplayed();\n  repositoriesPage.isDeleteButtonDisplayed();\n  repositoriesPage.isRepositoryTypeColumnDisplayed();\n  repositoriesPage.isRepositoryIDColumnDisplayed();\n  repositoriesPage.isRecordCountColumnDisplayed();\n  repositoriesPage.verifyRepositoryTypeColumnContainsDefainedTypes();\n  repositoriesPage.verifyPopUpWindowDisplayedRefreshPermissionsButton();\n  repositoriesPage.verifyPopUpWindowDisplayedByClickingHealthCheckButton();\n  repositoriesPage.verifyPopUpWindowDisplayedForEachRepoTypeByClickingRebuildButton();\n  repositoriesPage.verifyPopUpWindowDisplayedForEachRepoTypeByClickingDeleteButton();\n});",
              "err": {
                "message": "CypressError: Timed out after waiting '25000ms' for your remote page to load.\n\nYour page did not fire its 'load' event within '25000ms'.\n\nYou can try increasing the 'pageLoadTimeout' value in 'cypress.json' to wait longer.\n\nBrowsers will not fire the 'load' event until all stylesheets and scripts are done downloading.\n\nWhen this 'load' event occurs, Cypress will continue running commands.",
                "estack": "CypressError: Timed out after waiting '25000ms' for your remote page to load.\n\nYour page did not fire its 'load' event within '25000ms'.\n\nYou can try increasing the 'pageLoadTimeout' value in 'cypress.json' to wait longer.\n\nBrowsers will not fire the 'load' event until all stylesheets and scripts are done downloading.\n\nWhen this 'load' event occurs, Cypress will continue running commands.\n    at Object.cypressErr (http://localhost:5354/__cypress/runner/cypress_runner.js:102176:11)\n    at Object.throwErr (http://localhost:5354/__cypress/runner/cypress_runner.js:102128:18)\n    at Object.throwErrByPath (http://localhost:5354/__cypress/runner/cypress_runner.js:102163:17)\n    at timedOutWaitingForPageLoad (http://localhost:5354/__cypress/runner/cypress_runner.js:86578:17)\n    at http://localhost:5354/__cypress/runner/cypress_runner.js:87361:16\n    at tryCatcher (http://localhost:5354/__cypress/runner/cypress_runner.js:136088:23)\n    at http://localhost:5354/__cypress/runner/cypress_runner.js:131229:41\n    at tryCatcher (http://localhost:5354/__cypress/runner/cypress_runner.js:136088:23)\n    at Promise._settlePromiseFromHandler (http://localhost:5354/__cypress/runner/cypress_runner.js:134024:31)\n    at Promise._settlePromise (http://localhost:5354/__cypress/runner/cypress_runner.js:134081:18)\n    at Promise._settlePromise0 (http://localhost:5354/__cypress/runner/cypress_runner.js:134126:10)\n    at Promise._settlePromises (http://localhost:5354/__cypress/runner/cypress_runner.js:134201:18)\n    at Async../node_modules/bluebird/js/release/async.js.Async._drainQueue (http://localhost:5354/__cypress/runner/cypress_runner.js:130813:16)\n    at Async../node_modules/bluebird/js/release/async.js.Async._drainQueues (http://localhost:5354/__cypress/runner/cypress_runner.js:130823:10)\n    at Async.drainQueues (http://localhost:5354/__cypress/runner/cypress_runner.js:130697:14)",
                "diff": null
              },
              "uuid": "cdc2d8e8-925a-4088-9a11-12676f44d4a7",
              "parentUUID": "1498f782-5673-46f3-b7f4-04a8e231ea93",
              "isHook": false,
              "skipped": false
            }
          ],
          "suites": [],
          "passes": [],
          "failures": [
            "cdc2d8e8-925a-4088-9a11-12676f44d4a7"
          ],
          "pending": [],
          "skipped": [],
          "duration": 25422,
          "root": false,
          "rootEmpty": false,
          "_timeout": 2000
        }
      ],
      "passes": [],
      "failures": [],
      "pending": [],
      "skipped": [],
      "duration": 0,
      "root": true,
      "rootEmpty": true,
      "_timeout": 2000
    }
  ],
  "meta": {
    "mocha": {
      "version": "5.2.0"
    },
    "mochawesome": {
      "options": {
        "quiet": false,
        "reportFilename": "mochawesome",
        "saveHtml": false,
        "saveJson": true,
        "consoleReporter": "spec",
        "useInlineDiffs": false
      },
      "version": "4.1.0"
    },
    "marge": {
      "options": {
        "id": "default",
        "reportDir": "cypress/reports/mocha",
        "quite": true,
        "overwrite": false,
        "html": false,
        "json": true,
        "timestamp": "mmddyyyy_HHMMss"
      },
      "version": "4.1.0"
    }
  }
}