{
  "stats": {
    "suites": 1,
    "tests": 1,
    "passes": 0,
    "pending": 0,
    "failures": 1,
    "start": "2020-02-19T16:24:43.898Z",
    "end": "2020-02-19T16:25:15.978Z",
    "duration": 32080,
    "testsRegistered": 1,
    "passPercent": 0,
    "pendingPercent": 0,
    "other": 0,
    "hasOther": false,
    "skipped": 0,
    "hasSkipped": false
  },
  "results": [
    {
      "uuid": "b5deea4a-7aa6-433c-aba6-0094941a67b5",
      "title": "",
      "fullFile": "cypress\\integration\\FoD\\ApplitoolsVisualTest.spec.js",
      "file": "cypress\\integration\\FoD\\ApplitoolsVisualTest.spec.js",
      "beforeHooks": [],
      "afterHooks": [],
      "tests": [],
      "suites": [
        {
          "uuid": "d2bd0c23-d29d-4cec-a418-8e2e6810cc12",
          "title": "Applitools visual validation POC",
          "fullFile": "",
          "file": "",
          "beforeHooks": [],
          "afterHooks": [],
          "tests": [
            {
              "title": "Visual test adding a tenants ",
              "fullTitle": "Applitools visual validation POC Visual test adding a tenants ",
              "timedOut": null,
              "duration": 27165,
              "state": "failed",
              "speed": null,
              "pass": false,
              "fail": true,
              "pending": false,
              "context": "\"assets/FoD\\\\ApplitoolsVisualTest.spec.js/Applitools visual validation POC--Visual test adding a tenants (failed).png\"",
              "code": "cy.LoginToAdminSite(\"zeusadmin\", \"Spi!pass007^\");\nvar tenantId = 'AUTO-TENANT1-' + Date.now();\ncy.eyesCheckWindow('Admin Page dashboard');\ncy.get('.navbar-nav a').contains('Administration').click();\ncy.get('.dropdown-menu').contains('Tenants').click();\ncy.get('[data-action=\"add-tenant\"]').click();\ncy.eyesCheckWindow('Tenant Details');\ncy.get('#secLeadUserName').type(\"AUTO-SL\" + Date.now());\ncy.get('#secLeadEmail').type(tenantId + '@fod.auto');\ncy.get('#secLeadFirstName').type('AUTO-SL1');\ncy.get('#secLeadLastName').type('AUTO-SL1');\ncy.get('[data-action=\"next\"]').click();\ncy.eyesCheckWindow('Tenant Entitlement info');\ncy.get('#tenantName').type(tenantId);\ncy.get('#tenantCode').type(tenantId);\ncy.get('#addressStreet1').type('5555 Windward Pkwy\"');\ncy.get('#addressCity').type('Alpharetta');\ncy.get('#addressCountry').select('Uganda');\ncy.get('#timeZone').select('(UTC) Coordinated Universal Time');\ncy.get('[data-action=\"next\"]').click();\ncy.eyesCheckWindow('Tenant Details');\ncy.get('#entitlementPaymentType').select('Other');\ncy.get('[data-action=\"next\"]').click();\ncy.get('#industryType').select('Information Technology');\ncy.get('[data-action=\"next\"]').click();\ncy.eyesCheckWindow('Tenants Summary');",
              "err": {
                "message": "CypressError: Timed out after waiting '25000ms' for your remote page to load.\n\nYour page did not fire its 'load' event within '25000ms'.\n\nYou can try increasing the 'pageLoadTimeout' value in 'cypress.json' to wait longer.\n\nBrowsers will not fire the 'load' event until all stylesheets and scripts are done downloading.\n\nWhen this 'load' event occurs, Cypress will continue running commands.",
                "estack": "CypressError: Timed out after waiting '25000ms' for your remote page to load.\n\nYour page did not fire its 'load' event within '25000ms'.\n\nYou can try increasing the 'pageLoadTimeout' value in 'cypress.json' to wait longer.\n\nBrowsers will not fire the 'load' event until all stylesheets and scripts are done downloading.\n\nWhen this 'load' event occurs, Cypress will continue running commands.\n    at Object.cypressErr (http://localhost:5354/__cypress/runner/cypress_runner.js:102176:11)\n    at Object.throwErr (http://localhost:5354/__cypress/runner/cypress_runner.js:102128:18)\n    at Object.throwErrByPath (http://localhost:5354/__cypress/runner/cypress_runner.js:102163:17)\n    at timedOutWaitingForPageLoad (http://localhost:5354/__cypress/runner/cypress_runner.js:86578:17)\n    at http://localhost:5354/__cypress/runner/cypress_runner.js:87361:16\n    at tryCatcher (http://localhost:5354/__cypress/runner/cypress_runner.js:136088:23)\n    at http://localhost:5354/__cypress/runner/cypress_runner.js:131229:41\n    at tryCatcher (http://localhost:5354/__cypress/runner/cypress_runner.js:136088:23)\n    at Promise._settlePromiseFromHandler (http://localhost:5354/__cypress/runner/cypress_runner.js:134024:31)\n    at Promise._settlePromise (http://localhost:5354/__cypress/runner/cypress_runner.js:134081:18)\n    at Promise._settlePromise0 (http://localhost:5354/__cypress/runner/cypress_runner.js:134126:10)\n    at Promise._settlePromises (http://localhost:5354/__cypress/runner/cypress_runner.js:134201:18)\n    at Async../node_modules/bluebird/js/release/async.js.Async._drainQueue (http://localhost:5354/__cypress/runner/cypress_runner.js:130813:16)\n    at Async../node_modules/bluebird/js/release/async.js.Async._drainQueues (http://localhost:5354/__cypress/runner/cypress_runner.js:130823:10)\n    at Async.drainQueues (http://localhost:5354/__cypress/runner/cypress_runner.js:130697:14)",
                "diff": null
              },
              "uuid": "7d86c980-320a-41dc-9057-b5ecbb7aa489",
              "parentUUID": "d2bd0c23-d29d-4cec-a418-8e2e6810cc12",
              "isHook": false,
              "skipped": false
            }
          ],
          "suites": [],
          "passes": [],
          "failures": [
            "7d86c980-320a-41dc-9057-b5ecbb7aa489"
          ],
          "pending": [],
          "skipped": [],
          "duration": 27165,
          "root": false,
          "rootEmpty": false,
          "_timeout": 2000
        }
      ],
      "passes": [],
      "failures": [],
      "pending": [],
      "skipped": [],
      "duration": 0,
      "root": true,
      "rootEmpty": true,
      "_timeout": 2000
    }
  ],
  "meta": {
    "mocha": {
      "version": "5.2.0"
    },
    "mochawesome": {
      "options": {
        "quiet": false,
        "reportFilename": "mochawesome",
        "saveHtml": false,
        "saveJson": true,
        "consoleReporter": "spec",
        "useInlineDiffs": false
      },
      "version": "4.1.0"
    },
    "marge": {
      "options": {
        "id": "default",
        "reportDir": "cypress/reports/mocha",
        "quite": true,
        "overwrite": false,
        "html": false,
        "json": true,
        "timestamp": "mmddyyyy_HHMMss"
      },
      "version": "4.1.0"
    }
  }
}