{
  "stats": {
    "suites": 1,
    "tests": 2,
    "passes": 0,
    "pending": 0,
    "failures": 2,
    "start": "2020-02-19T16:23:44.588Z",
    "end": "2020-02-19T16:24:42.260Z",
    "duration": 57672,
    "testsRegistered": 2,
    "passPercent": 0,
    "pendingPercent": 0,
    "other": 1,
    "hasOther": true,
    "skipped": 0,
    "hasSkipped": false
  },
  "results": [
    {
      "uuid": "7c8c103f-e98a-4231-8cb8-c389853b9a3e",
      "title": "",
      "fullFile": "cypress\\integration\\FoD\\ApplicationsPageTestPoc.spec.js",
      "file": "cypress\\integration\\FoD\\ApplicationsPageTestPoc.spec.js",
      "beforeHooks": [],
      "afterHooks": [],
      "tests": [],
      "suites": [
        {
          "uuid": "44c69805-9b81-4a32-a5fb-e8d3cc1d48eb",
          "title": "Verify application page",
          "fullFile": "",
          "file": "",
          "beforeHooks": [],
          "afterHooks": [],
          "tests": [
            {
              "title": "Verify tenant land on application after login to the site",
              "fullTitle": "Verify application page Verify tenant land on application after login to the site",
              "timedOut": null,
              "duration": 25384,
              "state": "failed",
              "speed": null,
              "pass": false,
              "fail": true,
              "pending": false,
              "context": "\"assets/FoD\\\\ApplicationsPageTestPoc.spec.js/Verify application page--Verify tenant land on application after login to the site(failed).png\"",
              "code": "cy.visit(Cypress.env(\"tenantSite\"));\ncy.loginTenant();\ncy.url().should('include', 'Applications');\ncy.screenshot();\ncy.get('#main').should('exist');\ncy.get('#nav-collapse > :nth-child(1) > .active > a').should('contain', 'Applications').and('have.attr', 'href');\ncy.get('.section').should('contain', 'Your Applications');",
              "err": {
                "message": "CypressError: Timed out after waiting '25000ms' for your remote page to load.\n\nYour page did not fire its 'load' event within '25000ms'.\n\nYou can try increasing the 'pageLoadTimeout' value in 'cypress.json' to wait longer.\n\nBrowsers will not fire the 'load' event until all stylesheets and scripts are done downloading.\n\nWhen this 'load' event occurs, Cypress will continue running commands.",
                "estack": "CypressError: Timed out after waiting '25000ms' for your remote page to load.\n\nYour page did not fire its 'load' event within '25000ms'.\n\nYou can try increasing the 'pageLoadTimeout' value in 'cypress.json' to wait longer.\n\nBrowsers will not fire the 'load' event until all stylesheets and scripts are done downloading.\n\nWhen this 'load' event occurs, Cypress will continue running commands.\n    at Object.cypressErr (http://localhost:5354/__cypress/runner/cypress_runner.js:102176:11)\n    at Object.throwErr (http://localhost:5354/__cypress/runner/cypress_runner.js:102128:18)\n    at Object.throwErrByPath (http://localhost:5354/__cypress/runner/cypress_runner.js:102163:17)\n    at timedOutWaitingForPageLoad (http://localhost:5354/__cypress/runner/cypress_runner.js:86578:17)\n    at http://localhost:5354/__cypress/runner/cypress_runner.js:87361:16\n    at tryCatcher (http://localhost:5354/__cypress/runner/cypress_runner.js:136088:23)\n    at http://localhost:5354/__cypress/runner/cypress_runner.js:131229:41\n    at tryCatcher (http://localhost:5354/__cypress/runner/cypress_runner.js:136088:23)\n    at Promise._settlePromiseFromHandler (http://localhost:5354/__cypress/runner/cypress_runner.js:134024:31)\n    at Promise._settlePromise (http://localhost:5354/__cypress/runner/cypress_runner.js:134081:18)\n    at Promise._settlePromise0 (http://localhost:5354/__cypress/runner/cypress_runner.js:134126:10)\n    at Promise._settlePromises (http://localhost:5354/__cypress/runner/cypress_runner.js:134201:18)\n    at Async../node_modules/bluebird/js/release/async.js.Async._drainQueue (http://localhost:5354/__cypress/runner/cypress_runner.js:130813:16)\n    at Async../node_modules/bluebird/js/release/async.js.Async._drainQueues (http://localhost:5354/__cypress/runner/cypress_runner.js:130823:10)\n    at Async.drainQueues (http://localhost:5354/__cypress/runner/cypress_runner.js:130697:14)",
                "diff": null
              },
              "uuid": "0cc96208-c918-4169-a3b9-ca2e49082293",
              "parentUUID": "44c69805-9b81-4a32-a5fb-e8d3cc1d48eb",
              "isHook": false,
              "skipped": false
            },
            {
              "title": "Verify side navigation tabs displayed and verify mouseover ",
              "fullTitle": "Verify application page Verify side navigation tabs displayed and verify mouseover ",
              "timedOut": null,
              "duration": 568,
              "state": "failed",
              "speed": null,
              "pass": false,
              "fail": true,
              "pending": false,
              "context": "\"assets/FoD\\\\ApplicationsPageTestPoc.spec.js/Verify application page--Verify side navigation tabs displayed and verify mouseover (failed).png\"",
              "code": "cy.get('#side-nav').should('exist').and('be.visible').screenshot();\ncy.get('#side-nav > ul > li:nth-child(2)').invoke('trigger', 'mouseover', 'text').then(function (text) {\n  var tooltip = text;\n  expect(tooltip).to.contain('Your Applications');\n});\ncy.get('#side-nav > ul > li:nth-child(3)').invoke('trigger', 'mouseover', 'text').then(function (text) {\n  var tooltip = text;\n  expect(tooltip).to.contain('Your Releases');\n});\ncy.get('#side-nav > ul > li:nth-child(4)').invoke('trigger', 'mouseover', 'text').then(function (text) {\n  var tooltip = text;\n  expect(tooltip).to.contain('Your Scans');\n});\ncy.get('#side-nav > ul > li:nth-child(5)').invoke('trigger', 'mouseover', 'text').then(function (text) {\n  var tooltip = text;\n  expect(tooltip).to.contain('Open Source Components');\n}); //await generator.create(jsonReport)",
              "err": {
                "message": "CypressError: cy.click() failed because it requires a DOM element.\n\nThe subject received was:\n\n  > undefined\n\nThe previous command that ran was:\n\n  > cy.get()\n\nBecause this error occurred during a 'after all' hook we are skipping the remaining tests in the current suite: 'Verify application page'",
                "estack": "CypressError: cy.click() failed because it requires a DOM element.\n\nThe subject received was:\n\n  > undefined\n\nThe previous command that ran was:\n\n  > cy.get()\n\nBecause this error occurred during a 'after all' hook we are skipping the remaining tests in the current suite: 'Verify application page'\n    at Object.cypressErr (http://localhost:5354/__cypress/runner/cypress_runner.js:102176:11)\n    at Object.throwErr (http://localhost:5354/__cypress/runner/cypress_runner.js:102128:18)\n    at Object.throwErrByPath (http://localhost:5354/__cypress/runner/cypress_runner.js:102163:17)\n    at ensureElement (http://localhost:5354/__cypress/runner/cypress_runner.js:90179:21)\n    at validateType (http://localhost:5354/__cypress/runner/cypress_runner.js:90051:16)\n    at Object.ensureSubjectByType (http://localhost:5354/__cypress/runner/cypress_runner.js:90079:9)\n    at pushSubjectAndValidate (http://localhost:5354/__cypress/runner/cypress_runner.js:97139:15)\n    at Context.<anonymous> (http://localhost:5354/__cypress/runner/cypress_runner.js:97427:18)\n    at http://localhost:5354/__cypress/runner/cypress_runner.js:96904:33\n    at tryCatcher (http://localhost:5354/__cypress/runner/cypress_runner.js:136088:23)\n    at Promise._settlePromiseFromHandler (http://localhost:5354/__cypress/runner/cypress_runner.js:134024:31)\n    at Promise._settlePromise (http://localhost:5354/__cypress/runner/cypress_runner.js:134081:18)\n    at Promise._settlePromiseCtx (http://localhost:5354/__cypress/runner/cypress_runner.js:134118:10)\n    at Async../node_modules/bluebird/js/release/async.js.Async._drainQueue (http://localhost:5354/__cypress/runner/cypress_runner.js:130818:12)\n    at Async../node_modules/bluebird/js/release/async.js.Async._drainQueues (http://localhost:5354/__cypress/runner/cypress_runner.js:130823:10)\n    at Async.drainQueues (http://localhost:5354/__cypress/runner/cypress_runner.js:130697:14)",
                "diff": null
              },
              "uuid": "c05a12bc-2e8b-49e2-86a0-a8b2044e0abe",
              "parentUUID": "44c69805-9b81-4a32-a5fb-e8d3cc1d48eb",
              "isHook": false,
              "skipped": false
            }
          ],
          "suites": [],
          "passes": [],
          "failures": [
            "0cc96208-c918-4169-a3b9-ca2e49082293",
            "c05a12bc-2e8b-49e2-86a0-a8b2044e0abe"
          ],
          "pending": [],
          "skipped": [],
          "duration": 25952,
          "root": false,
          "rootEmpty": false,
          "_timeout": 2000
        }
      ],
      "passes": [],
      "failures": [],
      "pending": [],
      "skipped": [],
      "duration": 0,
      "root": true,
      "rootEmpty": true,
      "_timeout": 2000
    }
  ],
  "meta": {
    "mocha": {
      "version": "5.2.0"
    },
    "mochawesome": {
      "options": {
        "quiet": false,
        "reportFilename": "mochawesome",
        "saveHtml": false,
        "saveJson": true,
        "consoleReporter": "spec",
        "useInlineDiffs": false
      },
      "version": "4.1.0"
    },
    "marge": {
      "options": {
        "id": "default",
        "reportDir": "cypress/reports/mocha",
        "quite": true,
        "overwrite": false,
        "html": false,
        "json": true,
        "timestamp": "mmddyyyy_HHMMss"
      },
      "version": "4.1.0"
    }
  }
}