{
  "stats": {
    "suites": 1,
    "tests": 1,
    "passes": 0,
    "pending": 0,
    "failures": 1,
    "start": "2020-02-19T16:26:20.762Z",
    "end": "2020-02-19T16:26:50.027Z",
    "duration": 29265,
    "testsRegistered": 1,
    "passPercent": 0,
    "pendingPercent": 0,
    "other": 0,
    "hasOther": false,
    "skipped": 0,
    "hasSkipped": false
  },
  "results": [
    {
      "uuid": "b186cb76-7bcf-4b28-a310-c2a90ec2648d",
      "title": "",
      "fullFile": "cypress\\integration\\FoD\\FileUploadTest.spec.js",
      "file": "cypress\\integration\\FoD\\FileUploadTest.spec.js",
      "beforeHooks": [],
      "afterHooks": [],
      "tests": [],
      "suites": [
        {
          "uuid": "4d3bbc7f-be49-48d1-afb6-2a8b00453bf6",
          "title": "File upload test",
          "fullFile": "",
          "file": "",
          "beforeHooks": [],
          "afterHooks": [],
          "tests": [
            {
              "title": "login to Fod site as a tenant",
              "fullTitle": "File upload test login to Fod site as a tenant",
              "timedOut": null,
              "duration": 25398,
              "state": "failed",
              "speed": null,
              "pass": false,
              "fail": true,
              "pending": false,
              "context": "\"assets/FoD\\\\FileUploadTest.spec.js/File upload test--login to Fod site as a tenant(failed).png\"",
              "code": "cy.visit(Cypress.env(\"tenantSite\"));\ncy.get('#loginEmail').type('AUTO-TAM');\ncy.get('#loginPassword').type('Spi!pass007^');\ncy.get('#loginTenantID').type('tenantid');\ncy.get('#btnLogin').click();\ncy.get('input[type=submit][value=OK]').click();\ncy.get('[data-application-id=\"6\"] > :nth-child(1) > h4 > a').click();\ncy.get(':nth-child(4) > .nav-tab > :nth-child(1) > .nav-tab-icon > .ff').click();\ncy.get('[data-release-id=\"6\"][data-scan-id=\"9\"] > :nth-child(1) > a').click();\ncy.get(':nth-child(4) > .nav-tab > :nth-child(1) > .nav-tab-icon > .ff').click();\ncy.get('.section-right > .dropdown > .btn').click();\ncy.get('.section-right > .dropdown > .dropdown-menu > :nth-child(1) > a').click();\ncy.get(\"#fprscanUploadBrowse\").click(); // const fileName = 'upload.pdf';\n// cy.fixture(fileName).then(fileContent => {\n//     cy.get('.section-right > .dropdown > .btn').uploadFile({ fileContent, fileName, mimeType: 'application/pdf' }, { subjectType: 'input-group-btn' });\n// });\ncy.get(\"#fprscanUploadBrowse\").click({\n  force: true\n});\ncy.uploadFile('static.java.fpr', '#fprscanUploadBrowse > input[type=file]', 'application/fpr');\ncy.get('#fprscanUpload').click(); // const fileName = 'static.java.fpr';\n// cy.fixture(fileName).then(fileContent => {\n//     cy.get('#fprscanUploadBrowse > input[type=file]').upload({ fileContent, fileName, mimeType: 'application/fpr' });\n// });\n// cy.fixture('static.java.fpr', 'hex').then((excelHex) => {\n//     const excelBytes = hexStringToByte(excelHex);\n//     //create a File object\n//     const file = new File([excelBytes], 'static.java.fpr', {\n//         type: 'application/fpr'\n//     });\n//     //and make the drop\n//     cy.get('#fprscanUploadBrowse > input[type=file]').trigger('drop', {\n//         dataTransfer: {\n//             files: [file],\n//         },\n//     });\n// });\n// const selector = '#fprscanUploadFileName'\n// const fixturePath = 'static.java.fpr' // fixtures/dummy.pdf\n// const type = 'application/fpr' // image/png, etc (content_type)\n// cy.get(selector).then(subject => cy.window().then(win => cy\n//   .fixture(fixturePath, 'base64')\n//   .then(Cypress.Blob.base64StringToBlob)\n//   .then((blob) => {\n//     const el = subject[0]\n//     const testFile = new win.File([blob], name, { type })\n//     const dataTransfer = new win.DataTransfer()\n//     dataTransfer.items.add(testFile)\n//     el.files = dataTransfer.files\n//     cy.wrap(subject).trigger('change', { force: true })\n//   })))",
              "err": {
                "message": "CypressError: Timed out after waiting '25000ms' for your remote page to load.\n\nYour page did not fire its 'load' event within '25000ms'.\n\nYou can try increasing the 'pageLoadTimeout' value in 'cypress.json' to wait longer.\n\nBrowsers will not fire the 'load' event until all stylesheets and scripts are done downloading.\n\nWhen this 'load' event occurs, Cypress will continue running commands.",
                "estack": "CypressError: Timed out after waiting '25000ms' for your remote page to load.\n\nYour page did not fire its 'load' event within '25000ms'.\n\nYou can try increasing the 'pageLoadTimeout' value in 'cypress.json' to wait longer.\n\nBrowsers will not fire the 'load' event until all stylesheets and scripts are done downloading.\n\nWhen this 'load' event occurs, Cypress will continue running commands.\n    at Object.cypressErr (http://localhost:5354/__cypress/runner/cypress_runner.js:102176:11)\n    at Object.throwErr (http://localhost:5354/__cypress/runner/cypress_runner.js:102128:18)\n    at Object.throwErrByPath (http://localhost:5354/__cypress/runner/cypress_runner.js:102163:17)\n    at timedOutWaitingForPageLoad (http://localhost:5354/__cypress/runner/cypress_runner.js:86578:17)\n    at http://localhost:5354/__cypress/runner/cypress_runner.js:87361:16\n    at tryCatcher (http://localhost:5354/__cypress/runner/cypress_runner.js:136088:23)\n    at http://localhost:5354/__cypress/runner/cypress_runner.js:131229:41\n    at tryCatcher (http://localhost:5354/__cypress/runner/cypress_runner.js:136088:23)\n    at Promise._settlePromiseFromHandler (http://localhost:5354/__cypress/runner/cypress_runner.js:134024:31)\n    at Promise._settlePromise (http://localhost:5354/__cypress/runner/cypress_runner.js:134081:18)\n    at Promise._settlePromise0 (http://localhost:5354/__cypress/runner/cypress_runner.js:134126:10)\n    at Promise._settlePromises (http://localhost:5354/__cypress/runner/cypress_runner.js:134201:18)\n    at Async../node_modules/bluebird/js/release/async.js.Async._drainQueue (http://localhost:5354/__cypress/runner/cypress_runner.js:130813:16)\n    at Async../node_modules/bluebird/js/release/async.js.Async._drainQueues (http://localhost:5354/__cypress/runner/cypress_runner.js:130823:10)\n    at Async.drainQueues (http://localhost:5354/__cypress/runner/cypress_runner.js:130697:14)",
                "diff": null
              },
              "uuid": "6b31f909-caa3-4901-9bb6-d5b90a546895",
              "parentUUID": "4d3bbc7f-be49-48d1-afb6-2a8b00453bf6",
              "isHook": false,
              "skipped": false
            }
          ],
          "suites": [],
          "passes": [],
          "failures": [
            "6b31f909-caa3-4901-9bb6-d5b90a546895"
          ],
          "pending": [],
          "skipped": [],
          "duration": 25398,
          "root": false,
          "rootEmpty": false,
          "_timeout": 2000
        }
      ],
      "passes": [],
      "failures": [],
      "pending": [],
      "skipped": [],
      "duration": 0,
      "root": true,
      "rootEmpty": true,
      "_timeout": 2000
    }
  ],
  "meta": {
    "mocha": {
      "version": "5.2.0"
    },
    "mochawesome": {
      "options": {
        "quiet": false,
        "reportFilename": "mochawesome",
        "saveHtml": false,
        "saveJson": true,
        "consoleReporter": "spec",
        "useInlineDiffs": false
      },
      "version": "4.1.0"
    },
    "marge": {
      "options": {
        "id": "default",
        "reportDir": "cypress/reports/mocha",
        "quite": true,
        "overwrite": false,
        "html": false,
        "json": true,
        "timestamp": "mmddyyyy_HHMMss"
      },
      "version": "4.1.0"
    }
  }
}