{
  "stats": {
    "suites": 1,
    "tests": 10,
    "passes": 0,
    "pending": 0,
    "failures": 10,
    "start": "2020-02-19T16:43:49.041Z",
    "end": "2020-02-19T16:44:19.208Z",
    "duration": 30167,
    "testsRegistered": 10,
    "passPercent": 0,
    "pendingPercent": 0,
    "other": 0,
    "hasOther": false,
    "skipped": 0,
    "hasSkipped": false
  },
  "results": [
    {
      "uuid": "df3a1716-300e-4777-b639-b0018e3f3f7f",
      "title": "",
      "fullFile": "cypress\\integration\\FoD\\TestString.spec.js",
      "file": "cypress\\integration\\FoD\\TestString.spec.js",
      "beforeHooks": [],
      "afterHooks": [],
      "tests": [],
      "suites": [
        {
          "uuid": "864c7b82-82d6-4c3d-8b9b-07301c5799e0",
          "title": "test123",
          "fullFile": "",
          "file": "",
          "beforeHooks": [],
          "afterHooks": [],
          "tests": [
            {
              "title": "num 1 - test the thing conditionally",
              "fullTitle": "test123 num 1 - test the thing conditionally",
              "timedOut": null,
              "duration": 686,
              "state": "failed",
              "speed": null,
              "pass": false,
              "fail": true,
              "pending": false,
              "context": "\"assets/FoD\\\\TestString.spec.js/test123--num 1 - test the thing conditionally(failed).png\"",
              "code": "cy.reload(i);\ncy.log(number);",
              "err": {
                "message": "CypressError: cy.reload() can only accept a boolean or options as its arguments.",
                "estack": "CypressError: cy.reload() can only accept a boolean or options as its arguments.\n    at Object.cypressErr (http://localhost:5354/__cypress/runner/cypress_runner.js:102176:11)\n    at Object.throwErr (http://localhost:5354/__cypress/runner/cypress_runner.js:102128:18)\n    at Object.throwErrByPath (http://localhost:5354/__cypress/runner/cypress_runner.js:102163:17)\n    at throwArgsErr (http://localhost:5354/__cypress/runner/cypress_runner.js:86878:23)\n    at http://localhost:5354/__cypress/runner/cypress_runner.js:86915:13\n    at Promise.cancellationExecute [as _execute] (http://localhost:5354/__cypress/runner/cypress_runner.js:131660:9)\n    at Promise._resolveFromExecutor (http://localhost:5354/__cypress/runner/cypress_runner.js:133995:18)\n    at new Promise (http://localhost:5354/__cypress/runner/cypress_runner.js:133591:10)\n    at reload (http://localhost:5354/__cypress/runner/cypress_runner.js:86903:16)\n    at Context.reload (http://localhost:5354/__cypress/runner/cypress_runner.js:86935:14)\n    at http://localhost:5354/__cypress/runner/cypress_runner.js:96904:33\n    at tryCatcher (http://localhost:5354/__cypress/runner/cypress_runner.js:136088:23)\n    at Promise._settlePromiseFromHandler (http://localhost:5354/__cypress/runner/cypress_runner.js:134024:31)\n    at Promise._settlePromise (http://localhost:5354/__cypress/runner/cypress_runner.js:134081:18)\n    at Promise._settlePromiseCtx (http://localhost:5354/__cypress/runner/cypress_runner.js:134118:10)\n    at Async../node_modules/bluebird/js/release/async.js.Async._drainQueue (http://localhost:5354/__cypress/runner/cypress_runner.js:130818:12)",
                "diff": null
              },
              "uuid": "33767657-3353-4268-a46b-6432f5bdd9c0",
              "parentUUID": "864c7b82-82d6-4c3d-8b9b-07301c5799e0",
              "isHook": false,
              "skipped": false
            },
            {
              "title": "num 2 - test the thing conditionally",
              "fullTitle": "test123 num 2 - test the thing conditionally",
              "timedOut": null,
              "duration": 298,
              "state": "failed",
              "speed": null,
              "pass": false,
              "fail": true,
              "pending": false,
              "context": "\"assets/FoD\\\\TestString.spec.js/test123--num 2 - test the thing conditionally(failed).png\"",
              "code": "cy.reload(i);\ncy.log(number);",
              "err": {
                "message": "CypressError: cy.reload() can only accept a boolean or options as its arguments.",
                "estack": "CypressError: cy.reload() can only accept a boolean or options as its arguments.\n    at Object.cypressErr (http://localhost:5354/__cypress/runner/cypress_runner.js:102176:11)\n    at Object.throwErr (http://localhost:5354/__cypress/runner/cypress_runner.js:102128:18)\n    at Object.throwErrByPath (http://localhost:5354/__cypress/runner/cypress_runner.js:102163:17)\n    at throwArgsErr (http://localhost:5354/__cypress/runner/cypress_runner.js:86878:23)\n    at http://localhost:5354/__cypress/runner/cypress_runner.js:86915:13\n    at Promise.cancellationExecute [as _execute] (http://localhost:5354/__cypress/runner/cypress_runner.js:131660:9)\n    at Promise._resolveFromExecutor (http://localhost:5354/__cypress/runner/cypress_runner.js:133995:18)\n    at new Promise (http://localhost:5354/__cypress/runner/cypress_runner.js:133591:10)\n    at reload (http://localhost:5354/__cypress/runner/cypress_runner.js:86903:16)\n    at Context.reload (http://localhost:5354/__cypress/runner/cypress_runner.js:86935:14)\n    at http://localhost:5354/__cypress/runner/cypress_runner.js:96904:33\n    at tryCatcher (http://localhost:5354/__cypress/runner/cypress_runner.js:136088:23)\n    at Promise._settlePromiseFromHandler (http://localhost:5354/__cypress/runner/cypress_runner.js:134024:31)\n    at Promise._settlePromise (http://localhost:5354/__cypress/runner/cypress_runner.js:134081:18)\n    at Promise._settlePromiseCtx (http://localhost:5354/__cypress/runner/cypress_runner.js:134118:10)\n    at Async../node_modules/bluebird/js/release/async.js.Async._drainQueue (http://localhost:5354/__cypress/runner/cypress_runner.js:130818:12)",
                "diff": null
              },
              "uuid": "0dd6e87a-a958-45ca-b584-c87fc89b97e1",
              "parentUUID": "864c7b82-82d6-4c3d-8b9b-07301c5799e0",
              "isHook": false,
              "skipped": false
            },
            {
              "title": "num 3 - test the thing conditionally",
              "fullTitle": "test123 num 3 - test the thing conditionally",
              "timedOut": null,
              "duration": 295,
              "state": "failed",
              "speed": null,
              "pass": false,
              "fail": true,
              "pending": false,
              "context": "\"assets/FoD\\\\TestString.spec.js/test123--num 3 - test the thing conditionally(failed).png\"",
              "code": "cy.reload(i);\ncy.log(number);",
              "err": {
                "message": "CypressError: cy.reload() can only accept a boolean or options as its arguments.",
                "estack": "CypressError: cy.reload() can only accept a boolean or options as its arguments.\n    at Object.cypressErr (http://localhost:5354/__cypress/runner/cypress_runner.js:102176:11)\n    at Object.throwErr (http://localhost:5354/__cypress/runner/cypress_runner.js:102128:18)\n    at Object.throwErrByPath (http://localhost:5354/__cypress/runner/cypress_runner.js:102163:17)\n    at throwArgsErr (http://localhost:5354/__cypress/runner/cypress_runner.js:86878:23)\n    at http://localhost:5354/__cypress/runner/cypress_runner.js:86915:13\n    at Promise.cancellationExecute [as _execute] (http://localhost:5354/__cypress/runner/cypress_runner.js:131660:9)\n    at Promise._resolveFromExecutor (http://localhost:5354/__cypress/runner/cypress_runner.js:133995:18)\n    at new Promise (http://localhost:5354/__cypress/runner/cypress_runner.js:133591:10)\n    at reload (http://localhost:5354/__cypress/runner/cypress_runner.js:86903:16)\n    at Context.reload (http://localhost:5354/__cypress/runner/cypress_runner.js:86935:14)\n    at http://localhost:5354/__cypress/runner/cypress_runner.js:96904:33\n    at tryCatcher (http://localhost:5354/__cypress/runner/cypress_runner.js:136088:23)\n    at Promise._settlePromiseFromHandler (http://localhost:5354/__cypress/runner/cypress_runner.js:134024:31)\n    at Promise._settlePromise (http://localhost:5354/__cypress/runner/cypress_runner.js:134081:18)\n    at Promise._settlePromiseCtx (http://localhost:5354/__cypress/runner/cypress_runner.js:134118:10)\n    at Async../node_modules/bluebird/js/release/async.js.Async._drainQueue (http://localhost:5354/__cypress/runner/cypress_runner.js:130818:12)",
                "diff": null
              },
              "uuid": "a11c5c47-a0a3-4827-89f3-7d7b9264d091",
              "parentUUID": "864c7b82-82d6-4c3d-8b9b-07301c5799e0",
              "isHook": false,
              "skipped": false
            },
            {
              "title": "num 4 - test the thing conditionally",
              "fullTitle": "test123 num 4 - test the thing conditionally",
              "timedOut": null,
              "duration": 313,
              "state": "failed",
              "speed": null,
              "pass": false,
              "fail": true,
              "pending": false,
              "context": "\"assets/FoD\\\\TestString.spec.js/test123--num 4 - test the thing conditionally(failed).png\"",
              "code": "cy.reload(i);\ncy.log(number);",
              "err": {
                "message": "CypressError: cy.reload() can only accept a boolean or options as its arguments.",
                "estack": "CypressError: cy.reload() can only accept a boolean or options as its arguments.\n    at Object.cypressErr (http://localhost:5354/__cypress/runner/cypress_runner.js:102176:11)\n    at Object.throwErr (http://localhost:5354/__cypress/runner/cypress_runner.js:102128:18)\n    at Object.throwErrByPath (http://localhost:5354/__cypress/runner/cypress_runner.js:102163:17)\n    at throwArgsErr (http://localhost:5354/__cypress/runner/cypress_runner.js:86878:23)\n    at http://localhost:5354/__cypress/runner/cypress_runner.js:86915:13\n    at Promise.cancellationExecute [as _execute] (http://localhost:5354/__cypress/runner/cypress_runner.js:131660:9)\n    at Promise._resolveFromExecutor (http://localhost:5354/__cypress/runner/cypress_runner.js:133995:18)\n    at new Promise (http://localhost:5354/__cypress/runner/cypress_runner.js:133591:10)\n    at reload (http://localhost:5354/__cypress/runner/cypress_runner.js:86903:16)\n    at Context.reload (http://localhost:5354/__cypress/runner/cypress_runner.js:86935:14)\n    at http://localhost:5354/__cypress/runner/cypress_runner.js:96904:33\n    at tryCatcher (http://localhost:5354/__cypress/runner/cypress_runner.js:136088:23)\n    at Promise._settlePromiseFromHandler (http://localhost:5354/__cypress/runner/cypress_runner.js:134024:31)\n    at Promise._settlePromise (http://localhost:5354/__cypress/runner/cypress_runner.js:134081:18)\n    at Promise._settlePromiseCtx (http://localhost:5354/__cypress/runner/cypress_runner.js:134118:10)\n    at Async../node_modules/bluebird/js/release/async.js.Async._drainQueue (http://localhost:5354/__cypress/runner/cypress_runner.js:130818:12)",
                "diff": null
              },
              "uuid": "0c2e4f37-a1d8-43b2-8ed4-813d5fff9c7b",
              "parentUUID": "864c7b82-82d6-4c3d-8b9b-07301c5799e0",
              "isHook": false,
              "skipped": false
            },
            {
              "title": "num 5 - test the thing conditionally",
              "fullTitle": "test123 num 5 - test the thing conditionally",
              "timedOut": null,
              "duration": 332,
              "state": "failed",
              "speed": null,
              "pass": false,
              "fail": true,
              "pending": false,
              "context": "\"assets/FoD\\\\TestString.spec.js/test123--num 5 - test the thing conditionally(failed).png\"",
              "code": "cy.reload(i);\ncy.log(number);",
              "err": {
                "message": "CypressError: cy.reload() can only accept a boolean or options as its arguments.",
                "estack": "CypressError: cy.reload() can only accept a boolean or options as its arguments.\n    at Object.cypressErr (http://localhost:5354/__cypress/runner/cypress_runner.js:102176:11)\n    at Object.throwErr (http://localhost:5354/__cypress/runner/cypress_runner.js:102128:18)\n    at Object.throwErrByPath (http://localhost:5354/__cypress/runner/cypress_runner.js:102163:17)\n    at throwArgsErr (http://localhost:5354/__cypress/runner/cypress_runner.js:86878:23)\n    at http://localhost:5354/__cypress/runner/cypress_runner.js:86915:13\n    at Promise.cancellationExecute [as _execute] (http://localhost:5354/__cypress/runner/cypress_runner.js:131660:9)\n    at Promise._resolveFromExecutor (http://localhost:5354/__cypress/runner/cypress_runner.js:133995:18)\n    at new Promise (http://localhost:5354/__cypress/runner/cypress_runner.js:133591:10)\n    at reload (http://localhost:5354/__cypress/runner/cypress_runner.js:86903:16)\n    at Context.reload (http://localhost:5354/__cypress/runner/cypress_runner.js:86935:14)\n    at http://localhost:5354/__cypress/runner/cypress_runner.js:96904:33\n    at tryCatcher (http://localhost:5354/__cypress/runner/cypress_runner.js:136088:23)\n    at Promise._settlePromiseFromHandler (http://localhost:5354/__cypress/runner/cypress_runner.js:134024:31)\n    at Promise._settlePromise (http://localhost:5354/__cypress/runner/cypress_runner.js:134081:18)\n    at Promise._settlePromiseCtx (http://localhost:5354/__cypress/runner/cypress_runner.js:134118:10)\n    at Async../node_modules/bluebird/js/release/async.js.Async._drainQueue (http://localhost:5354/__cypress/runner/cypress_runner.js:130818:12)",
                "diff": null
              },
              "uuid": "9afcb72f-94bb-46da-a56c-cdd98ddb2cff",
              "parentUUID": "864c7b82-82d6-4c3d-8b9b-07301c5799e0",
              "isHook": false,
              "skipped": false
            },
            {
              "title": "num 6 - test the thing conditionally",
              "fullTitle": "test123 num 6 - test the thing conditionally",
              "timedOut": null,
              "duration": 335,
              "state": "failed",
              "speed": null,
              "pass": false,
              "fail": true,
              "pending": false,
              "context": "\"assets/FoD\\\\TestString.spec.js/test123--num 6 - test the thing conditionally(failed).png\"",
              "code": "cy.reload(i);\ncy.log(number);",
              "err": {
                "message": "CypressError: cy.reload() can only accept a boolean or options as its arguments.",
                "estack": "CypressError: cy.reload() can only accept a boolean or options as its arguments.\n    at Object.cypressErr (http://localhost:5354/__cypress/runner/cypress_runner.js:102176:11)\n    at Object.throwErr (http://localhost:5354/__cypress/runner/cypress_runner.js:102128:18)\n    at Object.throwErrByPath (http://localhost:5354/__cypress/runner/cypress_runner.js:102163:17)\n    at throwArgsErr (http://localhost:5354/__cypress/runner/cypress_runner.js:86878:23)\n    at http://localhost:5354/__cypress/runner/cypress_runner.js:86915:13\n    at Promise.cancellationExecute [as _execute] (http://localhost:5354/__cypress/runner/cypress_runner.js:131660:9)\n    at Promise._resolveFromExecutor (http://localhost:5354/__cypress/runner/cypress_runner.js:133995:18)\n    at new Promise (http://localhost:5354/__cypress/runner/cypress_runner.js:133591:10)\n    at reload (http://localhost:5354/__cypress/runner/cypress_runner.js:86903:16)\n    at Context.reload (http://localhost:5354/__cypress/runner/cypress_runner.js:86935:14)\n    at http://localhost:5354/__cypress/runner/cypress_runner.js:96904:33\n    at tryCatcher (http://localhost:5354/__cypress/runner/cypress_runner.js:136088:23)\n    at Promise._settlePromiseFromHandler (http://localhost:5354/__cypress/runner/cypress_runner.js:134024:31)\n    at Promise._settlePromise (http://localhost:5354/__cypress/runner/cypress_runner.js:134081:18)\n    at Promise._settlePromiseCtx (http://localhost:5354/__cypress/runner/cypress_runner.js:134118:10)\n    at Async../node_modules/bluebird/js/release/async.js.Async._drainQueue (http://localhost:5354/__cypress/runner/cypress_runner.js:130818:12)",
                "diff": null
              },
              "uuid": "0f9657ac-a968-4511-9b5a-da48769536e4",
              "parentUUID": "864c7b82-82d6-4c3d-8b9b-07301c5799e0",
              "isHook": false,
              "skipped": false
            },
            {
              "title": "num 7 - test the thing conditionally",
              "fullTitle": "test123 num 7 - test the thing conditionally",
              "timedOut": null,
              "duration": 347,
              "state": "failed",
              "speed": null,
              "pass": false,
              "fail": true,
              "pending": false,
              "context": "\"assets/FoD\\\\TestString.spec.js/test123--num 7 - test the thing conditionally(failed).png\"",
              "code": "cy.reload(i);\ncy.log(number);",
              "err": {
                "message": "CypressError: cy.reload() can only accept a boolean or options as its arguments.",
                "estack": "CypressError: cy.reload() can only accept a boolean or options as its arguments.\n    at Object.cypressErr (http://localhost:5354/__cypress/runner/cypress_runner.js:102176:11)\n    at Object.throwErr (http://localhost:5354/__cypress/runner/cypress_runner.js:102128:18)\n    at Object.throwErrByPath (http://localhost:5354/__cypress/runner/cypress_runner.js:102163:17)\n    at throwArgsErr (http://localhost:5354/__cypress/runner/cypress_runner.js:86878:23)\n    at http://localhost:5354/__cypress/runner/cypress_runner.js:86915:13\n    at Promise.cancellationExecute [as _execute] (http://localhost:5354/__cypress/runner/cypress_runner.js:131660:9)\n    at Promise._resolveFromExecutor (http://localhost:5354/__cypress/runner/cypress_runner.js:133995:18)\n    at new Promise (http://localhost:5354/__cypress/runner/cypress_runner.js:133591:10)\n    at reload (http://localhost:5354/__cypress/runner/cypress_runner.js:86903:16)\n    at Context.reload (http://localhost:5354/__cypress/runner/cypress_runner.js:86935:14)\n    at http://localhost:5354/__cypress/runner/cypress_runner.js:96904:33\n    at tryCatcher (http://localhost:5354/__cypress/runner/cypress_runner.js:136088:23)\n    at Promise._settlePromiseFromHandler (http://localhost:5354/__cypress/runner/cypress_runner.js:134024:31)\n    at Promise._settlePromise (http://localhost:5354/__cypress/runner/cypress_runner.js:134081:18)\n    at Promise._settlePromiseCtx (http://localhost:5354/__cypress/runner/cypress_runner.js:134118:10)\n    at Async../node_modules/bluebird/js/release/async.js.Async._drainQueue (http://localhost:5354/__cypress/runner/cypress_runner.js:130818:12)",
                "diff": null
              },
              "uuid": "cb0939a9-3492-4475-a13e-dab3e2f3982b",
              "parentUUID": "864c7b82-82d6-4c3d-8b9b-07301c5799e0",
              "isHook": false,
              "skipped": false
            },
            {
              "title": "num 8 - test the thing conditionally",
              "fullTitle": "test123 num 8 - test the thing conditionally",
              "timedOut": null,
              "duration": 315,
              "state": "failed",
              "speed": null,
              "pass": false,
              "fail": true,
              "pending": false,
              "context": "\"assets/FoD\\\\TestString.spec.js/test123--num 8 - test the thing conditionally(failed).png\"",
              "code": "cy.reload(i);\ncy.log(number);",
              "err": {
                "message": "CypressError: cy.reload() can only accept a boolean or options as its arguments.",
                "estack": "CypressError: cy.reload() can only accept a boolean or options as its arguments.\n    at Object.cypressErr (http://localhost:5354/__cypress/runner/cypress_runner.js:102176:11)\n    at Object.throwErr (http://localhost:5354/__cypress/runner/cypress_runner.js:102128:18)\n    at Object.throwErrByPath (http://localhost:5354/__cypress/runner/cypress_runner.js:102163:17)\n    at throwArgsErr (http://localhost:5354/__cypress/runner/cypress_runner.js:86878:23)\n    at http://localhost:5354/__cypress/runner/cypress_runner.js:86915:13\n    at Promise.cancellationExecute [as _execute] (http://localhost:5354/__cypress/runner/cypress_runner.js:131660:9)\n    at Promise._resolveFromExecutor (http://localhost:5354/__cypress/runner/cypress_runner.js:133995:18)\n    at new Promise (http://localhost:5354/__cypress/runner/cypress_runner.js:133591:10)\n    at reload (http://localhost:5354/__cypress/runner/cypress_runner.js:86903:16)\n    at Context.reload (http://localhost:5354/__cypress/runner/cypress_runner.js:86935:14)\n    at http://localhost:5354/__cypress/runner/cypress_runner.js:96904:33\n    at tryCatcher (http://localhost:5354/__cypress/runner/cypress_runner.js:136088:23)\n    at Promise._settlePromiseFromHandler (http://localhost:5354/__cypress/runner/cypress_runner.js:134024:31)\n    at Promise._settlePromise (http://localhost:5354/__cypress/runner/cypress_runner.js:134081:18)\n    at Promise._settlePromiseCtx (http://localhost:5354/__cypress/runner/cypress_runner.js:134118:10)\n    at Async../node_modules/bluebird/js/release/async.js.Async._drainQueue (http://localhost:5354/__cypress/runner/cypress_runner.js:130818:12)",
                "diff": null
              },
              "uuid": "04362091-8952-4100-8946-bb8d2222c762",
              "parentUUID": "864c7b82-82d6-4c3d-8b9b-07301c5799e0",
              "isHook": false,
              "skipped": false
            },
            {
              "title": "num 9 - test the thing conditionally",
              "fullTitle": "test123 num 9 - test the thing conditionally",
              "timedOut": null,
              "duration": 354,
              "state": "failed",
              "speed": null,
              "pass": false,
              "fail": true,
              "pending": false,
              "context": "\"assets/FoD\\\\TestString.spec.js/test123--num 9 - test the thing conditionally(failed).png\"",
              "code": "cy.reload(i);\ncy.log(number);",
              "err": {
                "message": "CypressError: cy.reload() can only accept a boolean or options as its arguments.",
                "estack": "CypressError: cy.reload() can only accept a boolean or options as its arguments.\n    at Object.cypressErr (http://localhost:5354/__cypress/runner/cypress_runner.js:102176:11)\n    at Object.throwErr (http://localhost:5354/__cypress/runner/cypress_runner.js:102128:18)\n    at Object.throwErrByPath (http://localhost:5354/__cypress/runner/cypress_runner.js:102163:17)\n    at throwArgsErr (http://localhost:5354/__cypress/runner/cypress_runner.js:86878:23)\n    at http://localhost:5354/__cypress/runner/cypress_runner.js:86915:13\n    at Promise.cancellationExecute [as _execute] (http://localhost:5354/__cypress/runner/cypress_runner.js:131660:9)\n    at Promise._resolveFromExecutor (http://localhost:5354/__cypress/runner/cypress_runner.js:133995:18)\n    at new Promise (http://localhost:5354/__cypress/runner/cypress_runner.js:133591:10)\n    at reload (http://localhost:5354/__cypress/runner/cypress_runner.js:86903:16)\n    at Context.reload (http://localhost:5354/__cypress/runner/cypress_runner.js:86935:14)\n    at http://localhost:5354/__cypress/runner/cypress_runner.js:96904:33\n    at tryCatcher (http://localhost:5354/__cypress/runner/cypress_runner.js:136088:23)\n    at Promise._settlePromiseFromHandler (http://localhost:5354/__cypress/runner/cypress_runner.js:134024:31)\n    at Promise._settlePromise (http://localhost:5354/__cypress/runner/cypress_runner.js:134081:18)\n    at Promise._settlePromiseCtx (http://localhost:5354/__cypress/runner/cypress_runner.js:134118:10)\n    at Async../node_modules/bluebird/js/release/async.js.Async._drainQueue (http://localhost:5354/__cypress/runner/cypress_runner.js:130818:12)",
                "diff": null
              },
              "uuid": "ca7ed095-615b-4043-ad16-3336180b64ea",
              "parentUUID": "864c7b82-82d6-4c3d-8b9b-07301c5799e0",
              "isHook": false,
              "skipped": false
            },
            {
              "title": "num 10 - test the thing conditionally",
              "fullTitle": "test123 num 10 - test the thing conditionally",
              "timedOut": null,
              "duration": 353,
              "state": "failed",
              "speed": null,
              "pass": false,
              "fail": true,
              "pending": false,
              "context": "\"assets/FoD\\\\TestString.spec.js/test123--num 10 - test the thing conditionally(failed).png\"",
              "code": "cy.reload(i);\ncy.log(number);",
              "err": {
                "message": "CypressError: cy.reload() can only accept a boolean or options as its arguments.",
                "estack": "CypressError: cy.reload() can only accept a boolean or options as its arguments.\n    at Object.cypressErr (http://localhost:5354/__cypress/runner/cypress_runner.js:102176:11)\n    at Object.throwErr (http://localhost:5354/__cypress/runner/cypress_runner.js:102128:18)\n    at Object.throwErrByPath (http://localhost:5354/__cypress/runner/cypress_runner.js:102163:17)\n    at throwArgsErr (http://localhost:5354/__cypress/runner/cypress_runner.js:86878:23)\n    at http://localhost:5354/__cypress/runner/cypress_runner.js:86915:13\n    at Promise.cancellationExecute [as _execute] (http://localhost:5354/__cypress/runner/cypress_runner.js:131660:9)\n    at Promise._resolveFromExecutor (http://localhost:5354/__cypress/runner/cypress_runner.js:133995:18)\n    at new Promise (http://localhost:5354/__cypress/runner/cypress_runner.js:133591:10)\n    at reload (http://localhost:5354/__cypress/runner/cypress_runner.js:86903:16)\n    at Context.reload (http://localhost:5354/__cypress/runner/cypress_runner.js:86935:14)\n    at http://localhost:5354/__cypress/runner/cypress_runner.js:96904:33\n    at tryCatcher (http://localhost:5354/__cypress/runner/cypress_runner.js:136088:23)\n    at Promise._settlePromiseFromHandler (http://localhost:5354/__cypress/runner/cypress_runner.js:134024:31)\n    at Promise._settlePromise (http://localhost:5354/__cypress/runner/cypress_runner.js:134081:18)\n    at Promise._settlePromiseCtx (http://localhost:5354/__cypress/runner/cypress_runner.js:134118:10)\n    at Async../node_modules/bluebird/js/release/async.js.Async._drainQueue (http://localhost:5354/__cypress/runner/cypress_runner.js:130818:12)",
                "diff": null
              },
              "uuid": "c259751f-1702-4219-88ad-75694d4d070b",
              "parentUUID": "864c7b82-82d6-4c3d-8b9b-07301c5799e0",
              "isHook": false,
              "skipped": false
            }
          ],
          "suites": [],
          "passes": [],
          "failures": [
            "33767657-3353-4268-a46b-6432f5bdd9c0",
            "0dd6e87a-a958-45ca-b584-c87fc89b97e1",
            "a11c5c47-a0a3-4827-89f3-7d7b9264d091",
            "0c2e4f37-a1d8-43b2-8ed4-813d5fff9c7b",
            "9afcb72f-94bb-46da-a56c-cdd98ddb2cff",
            "0f9657ac-a968-4511-9b5a-da48769536e4",
            "cb0939a9-3492-4475-a13e-dab3e2f3982b",
            "04362091-8952-4100-8946-bb8d2222c762",
            "ca7ed095-615b-4043-ad16-3336180b64ea",
            "c259751f-1702-4219-88ad-75694d4d070b"
          ],
          "pending": [],
          "skipped": [],
          "duration": 3628,
          "root": false,
          "rootEmpty": false,
          "_timeout": 2000
        }
      ],
      "passes": [],
      "failures": [],
      "pending": [],
      "skipped": [],
      "duration": 0,
      "root": true,
      "rootEmpty": true,
      "_timeout": 2000
    }
  ],
  "meta": {
    "mocha": {
      "version": "5.2.0"
    },
    "mochawesome": {
      "options": {
        "quiet": false,
        "reportFilename": "mochawesome",
        "saveHtml": false,
        "saveJson": true,
        "consoleReporter": "spec",
        "useInlineDiffs": false
      },
      "version": "4.1.0"
    },
    "marge": {
      "options": {
        "id": "default",
        "reportDir": "cypress/reports/mocha",
        "quite": true,
        "overwrite": false,
        "html": false,
        "json": true,
        "timestamp": "mmddyyyy_HHMMss"
      },
      "version": "4.1.0"
    }
  }
}