{
  "stats": {
    "suites": 1,
    "tests": 1,
    "passes": 0,
    "pending": 0,
    "failures": 1,
    "start": "2020-02-19T16:43:00.965Z",
    "end": "2020-02-19T16:43:30.686Z",
    "duration": 29721,
    "testsRegistered": 1,
    "passPercent": 0,
    "pendingPercent": 0,
    "other": 1,
    "hasOther": true,
    "skipped": 0,
    "hasSkipped": false
  },
  "results": [
    {
      "uuid": "c21bde13-8957-4cf9-9d65-44e37b49ff62",
      "title": "",
      "fullFile": "cypress\\integration\\FoD\\loginToTenantSite.spec.js",
      "file": "cypress\\integration\\FoD\\loginToTenantSite.spec.js",
      "beforeHooks": [],
      "afterHooks": [],
      "tests": [],
      "suites": [
        {
          "uuid": "65c502e0-d4dc-4acf-9929-57a81b0eda5a",
          "title": "Login to tenant site and verify  user land on application page",
          "fullFile": "",
          "file": "",
          "beforeHooks": [],
          "afterHooks": [],
          "tests": [
            {
              "title": "verify tenant user can login and user land on application page",
              "fullTitle": "Login to tenant site and verify  user land on application page verify tenant user can login and user land on application page",
              "timedOut": null,
              "duration": 473,
              "state": "failed",
              "speed": null,
              "pass": false,
              "fail": true,
              "pending": false,
              "context": "\"assets/FoD\\\\loginToTenantSite.spec.js/Login to tenant site and verify  user land on application page--verify tenant user can login and user land on application page(failed).png\"",
              "code": "cy.visit(Cypress.env(\"tenantSite\"));\ncy.loginTenant();\ncy.get('#main').screenshot();\ncy.get('#primary-nav').should('exist').and('be.visible').screenshot();\ncy.url().should('contain', 'Applications');\ncy.get('#nav-collapse > :nth-child(1) > .active > a').should('contain', 'Applications').and('have.attr', 'href');\ncy.get('#nav-collapse > :nth-child(1) > :nth-child(2) > a').should('contain', 'Dashboard').and('have.attr', 'href');\ncy.get('#nav-collapse > :nth-child(1) > :nth-child(3) > a').should('contain', 'Reports').and('have.attr', 'href');\ncy.get('#nav-collapse > :nth-child(1) > :nth-child(4) > a').should('contain', 'Administration').and('have.attr', 'href');\ncy.get('#side-nav').should('exist').and('be.visible').screenshot();",
              "err": {
                "message": "CypressError: cy.click() failed because it requires a DOM element.\n\nThe subject received was:\n\n  > undefined\n\nThe previous command that ran was:\n\n  > cy.get()\n\nBecause this error occurred during a 'after all' hook we are skipping the remaining tests in the current suite: 'Login to tenant site and ve...'",
                "estack": "CypressError: cy.click() failed because it requires a DOM element.\n\nThe subject received was:\n\n  > undefined\n\nThe previous command that ran was:\n\n  > cy.get()\n\nBecause this error occurred during a 'after all' hook we are skipping the remaining tests in the current suite: 'Login to tenant site and ve...'\n    at Object.cypressErr (http://localhost:5354/__cypress/runner/cypress_runner.js:102176:11)\n    at Object.throwErr (http://localhost:5354/__cypress/runner/cypress_runner.js:102128:18)\n    at Object.throwErrByPath (http://localhost:5354/__cypress/runner/cypress_runner.js:102163:17)\n    at ensureElement (http://localhost:5354/__cypress/runner/cypress_runner.js:90179:21)\n    at validateType (http://localhost:5354/__cypress/runner/cypress_runner.js:90051:16)\n    at Object.ensureSubjectByType (http://localhost:5354/__cypress/runner/cypress_runner.js:90079:9)\n    at pushSubjectAndValidate (http://localhost:5354/__cypress/runner/cypress_runner.js:97139:15)\n    at Context.<anonymous> (http://localhost:5354/__cypress/runner/cypress_runner.js:97427:18)\n    at http://localhost:5354/__cypress/runner/cypress_runner.js:96904:33\n    at tryCatcher (http://localhost:5354/__cypress/runner/cypress_runner.js:136088:23)\n    at Promise._settlePromiseFromHandler (http://localhost:5354/__cypress/runner/cypress_runner.js:134024:31)\n    at Promise._settlePromise (http://localhost:5354/__cypress/runner/cypress_runner.js:134081:18)\n    at Promise._settlePromiseCtx (http://localhost:5354/__cypress/runner/cypress_runner.js:134118:10)\n    at Async../node_modules/bluebird/js/release/async.js.Async._drainQueue (http://localhost:5354/__cypress/runner/cypress_runner.js:130818:12)\n    at Async../node_modules/bluebird/js/release/async.js.Async._drainQueues (http://localhost:5354/__cypress/runner/cypress_runner.js:130823:10)\n    at Async.drainQueues (http://localhost:5354/__cypress/runner/cypress_runner.js:130697:14)",
                "diff": null
              },
              "uuid": "9fe38772-e1be-4bf4-874a-0ada33712176",
              "parentUUID": "65c502e0-d4dc-4acf-9929-57a81b0eda5a",
              "isHook": false,
              "skipped": false
            }
          ],
          "suites": [],
          "passes": [],
          "failures": [
            "9fe38772-e1be-4bf4-874a-0ada33712176"
          ],
          "pending": [],
          "skipped": [],
          "duration": 473,
          "root": false,
          "rootEmpty": false,
          "_timeout": 2000
        }
      ],
      "passes": [],
      "failures": [],
      "pending": [],
      "skipped": [],
      "duration": 0,
      "root": true,
      "rootEmpty": true,
      "_timeout": 2000
    }
  ],
  "meta": {
    "mocha": {
      "version": "5.2.0"
    },
    "mochawesome": {
      "options": {
        "quiet": false,
        "reportFilename": "mochawesome",
        "saveHtml": false,
        "saveJson": true,
        "consoleReporter": "spec",
        "useInlineDiffs": false
      },
      "version": "4.1.0"
    },
    "marge": {
      "options": {
        "id": "default",
        "reportDir": "cypress/reports/mocha",
        "quite": true,
        "overwrite": false,
        "html": false,
        "json": true,
        "timestamp": "mmddyyyy_HHMMss"
      },
      "version": "4.1.0"
    }
  }
}