{
  "stats": {
    "suites": 22,
    "tests": 60,
    "passes": 1,
    "pending": 1,
    "failures": 57,
    "start": "2020-02-19T19:09:47.870Z",
    "end": "2020-02-19T19:09:47.870Z",
    "duration": 1095470,
    "testsRegistered": 60,
    "passPercent": 1.6666666666666667,
    "pendingPercent": 1.6666666666666667,
    "other": 0,
    "hasOther": false,
    "skipped": 1,
    "hasSkipped": true
  },
  "results": [
    {
      "uuid": "adc39b50-9bbd-47d9-a348-cc82004faebb",
      "title": "",
      "fullFile": "cypress\\integration\\FoD\\AdminTenantsPageTest.spec.js",
      "file": "cypress\\integration\\FoD\\AdminTenantsPageTest.spec.js",
      "beforeHooks": [],
      "afterHooks": [],
      "tests": [],
      "suites": [
        {
          "uuid": "951da5b8-6e52-49d3-80ca-87f95984f0f1",
          "title": "Admin Tenants Page Test",
          "fullFile": "",
          "file": "",
          "beforeHooks": [],
          "afterHooks": [],
          "tests": [
            {
              "title": "verify admin tenants page displayed",
              "fullTitle": "Admin Tenants Page Test verify admin tenants page displayed",
              "timedOut": null,
              "duration": 26002,
              "state": "failed",
              "speed": null,
              "pass": false,
              "fail": true,
              "pending": false,
              "context": "\"assets/FoD\\\\AdminTenantsPageTest.spec.js/Admin Tenants Page Test--verify admin tenants page displayed(failed).png\"",
              "code": "var tenantId = 'AUTO-TENANT1-' + Date.now();\nloginPage.loginToAdminSite(\"zeusadmin\", \"Spi!pass007^\");\ntenantsPage.navigateToTenantsPage();\ntenantsPage.verifyTenantsPageDisplayed();\ntenantsPage.createTenant(tenantId);",
              "err": {
                "message": "CypressError: Timed out after waiting '25000ms' for your remote page to load.\n\nYour page did not fire its 'load' event within '25000ms'.\n\nYou can try increasing the 'pageLoadTimeout' value in 'cypress.json' to wait longer.\n\nBrowsers will not fire the 'load' event until all stylesheets and scripts are done downloading.\n\nWhen this 'load' event occurs, Cypress will continue running commands.",
                "estack": "CypressError: Timed out after waiting '25000ms' for your remote page to load.\n\nYour page did not fire its 'load' event within '25000ms'.\n\nYou can try increasing the 'pageLoadTimeout' value in 'cypress.json' to wait longer.\n\nBrowsers will not fire the 'load' event until all stylesheets and scripts are done downloading.\n\nWhen this 'load' event occurs, Cypress will continue running commands.\n    at Object.cypressErr (http://localhost:5354/__cypress/runner/cypress_runner.js:102176:11)\n    at Object.throwErr (http://localhost:5354/__cypress/runner/cypress_runner.js:102128:18)\n    at Object.throwErrByPath (http://localhost:5354/__cypress/runner/cypress_runner.js:102163:17)\n    at timedOutWaitingForPageLoad (http://localhost:5354/__cypress/runner/cypress_runner.js:86578:17)\n    at http://localhost:5354/__cypress/runner/cypress_runner.js:87361:16\n    at tryCatcher (http://localhost:5354/__cypress/runner/cypress_runner.js:136088:23)\n    at http://localhost:5354/__cypress/runner/cypress_runner.js:131229:41\n    at tryCatcher (http://localhost:5354/__cypress/runner/cypress_runner.js:136088:23)\n    at Promise._settlePromiseFromHandler (http://localhost:5354/__cypress/runner/cypress_runner.js:134024:31)\n    at Promise._settlePromise (http://localhost:5354/__cypress/runner/cypress_runner.js:134081:18)\n    at Promise._settlePromise0 (http://localhost:5354/__cypress/runner/cypress_runner.js:134126:10)\n    at Promise._settlePromises (http://localhost:5354/__cypress/runner/cypress_runner.js:134201:18)\n    at Async../node_modules/bluebird/js/release/async.js.Async._drainQueue (http://localhost:5354/__cypress/runner/cypress_runner.js:130813:16)\n    at Async../node_modules/bluebird/js/release/async.js.Async._drainQueues (http://localhost:5354/__cypress/runner/cypress_runner.js:130823:10)\n    at Async.drainQueues (http://localhost:5354/__cypress/runner/cypress_runner.js:130697:14)",
                "diff": null
              },
              "uuid": "b1726c44-e613-446f-b72b-1757db29a6cb",
              "parentUUID": "951da5b8-6e52-49d3-80ca-87f95984f0f1",
              "isHook": false,
              "skipped": false
            }
          ],
          "suites": [],
          "passes": [],
          "failures": [
            "b1726c44-e613-446f-b72b-1757db29a6cb"
          ],
          "pending": [],
          "skipped": [],
          "duration": 26002,
          "root": false,
          "rootEmpty": false,
          "_timeout": 2000
        }
      ],
      "passes": [],
      "failures": [],
      "pending": [],
      "skipped": [],
      "duration": 0,
      "root": true,
      "rootEmpty": true,
      "_timeout": 2000
    },
    {
      "uuid": "d8289e56-0f2a-4cea-bfff-c2b1f930aa76",
      "title": "",
      "fullFile": "cypress\\integration\\FoD\\ApplicationsPageTest.spec.js",
      "file": "cypress\\integration\\FoD\\ApplicationsPageTest.spec.js",
      "beforeHooks": [],
      "afterHooks": [],
      "tests": [],
      "suites": [
        {
          "uuid": "8beec17d-aea5-472d-9d3c-cb80ce8886a9",
          "title": "Application page test",
          "fullFile": "",
          "file": "",
          "beforeHooks": [],
          "afterHooks": [],
          "tests": [
            {
              "title": "Verify application page displayed",
              "fullTitle": "Application page test Verify application page displayed",
              "timedOut": null,
              "duration": 398,
              "state": "failed",
              "speed": null,
              "pass": false,
              "fail": true,
              "pending": false,
              "context": "\"assets/FoD\\\\ApplicationsPageTest.spec.js/Application page test--Verify application page displayed(failed).png\"",
              "code": "cy.visit(Cypress.env(\"tenantSite\"));\nloginPage.loginToTenantSite('AUTO-TAM', 'Spi!pass007^', 'AUTO-TENANT');\napplicationsPage.verifyApplicationsPageDisplayed();\ncy.contains('testFP').click();\ncy.get('div.nav-tabs li>a[data-tabaction=\"SettingsSummary\"]').click({\n  force: true\n});\ncy.get('.SPITabContentGroup > .contextbar > .section').contains('Application Summary').should('exist');\ncy.get('[data-action=\"save\"]').should('exist').and('be.enabled');\ncy.get('[data-action=\"delete-application\"]').should('exist').and('be.enabled').and('contain', 'Delete Application'); //  settingsPage.verifyAppDeletionPopUp()\nattributesPage.clickSettingsAttributes();\nattributesPage.addAttributes('test', 'Picklist', 'isRequired');\nvar titleText;\ncy.get('@tenants').then(function (users) {\n  cy.log(\"there are \".concat(users.tenantId));\n  titleText = normalizeText(\"\".concat(users.tenantId));\n  cy.log(titleText);\n}); // cy.get('.nav-tabs > li').should(($list)=>{\n//     expect($list).to.have.length(5)\n//     expect($list.eq(0)).to.contains('Application Summary')//.and('have.attr', 'href')\n//     expect($list.eq(1)).to.contain('Application Attributes')//.and('have.attr', 'href')\n//     expect($list.eq(2)).to.contain('Bug Tracker')//.and('have.attr', 'href')\n//     expect($list.eq(3)).to.contain('Application Defender')//.and('have.attr', 'href')\n//     expect($list.eq(4)).to.contain('Source Control')//.and('have.attr', 'href')\n// })",
              "err": {
                "message": "TypeError: attributesPage.clickSettingsAttributes is not a function",
                "estack": "TypeError: attributesPage.clickSettingsAttributes is not a function\n    at Context.<anonymous> (http://localhost:5354/__cypress/tests?p=cypress\\integration\\FoD\\ApplicationsPageTest.spec.js-706:40:20)",
                "diff": null
              },
              "uuid": "448dd83f-f1df-47b6-93fd-897c5d20d0b3",
              "parentUUID": "8beec17d-aea5-472d-9d3c-cb80ce8886a9",
              "isHook": false,
              "skipped": false
            }
          ],
          "suites": [],
          "passes": [],
          "failures": [
            "448dd83f-f1df-47b6-93fd-897c5d20d0b3"
          ],
          "pending": [],
          "skipped": [],
          "duration": 398,
          "root": false,
          "rootEmpty": false,
          "_timeout": 2000
        }
      ],
      "passes": [],
      "failures": [],
      "pending": [],
      "skipped": [],
      "duration": 0,
      "root": true,
      "rootEmpty": true,
      "_timeout": 2000
    },
    {
      "uuid": "7c8c103f-e98a-4231-8cb8-c389853b9a3e",
      "title": "",
      "fullFile": "cypress\\integration\\FoD\\ApplicationsPageTestPoc.spec.js",
      "file": "cypress\\integration\\FoD\\ApplicationsPageTestPoc.spec.js",
      "beforeHooks": [],
      "afterHooks": [],
      "tests": [],
      "suites": [
        {
          "uuid": "44c69805-9b81-4a32-a5fb-e8d3cc1d48eb",
          "title": "Verify application page",
          "fullFile": "",
          "file": "",
          "beforeHooks": [],
          "afterHooks": [],
          "tests": [
            {
              "title": "Verify tenant land on application after login to the site",
              "fullTitle": "Verify application page Verify tenant land on application after login to the site",
              "timedOut": null,
              "duration": 25384,
              "state": "failed",
              "speed": null,
              "pass": false,
              "fail": true,
              "pending": false,
              "context": "\"assets/FoD\\\\ApplicationsPageTestPoc.spec.js/Verify application page--Verify tenant land on application after login to the site(failed).png\"",
              "code": "cy.visit(Cypress.env(\"tenantSite\"));\ncy.loginTenant();\ncy.url().should('include', 'Applications');\ncy.screenshot();\ncy.get('#main').should('exist');\ncy.get('#nav-collapse > :nth-child(1) > .active > a').should('contain', 'Applications').and('have.attr', 'href');\ncy.get('.section').should('contain', 'Your Applications');",
              "err": {
                "message": "CypressError: Timed out after waiting '25000ms' for your remote page to load.\n\nYour page did not fire its 'load' event within '25000ms'.\n\nYou can try increasing the 'pageLoadTimeout' value in 'cypress.json' to wait longer.\n\nBrowsers will not fire the 'load' event until all stylesheets and scripts are done downloading.\n\nWhen this 'load' event occurs, Cypress will continue running commands.",
                "estack": "CypressError: Timed out after waiting '25000ms' for your remote page to load.\n\nYour page did not fire its 'load' event within '25000ms'.\n\nYou can try increasing the 'pageLoadTimeout' value in 'cypress.json' to wait longer.\n\nBrowsers will not fire the 'load' event until all stylesheets and scripts are done downloading.\n\nWhen this 'load' event occurs, Cypress will continue running commands.\n    at Object.cypressErr (http://localhost:5354/__cypress/runner/cypress_runner.js:102176:11)\n    at Object.throwErr (http://localhost:5354/__cypress/runner/cypress_runner.js:102128:18)\n    at Object.throwErrByPath (http://localhost:5354/__cypress/runner/cypress_runner.js:102163:17)\n    at timedOutWaitingForPageLoad (http://localhost:5354/__cypress/runner/cypress_runner.js:86578:17)\n    at http://localhost:5354/__cypress/runner/cypress_runner.js:87361:16\n    at tryCatcher (http://localhost:5354/__cypress/runner/cypress_runner.js:136088:23)\n    at http://localhost:5354/__cypress/runner/cypress_runner.js:131229:41\n    at tryCatcher (http://localhost:5354/__cypress/runner/cypress_runner.js:136088:23)\n    at Promise._settlePromiseFromHandler (http://localhost:5354/__cypress/runner/cypress_runner.js:134024:31)\n    at Promise._settlePromise (http://localhost:5354/__cypress/runner/cypress_runner.js:134081:18)\n    at Promise._settlePromise0 (http://localhost:5354/__cypress/runner/cypress_runner.js:134126:10)\n    at Promise._settlePromises (http://localhost:5354/__cypress/runner/cypress_runner.js:134201:18)\n    at Async../node_modules/bluebird/js/release/async.js.Async._drainQueue (http://localhost:5354/__cypress/runner/cypress_runner.js:130813:16)\n    at Async../node_modules/bluebird/js/release/async.js.Async._drainQueues (http://localhost:5354/__cypress/runner/cypress_runner.js:130823:10)\n    at Async.drainQueues (http://localhost:5354/__cypress/runner/cypress_runner.js:130697:14)",
                "diff": null
              },
              "uuid": "0cc96208-c918-4169-a3b9-ca2e49082293",
              "parentUUID": "44c69805-9b81-4a32-a5fb-e8d3cc1d48eb",
              "isHook": false,
              "skipped": false
            },
            {
              "title": "Verify side navigation tabs displayed and verify mouseover ",
              "fullTitle": "Verify application page Verify side navigation tabs displayed and verify mouseover ",
              "timedOut": null,
              "duration": 568,
              "state": "failed",
              "speed": null,
              "pass": false,
              "fail": true,
              "pending": false,
              "context": "\"assets/FoD\\\\ApplicationsPageTestPoc.spec.js/Verify application page--Verify side navigation tabs displayed and verify mouseover (failed).png\"",
              "code": "cy.get('#side-nav').should('exist').and('be.visible').screenshot();\ncy.get('#side-nav > ul > li:nth-child(2)').invoke('trigger', 'mouseover', 'text').then(function (text) {\n  var tooltip = text;\n  expect(tooltip).to.contain('Your Applications');\n});\ncy.get('#side-nav > ul > li:nth-child(3)').invoke('trigger', 'mouseover', 'text').then(function (text) {\n  var tooltip = text;\n  expect(tooltip).to.contain('Your Releases');\n});\ncy.get('#side-nav > ul > li:nth-child(4)').invoke('trigger', 'mouseover', 'text').then(function (text) {\n  var tooltip = text;\n  expect(tooltip).to.contain('Your Scans');\n});\ncy.get('#side-nav > ul > li:nth-child(5)').invoke('trigger', 'mouseover', 'text').then(function (text) {\n  var tooltip = text;\n  expect(tooltip).to.contain('Open Source Components');\n}); //await generator.create(jsonReport)",
              "err": {
                "message": "CypressError: cy.click() failed because it requires a DOM element.\n\nThe subject received was:\n\n  > undefined\n\nThe previous command that ran was:\n\n  > cy.get()\n\nBecause this error occurred during a 'after all' hook we are skipping the remaining tests in the current suite: 'Verify application page'",
                "estack": "CypressError: cy.click() failed because it requires a DOM element.\n\nThe subject received was:\n\n  > undefined\n\nThe previous command that ran was:\n\n  > cy.get()\n\nBecause this error occurred during a 'after all' hook we are skipping the remaining tests in the current suite: 'Verify application page'\n    at Object.cypressErr (http://localhost:5354/__cypress/runner/cypress_runner.js:102176:11)\n    at Object.throwErr (http://localhost:5354/__cypress/runner/cypress_runner.js:102128:18)\n    at Object.throwErrByPath (http://localhost:5354/__cypress/runner/cypress_runner.js:102163:17)\n    at ensureElement (http://localhost:5354/__cypress/runner/cypress_runner.js:90179:21)\n    at validateType (http://localhost:5354/__cypress/runner/cypress_runner.js:90051:16)\n    at Object.ensureSubjectByType (http://localhost:5354/__cypress/runner/cypress_runner.js:90079:9)\n    at pushSubjectAndValidate (http://localhost:5354/__cypress/runner/cypress_runner.js:97139:15)\n    at Context.<anonymous> (http://localhost:5354/__cypress/runner/cypress_runner.js:97427:18)\n    at http://localhost:5354/__cypress/runner/cypress_runner.js:96904:33\n    at tryCatcher (http://localhost:5354/__cypress/runner/cypress_runner.js:136088:23)\n    at Promise._settlePromiseFromHandler (http://localhost:5354/__cypress/runner/cypress_runner.js:134024:31)\n    at Promise._settlePromise (http://localhost:5354/__cypress/runner/cypress_runner.js:134081:18)\n    at Promise._settlePromiseCtx (http://localhost:5354/__cypress/runner/cypress_runner.js:134118:10)\n    at Async../node_modules/bluebird/js/release/async.js.Async._drainQueue (http://localhost:5354/__cypress/runner/cypress_runner.js:130818:12)\n    at Async../node_modules/bluebird/js/release/async.js.Async._drainQueues (http://localhost:5354/__cypress/runner/cypress_runner.js:130823:10)\n    at Async.drainQueues (http://localhost:5354/__cypress/runner/cypress_runner.js:130697:14)",
                "diff": null
              },
              "uuid": "c05a12bc-2e8b-49e2-86a0-a8b2044e0abe",
              "parentUUID": "44c69805-9b81-4a32-a5fb-e8d3cc1d48eb",
              "isHook": false,
              "skipped": false
            }
          ],
          "suites": [],
          "passes": [],
          "failures": [
            "0cc96208-c918-4169-a3b9-ca2e49082293",
            "c05a12bc-2e8b-49e2-86a0-a8b2044e0abe"
          ],
          "pending": [],
          "skipped": [],
          "duration": 25952,
          "root": false,
          "rootEmpty": false,
          "_timeout": 2000
        }
      ],
      "passes": [],
      "failures": [],
      "pending": [],
      "skipped": [],
      "duration": 0,
      "root": true,
      "rootEmpty": true,
      "_timeout": 2000
    },
    {
      "uuid": "b5deea4a-7aa6-433c-aba6-0094941a67b5",
      "title": "",
      "fullFile": "cypress\\integration\\FoD\\ApplitoolsVisualTest.spec.js",
      "file": "cypress\\integration\\FoD\\ApplitoolsVisualTest.spec.js",
      "beforeHooks": [],
      "afterHooks": [],
      "tests": [],
      "suites": [
        {
          "uuid": "d2bd0c23-d29d-4cec-a418-8e2e6810cc12",
          "title": "Applitools visual validation POC",
          "fullFile": "",
          "file": "",
          "beforeHooks": [],
          "afterHooks": [],
          "tests": [
            {
              "title": "Visual test adding a tenants ",
              "fullTitle": "Applitools visual validation POC Visual test adding a tenants ",
              "timedOut": null,
              "duration": 27165,
              "state": "failed",
              "speed": null,
              "pass": false,
              "fail": true,
              "pending": false,
              "context": "\"assets/FoD\\\\ApplitoolsVisualTest.spec.js/Applitools visual validation POC--Visual test adding a tenants (failed).png\"",
              "code": "cy.LoginToAdminSite(\"zeusadmin\", \"Spi!pass007^\");\nvar tenantId = 'AUTO-TENANT1-' + Date.now();\ncy.eyesCheckWindow('Admin Page dashboard');\ncy.get('.navbar-nav a').contains('Administration').click();\ncy.get('.dropdown-menu').contains('Tenants').click();\ncy.get('[data-action=\"add-tenant\"]').click();\ncy.eyesCheckWindow('Tenant Details');\ncy.get('#secLeadUserName').type(\"AUTO-SL\" + Date.now());\ncy.get('#secLeadEmail').type(tenantId + '@fod.auto');\ncy.get('#secLeadFirstName').type('AUTO-SL1');\ncy.get('#secLeadLastName').type('AUTO-SL1');\ncy.get('[data-action=\"next\"]').click();\ncy.eyesCheckWindow('Tenant Entitlement info');\ncy.get('#tenantName').type(tenantId);\ncy.get('#tenantCode').type(tenantId);\ncy.get('#addressStreet1').type('5555 Windward Pkwy\"');\ncy.get('#addressCity').type('Alpharetta');\ncy.get('#addressCountry').select('Uganda');\ncy.get('#timeZone').select('(UTC) Coordinated Universal Time');\ncy.get('[data-action=\"next\"]').click();\ncy.eyesCheckWindow('Tenant Details');\ncy.get('#entitlementPaymentType').select('Other');\ncy.get('[data-action=\"next\"]').click();\ncy.get('#industryType').select('Information Technology');\ncy.get('[data-action=\"next\"]').click();\ncy.eyesCheckWindow('Tenants Summary');",
              "err": {
                "message": "CypressError: Timed out after waiting '25000ms' for your remote page to load.\n\nYour page did not fire its 'load' event within '25000ms'.\n\nYou can try increasing the 'pageLoadTimeout' value in 'cypress.json' to wait longer.\n\nBrowsers will not fire the 'load' event until all stylesheets and scripts are done downloading.\n\nWhen this 'load' event occurs, Cypress will continue running commands.",
                "estack": "CypressError: Timed out after waiting '25000ms' for your remote page to load.\n\nYour page did not fire its 'load' event within '25000ms'.\n\nYou can try increasing the 'pageLoadTimeout' value in 'cypress.json' to wait longer.\n\nBrowsers will not fire the 'load' event until all stylesheets and scripts are done downloading.\n\nWhen this 'load' event occurs, Cypress will continue running commands.\n    at Object.cypressErr (http://localhost:5354/__cypress/runner/cypress_runner.js:102176:11)\n    at Object.throwErr (http://localhost:5354/__cypress/runner/cypress_runner.js:102128:18)\n    at Object.throwErrByPath (http://localhost:5354/__cypress/runner/cypress_runner.js:102163:17)\n    at timedOutWaitingForPageLoad (http://localhost:5354/__cypress/runner/cypress_runner.js:86578:17)\n    at http://localhost:5354/__cypress/runner/cypress_runner.js:87361:16\n    at tryCatcher (http://localhost:5354/__cypress/runner/cypress_runner.js:136088:23)\n    at http://localhost:5354/__cypress/runner/cypress_runner.js:131229:41\n    at tryCatcher (http://localhost:5354/__cypress/runner/cypress_runner.js:136088:23)\n    at Promise._settlePromiseFromHandler (http://localhost:5354/__cypress/runner/cypress_runner.js:134024:31)\n    at Promise._settlePromise (http://localhost:5354/__cypress/runner/cypress_runner.js:134081:18)\n    at Promise._settlePromise0 (http://localhost:5354/__cypress/runner/cypress_runner.js:134126:10)\n    at Promise._settlePromises (http://localhost:5354/__cypress/runner/cypress_runner.js:134201:18)\n    at Async../node_modules/bluebird/js/release/async.js.Async._drainQueue (http://localhost:5354/__cypress/runner/cypress_runner.js:130813:16)\n    at Async../node_modules/bluebird/js/release/async.js.Async._drainQueues (http://localhost:5354/__cypress/runner/cypress_runner.js:130823:10)\n    at Async.drainQueues (http://localhost:5354/__cypress/runner/cypress_runner.js:130697:14)",
                "diff": null
              },
              "uuid": "7d86c980-320a-41dc-9057-b5ecbb7aa489",
              "parentUUID": "d2bd0c23-d29d-4cec-a418-8e2e6810cc12",
              "isHook": false,
              "skipped": false
            }
          ],
          "suites": [],
          "passes": [],
          "failures": [
            "7d86c980-320a-41dc-9057-b5ecbb7aa489"
          ],
          "pending": [],
          "skipped": [],
          "duration": 27165,
          "root": false,
          "rootEmpty": false,
          "_timeout": 2000
        }
      ],
      "passes": [],
      "failures": [],
      "pending": [],
      "skipped": [],
      "duration": 0,
      "root": true,
      "rootEmpty": true,
      "_timeout": 2000
    },
    {
      "uuid": "65309edf-6f89-45b5-ba2c-ee72984a10be",
      "title": "",
      "fullFile": "cypress\\integration\\FoD\\ApplitoolsVisualValidationPOC.spec.js",
      "file": "cypress\\integration\\FoD\\ApplitoolsVisualValidationPOC.spec.js",
      "beforeHooks": [],
      "afterHooks": [],
      "tests": [],
      "suites": [
        {
          "uuid": "1edcb284-7b83-4b63-89fe-4434ab01173f",
          "title": "Applitools visual validation POC",
          "fullFile": "",
          "file": "",
          "beforeHooks": [],
          "afterHooks": [],
          "tests": [
            {
              "title": "Visual test adding a tenants ",
              "fullTitle": "Applitools visual validation POC Visual test adding a tenants ",
              "timedOut": null,
              "duration": 25749,
              "state": "failed",
              "speed": null,
              "pass": false,
              "fail": true,
              "pending": false,
              "context": "\"assets/FoD\\\\ApplitoolsVisualValidationPOC.spec.js/Applitools visual validation POC--Visual test adding a tenants (failed).png\"",
              "code": "cy.LoginToAdminSite(\"zeusadmin\", \"Spi!pass007^\");\ncy.eyesCheckWindow('Admin Page dashboard');\ncy.get('.navbar-nav a').contains('Administration').click();\ncy.get('.dropdown-menu').contains('Tenants').click();\ncy.get('[data-action=\"add-tenant\"]').click();\ncy.get('#secLeadUserName').type('AUTO-TENANT1234');\ncy.get('#secLeadEmail').type('AUTO-TENANT1234@fod.auto');\ncy.get('#secLeadFirstName').type('AUTO-SL1');\ncy.get('#secLeadLastName').type('AUTO-SL1');\ncy.eyesCheckWindow('Security Lead Page Summary');\ncy.get('[data-action=\"next\"]').click();\ncy.get('#tenantName').type('AUTO-TENANT1234');\ncy.get('#tenantCode').type('AUTO-TENANT1234');\ncy.get('#addressStreet1').type('5555 Windward Pkwy\"');\ncy.get('#addressCity').type('Alpharetta');\ncy.get('#addressCountry').select('Uganda');\ncy.get('#timeZone').select('(UTC) Coordinated Universal Time');\ncy.eyesCheckWindow('Tenant Details Summary');\ncy.get('[data-action=\"next\"]').click();\ncy.get('#entitlementPaymentType').select('Other');\ncy.eyesCheckWindow('Tenant Entitlement Info summary');\ncy.get('[data-action=\"next\"]').click();\ncy.get('#industryType').select('Information Technology');\ncy.get('[data-action=\"next\"]').click();\ncy.eyesCheckWindow('Tenants Summary');",
              "err": {
                "message": "CypressError: Timed out after waiting '25000ms' for your remote page to load.\n\nYour page did not fire its 'load' event within '25000ms'.\n\nYou can try increasing the 'pageLoadTimeout' value in 'cypress.json' to wait longer.\n\nBrowsers will not fire the 'load' event until all stylesheets and scripts are done downloading.\n\nWhen this 'load' event occurs, Cypress will continue running commands.",
                "estack": "CypressError: Timed out after waiting '25000ms' for your remote page to load.\n\nYour page did not fire its 'load' event within '25000ms'.\n\nYou can try increasing the 'pageLoadTimeout' value in 'cypress.json' to wait longer.\n\nBrowsers will not fire the 'load' event until all stylesheets and scripts are done downloading.\n\nWhen this 'load' event occurs, Cypress will continue running commands.\n    at Object.cypressErr (http://localhost:5354/__cypress/runner/cypress_runner.js:102176:11)\n    at Object.throwErr (http://localhost:5354/__cypress/runner/cypress_runner.js:102128:18)\n    at Object.throwErrByPath (http://localhost:5354/__cypress/runner/cypress_runner.js:102163:17)\n    at timedOutWaitingForPageLoad (http://localhost:5354/__cypress/runner/cypress_runner.js:86578:17)\n    at http://localhost:5354/__cypress/runner/cypress_runner.js:87361:16\n    at tryCatcher (http://localhost:5354/__cypress/runner/cypress_runner.js:136088:23)\n    at http://localhost:5354/__cypress/runner/cypress_runner.js:131229:41\n    at tryCatcher (http://localhost:5354/__cypress/runner/cypress_runner.js:136088:23)\n    at Promise._settlePromiseFromHandler (http://localhost:5354/__cypress/runner/cypress_runner.js:134024:31)\n    at Promise._settlePromise (http://localhost:5354/__cypress/runner/cypress_runner.js:134081:18)\n    at Promise._settlePromise0 (http://localhost:5354/__cypress/runner/cypress_runner.js:134126:10)\n    at Promise._settlePromises (http://localhost:5354/__cypress/runner/cypress_runner.js:134201:18)\n    at Async../node_modules/bluebird/js/release/async.js.Async._drainQueue (http://localhost:5354/__cypress/runner/cypress_runner.js:130813:16)\n    at Async../node_modules/bluebird/js/release/async.js.Async._drainQueues (http://localhost:5354/__cypress/runner/cypress_runner.js:130823:10)\n    at Async.drainQueues (http://localhost:5354/__cypress/runner/cypress_runner.js:130697:14)",
                "diff": null
              },
              "uuid": "1c758e96-e72f-4a9c-be0c-68c3fca37b31",
              "parentUUID": "1edcb284-7b83-4b63-89fe-4434ab01173f",
              "isHook": false,
              "skipped": false
            }
          ],
          "suites": [],
          "passes": [],
          "failures": [
            "1c758e96-e72f-4a9c-be0c-68c3fca37b31"
          ],
          "pending": [],
          "skipped": [],
          "duration": 25749,
          "root": false,
          "rootEmpty": false,
          "_timeout": 2000
        }
      ],
      "passes": [],
      "failures": [],
      "pending": [],
      "skipped": [],
      "duration": 0,
      "root": true,
      "rootEmpty": true,
      "_timeout": 2000
    },
    {
      "uuid": "78e952eb-f97d-436c-bed9-ca9663784d91",
      "title": "",
      "fullFile": "cypress\\integration\\FoD\\deleteScanTest.spec.js",
      "file": "cypress\\integration\\FoD\\deleteScanTest.spec.js",
      "beforeHooks": [],
      "afterHooks": [],
      "tests": [],
      "suites": [
        {
          "uuid": "d1897c7c-b7b0-4f57-a875-f5331fca9cc7",
          "title": "Delete Tenant Scan Test",
          "fullFile": "",
          "file": "",
          "beforeHooks": [],
          "afterHooks": [],
          "tests": [
            {
              "title": "delete tenants scan $(tenants)",
              "fullTitle": "Delete Tenant Scan Test delete tenants scan $(tenants)",
              "timedOut": null,
              "duration": 25284,
              "state": "failed",
              "speed": null,
              "pass": false,
              "fail": true,
              "pending": false,
              "context": "\"assets/FoD\\\\deleteScanTest.spec.js/Delete Tenant Scan Test--delete tenants scan $(tenants)(failed).png\"",
              "code": "var url = \"http://fodqa11-iis1/Tenants/\" + tenant + \"/Repositories\";\ncy.visit(url);\nvar dt = new Date();\nvar dateTime = dt.toLocaleString();\ncy.get('[data-repository-type=\"2\"] > .action-cell > [data-action=\"delete\"]').click();\ncy.get('.box-glow > .modal-custom-content').should('exist');\ncy.get('.btn-critical').click();\ncy.get('.modal-custom-header > span').should('exist').and('contain', 'Confirm');\ncy.get('.modal-message').should('contain', 'Are you REALLY SURE you want to delete the selected repository for this tenant?');\ncy.get('.btn-critical').click({\n  force: true\n});\ncy.get('[data-repository-type=\"2\"] > .action-cell > [data-action=\"delete\"]').click();\ncy.get('.box-glow > .modal-custom-content').should('exist');\ncy.get('.btn-critical').click();\ncy.get('.modal-custom-header > span').should('exist').and('contain', 'Confirm');\ncy.get('.modal-message').should('contain', 'Are you REALLY SURE you want to delete the selected repository for this tenant?');\ncy.get('.btn-critical').click({\n  force: true\n});\nvar deletedTime = dateTime; //Rebuild Scan\ncy.wait(2000);\ncy.get('[data-repository-type=\"2\"] > .action-cell > [data-action=\"rebuild\"]').click();\ncy.get('.modal-message').should('contain', 'Are you sure you want to queue the rebuild task the selected repository for this tenant?');\ncy.get('.btn-critical').click({\n  force: true\n});\ncy.visit(\"http://fodqa11-iis1/TaskService/Tasks?tenant=\" + tenant + \"&tt=13&ts=0+3\");\ncy.log(\"TenantID:  \" + tenant);\nvar tasksFound = Cypress.$('.paging-section-total > span').text();\nvar found = false;\nvar count = 0;\nwhile (!found) {\n  if (tasksFound !== \"0 found\") {\n    cy.reload();\n    found = false;\n    count = count + 1;\n    cy.wait(1000);\n    if (count === 35) {\n      found = true;\n      cy.log(\"The page still displaying more task after 35 seconds please verify tenant Id:  \" + tenant);\n    }\n  } else {\n    found = true;\n  }\n}\ncy.get('.paging-section-total > span').should('contain', '0 found');\ncy.get('.empty-table').should('exist');\nvar results = \"[\" + deletedTime + \"]:\" + \"Tenant [\" + tenant + \"] scan repo deleted and [\" + dateTime + \"]:\" + \"Tenant [\" + tenant + \"] scan repo rebuilt\\n\";\ncy.writeFile(\"./results/tenantScanDeleteRebuild.txt\", results, {\n  flag: 'a+'\n});",
              "err": {
                "message": "CypressError: Timed out after waiting '25000ms' for your remote page to load.\n\nYour page did not fire its 'load' event within '25000ms'.\n\nYou can try increasing the 'pageLoadTimeout' value in 'cypress.json' to wait longer.\n\nBrowsers will not fire the 'load' event until all stylesheets and scripts are done downloading.\n\nWhen this 'load' event occurs, Cypress will continue running commands.\n\nBecause this error occurred during a 'before each' hook we are skipping the remaining tests in the current suite: 'Delete Tenant Scan Test'",
                "estack": "CypressError: Timed out after waiting '25000ms' for your remote page to load.\n\nYour page did not fire its 'load' event within '25000ms'.\n\nYou can try increasing the 'pageLoadTimeout' value in 'cypress.json' to wait longer.\n\nBrowsers will not fire the 'load' event until all stylesheets and scripts are done downloading.\n\nWhen this 'load' event occurs, Cypress will continue running commands.\n\nBecause this error occurred during a 'before each' hook we are skipping the remaining tests in the current suite: 'Delete Tenant Scan Test'\n    at Object.cypressErr (http://localhost:5354/__cypress/runner/cypress_runner.js:102176:11)\n    at Object.throwErr (http://localhost:5354/__cypress/runner/cypress_runner.js:102128:18)\n    at Object.throwErrByPath (http://localhost:5354/__cypress/runner/cypress_runner.js:102163:17)\n    at timedOutWaitingForPageLoad (http://localhost:5354/__cypress/runner/cypress_runner.js:86578:17)\n    at http://localhost:5354/__cypress/runner/cypress_runner.js:87361:16\n    at tryCatcher (http://localhost:5354/__cypress/runner/cypress_runner.js:136088:23)\n    at http://localhost:5354/__cypress/runner/cypress_runner.js:131229:41\n    at tryCatcher (http://localhost:5354/__cypress/runner/cypress_runner.js:136088:23)\n    at Promise._settlePromiseFromHandler (http://localhost:5354/__cypress/runner/cypress_runner.js:134024:31)\n    at Promise._settlePromise (http://localhost:5354/__cypress/runner/cypress_runner.js:134081:18)\n    at Promise._settlePromise0 (http://localhost:5354/__cypress/runner/cypress_runner.js:134126:10)\n    at Promise._settlePromises (http://localhost:5354/__cypress/runner/cypress_runner.js:134201:18)\n    at Async../node_modules/bluebird/js/release/async.js.Async._drainQueue (http://localhost:5354/__cypress/runner/cypress_runner.js:130813:16)\n    at Async../node_modules/bluebird/js/release/async.js.Async._drainQueues (http://localhost:5354/__cypress/runner/cypress_runner.js:130823:10)\n    at Async.drainQueues (http://localhost:5354/__cypress/runner/cypress_runner.js:130697:14)",
                "diff": null
              },
              "uuid": "34873d69-bf99-4b80-83f1-ce050dc81fd0",
              "parentUUID": "d1897c7c-b7b0-4f57-a875-f5331fca9cc7",
              "isHook": false,
              "skipped": false
            },
            {
              "title": "delete tenants scan $(tenants)",
              "fullTitle": "Delete Tenant Scan Test delete tenants scan $(tenants)",
              "timedOut": null,
              "duration": 0,
              "state": "skipped",
              "speed": null,
              "pass": false,
              "fail": false,
              "pending": false,
              "context": null,
              "code": "var url = \"http://fodqa11-iis1/Tenants/\" + tenant + \"/Repositories\";\ncy.visit(url);\nvar dt = new Date();\nvar dateTime = dt.toLocaleString();\ncy.get('[data-repository-type=\"2\"] > .action-cell > [data-action=\"delete\"]').click();\ncy.get('.box-glow > .modal-custom-content').should('exist');\ncy.get('.btn-critical').click();\ncy.get('.modal-custom-header > span').should('exist').and('contain', 'Confirm');\ncy.get('.modal-message').should('contain', 'Are you REALLY SURE you want to delete the selected repository for this tenant?');\ncy.get('.btn-critical').click({\n  force: true\n});\ncy.get('[data-repository-type=\"2\"] > .action-cell > [data-action=\"delete\"]').click();\ncy.get('.box-glow > .modal-custom-content').should('exist');\ncy.get('.btn-critical').click();\ncy.get('.modal-custom-header > span').should('exist').and('contain', 'Confirm');\ncy.get('.modal-message').should('contain', 'Are you REALLY SURE you want to delete the selected repository for this tenant?');\ncy.get('.btn-critical').click({\n  force: true\n});\nvar deletedTime = dateTime; //Rebuild Scan\ncy.wait(2000);\ncy.get('[data-repository-type=\"2\"] > .action-cell > [data-action=\"rebuild\"]').click();\ncy.get('.modal-message').should('contain', 'Are you sure you want to queue the rebuild task the selected repository for this tenant?');\ncy.get('.btn-critical').click({\n  force: true\n});\ncy.visit(\"http://fodqa11-iis1/TaskService/Tasks?tenant=\" + tenant + \"&tt=13&ts=0+3\");\ncy.log(\"TenantID:  \" + tenant);\nvar tasksFound = Cypress.$('.paging-section-total > span').text();\nvar found = false;\nvar count = 0;\nwhile (!found) {\n  if (tasksFound !== \"0 found\") {\n    cy.reload();\n    found = false;\n    count = count + 1;\n    cy.wait(1000);\n    if (count === 35) {\n      found = true;\n      cy.log(\"The page still displaying more task after 35 seconds please verify tenant Id:  \" + tenant);\n    }\n  } else {\n    found = true;\n  }\n}\ncy.get('.paging-section-total > span').should('contain', '0 found');\ncy.get('.empty-table').should('exist');\nvar results = \"[\" + deletedTime + \"]:\" + \"Tenant [\" + tenant + \"] scan repo deleted and [\" + dateTime + \"]:\" + \"Tenant [\" + tenant + \"] scan repo rebuilt\\n\";\ncy.writeFile(\"./results/tenantScanDeleteRebuild.txt\", results, {\n  flag: 'a+'\n});",
              "err": {},
              "uuid": "1551b113-4f3c-4b9c-b39b-1ce212786b26",
              "parentUUID": "d1897c7c-b7b0-4f57-a875-f5331fca9cc7",
              "isHook": false,
              "skipped": true
            }
          ],
          "suites": [],
          "passes": [],
          "failures": [
            "34873d69-bf99-4b80-83f1-ce050dc81fd0"
          ],
          "pending": [],
          "skipped": [
            "1551b113-4f3c-4b9c-b39b-1ce212786b26"
          ],
          "duration": 25284,
          "root": false,
          "rootEmpty": false,
          "_timeout": 2000
        }
      ],
      "passes": [],
      "failures": [],
      "pending": [],
      "skipped": [],
      "duration": 0,
      "root": true,
      "rootEmpty": true,
      "_timeout": 2000
    },
    {
      "uuid": "b186cb76-7bcf-4b28-a310-c2a90ec2648d",
      "title": "",
      "fullFile": "cypress\\integration\\FoD\\FileUploadTest.spec.js",
      "file": "cypress\\integration\\FoD\\FileUploadTest.spec.js",
      "beforeHooks": [],
      "afterHooks": [],
      "tests": [],
      "suites": [
        {
          "uuid": "4d3bbc7f-be49-48d1-afb6-2a8b00453bf6",
          "title": "File upload test",
          "fullFile": "",
          "file": "",
          "beforeHooks": [],
          "afterHooks": [],
          "tests": [
            {
              "title": "login to Fod site as a tenant",
              "fullTitle": "File upload test login to Fod site as a tenant",
              "timedOut": null,
              "duration": 25398,
              "state": "failed",
              "speed": null,
              "pass": false,
              "fail": true,
              "pending": false,
              "context": "\"assets/FoD\\\\FileUploadTest.spec.js/File upload test--login to Fod site as a tenant(failed).png\"",
              "code": "cy.visit(Cypress.env(\"tenantSite\"));\ncy.get('#loginEmail').type('AUTO-TAM');\ncy.get('#loginPassword').type('Spi!pass007^');\ncy.get('#loginTenantID').type('tenantid');\ncy.get('#btnLogin').click();\ncy.get('input[type=submit][value=OK]').click();\ncy.get('[data-application-id=\"6\"] > :nth-child(1) > h4 > a').click();\ncy.get(':nth-child(4) > .nav-tab > :nth-child(1) > .nav-tab-icon > .ff').click();\ncy.get('[data-release-id=\"6\"][data-scan-id=\"9\"] > :nth-child(1) > a').click();\ncy.get(':nth-child(4) > .nav-tab > :nth-child(1) > .nav-tab-icon > .ff').click();\ncy.get('.section-right > .dropdown > .btn').click();\ncy.get('.section-right > .dropdown > .dropdown-menu > :nth-child(1) > a').click();\ncy.get(\"#fprscanUploadBrowse\").click(); // const fileName = 'upload.pdf';\n// cy.fixture(fileName).then(fileContent => {\n//     cy.get('.section-right > .dropdown > .btn').uploadFile({ fileContent, fileName, mimeType: 'application/pdf' }, { subjectType: 'input-group-btn' });\n// });\ncy.get(\"#fprscanUploadBrowse\").click({\n  force: true\n});\ncy.uploadFile('static.java.fpr', '#fprscanUploadBrowse > input[type=file]', 'application/fpr');\ncy.get('#fprscanUpload').click(); // const fileName = 'static.java.fpr';\n// cy.fixture(fileName).then(fileContent => {\n//     cy.get('#fprscanUploadBrowse > input[type=file]').upload({ fileContent, fileName, mimeType: 'application/fpr' });\n// });\n// cy.fixture('static.java.fpr', 'hex').then((excelHex) => {\n//     const excelBytes = hexStringToByte(excelHex);\n//     //create a File object\n//     const file = new File([excelBytes], 'static.java.fpr', {\n//         type: 'application/fpr'\n//     });\n//     //and make the drop\n//     cy.get('#fprscanUploadBrowse > input[type=file]').trigger('drop', {\n//         dataTransfer: {\n//             files: [file],\n//         },\n//     });\n// });\n// const selector = '#fprscanUploadFileName'\n// const fixturePath = 'static.java.fpr' // fixtures/dummy.pdf\n// const type = 'application/fpr' // image/png, etc (content_type)\n// cy.get(selector).then(subject => cy.window().then(win => cy\n//   .fixture(fixturePath, 'base64')\n//   .then(Cypress.Blob.base64StringToBlob)\n//   .then((blob) => {\n//     const el = subject[0]\n//     const testFile = new win.File([blob], name, { type })\n//     const dataTransfer = new win.DataTransfer()\n//     dataTransfer.items.add(testFile)\n//     el.files = dataTransfer.files\n//     cy.wrap(subject).trigger('change', { force: true })\n//   })))",
              "err": {
                "message": "CypressError: Timed out after waiting '25000ms' for your remote page to load.\n\nYour page did not fire its 'load' event within '25000ms'.\n\nYou can try increasing the 'pageLoadTimeout' value in 'cypress.json' to wait longer.\n\nBrowsers will not fire the 'load' event until all stylesheets and scripts are done downloading.\n\nWhen this 'load' event occurs, Cypress will continue running commands.",
                "estack": "CypressError: Timed out after waiting '25000ms' for your remote page to load.\n\nYour page did not fire its 'load' event within '25000ms'.\n\nYou can try increasing the 'pageLoadTimeout' value in 'cypress.json' to wait longer.\n\nBrowsers will not fire the 'load' event until all stylesheets and scripts are done downloading.\n\nWhen this 'load' event occurs, Cypress will continue running commands.\n    at Object.cypressErr (http://localhost:5354/__cypress/runner/cypress_runner.js:102176:11)\n    at Object.throwErr (http://localhost:5354/__cypress/runner/cypress_runner.js:102128:18)\n    at Object.throwErrByPath (http://localhost:5354/__cypress/runner/cypress_runner.js:102163:17)\n    at timedOutWaitingForPageLoad (http://localhost:5354/__cypress/runner/cypress_runner.js:86578:17)\n    at http://localhost:5354/__cypress/runner/cypress_runner.js:87361:16\n    at tryCatcher (http://localhost:5354/__cypress/runner/cypress_runner.js:136088:23)\n    at http://localhost:5354/__cypress/runner/cypress_runner.js:131229:41\n    at tryCatcher (http://localhost:5354/__cypress/runner/cypress_runner.js:136088:23)\n    at Promise._settlePromiseFromHandler (http://localhost:5354/__cypress/runner/cypress_runner.js:134024:31)\n    at Promise._settlePromise (http://localhost:5354/__cypress/runner/cypress_runner.js:134081:18)\n    at Promise._settlePromise0 (http://localhost:5354/__cypress/runner/cypress_runner.js:134126:10)\n    at Promise._settlePromises (http://localhost:5354/__cypress/runner/cypress_runner.js:134201:18)\n    at Async../node_modules/bluebird/js/release/async.js.Async._drainQueue (http://localhost:5354/__cypress/runner/cypress_runner.js:130813:16)\n    at Async../node_modules/bluebird/js/release/async.js.Async._drainQueues (http://localhost:5354/__cypress/runner/cypress_runner.js:130823:10)\n    at Async.drainQueues (http://localhost:5354/__cypress/runner/cypress_runner.js:130697:14)",
                "diff": null
              },
              "uuid": "6b31f909-caa3-4901-9bb6-d5b90a546895",
              "parentUUID": "4d3bbc7f-be49-48d1-afb6-2a8b00453bf6",
              "isHook": false,
              "skipped": false
            }
          ],
          "suites": [],
          "passes": [],
          "failures": [
            "6b31f909-caa3-4901-9bb6-d5b90a546895"
          ],
          "pending": [],
          "skipped": [],
          "duration": 25398,
          "root": false,
          "rootEmpty": false,
          "_timeout": 2000
        }
      ],
      "passes": [],
      "failures": [],
      "pending": [],
      "skipped": [],
      "duration": 0,
      "root": true,
      "rootEmpty": true,
      "_timeout": 2000
    },
    {
      "uuid": "2bbc1186-e03e-47cf-8d33-56b1880c0ba7",
      "title": "",
      "fullFile": "cypress\\integration\\FoD\\FodAdminLogInPageTest.spec.js",
      "file": "cypress\\integration\\FoD\\FodAdminLogInPageTest.spec.js",
      "beforeHooks": [],
      "afterHooks": [],
      "tests": [],
      "suites": [
        {
          "uuid": "8b2a7f07-2440-4e4a-a0aa-11b0e10a0939",
          "title": "Admin Site Login Page Test",
          "fullFile": "",
          "file": "",
          "beforeHooks": [],
          "afterHooks": [],
          "tests": [
            {
              "title": "Verify admin site login page displayed",
              "fullTitle": "Admin Site Login Page Test Verify admin site login page displayed",
              "timedOut": null,
              "duration": 25331,
              "state": "failed",
              "speed": null,
              "pass": false,
              "fail": true,
              "pending": false,
              "context": "\"assets/FoD\\\\FodAdminLogInPageTest.spec.js/Admin Site Login Page Test--Verify admin site login page displayed(failed).png\"",
              "code": "adminLoginPage.verifyAdminLoginPageDisplayed();\nCypress.currentTest.retries(1);",
              "err": {
                "message": "CypressError: Timed out after waiting '25000ms' for your remote page to load.\n\nYour page did not fire its 'load' event within '25000ms'.\n\nYou can try increasing the 'pageLoadTimeout' value in 'cypress.json' to wait longer.\n\nBrowsers will not fire the 'load' event until all stylesheets and scripts are done downloading.\n\nWhen this 'load' event occurs, Cypress will continue running commands.",
                "estack": "CypressError: Timed out after waiting '25000ms' for your remote page to load.\n\nYour page did not fire its 'load' event within '25000ms'.\n\nYou can try increasing the 'pageLoadTimeout' value in 'cypress.json' to wait longer.\n\nBrowsers will not fire the 'load' event until all stylesheets and scripts are done downloading.\n\nWhen this 'load' event occurs, Cypress will continue running commands.\n    at Object.cypressErr (http://localhost:5354/__cypress/runner/cypress_runner.js:102176:11)\n    at Object.throwErr (http://localhost:5354/__cypress/runner/cypress_runner.js:102128:18)\n    at Object.throwErrByPath (http://localhost:5354/__cypress/runner/cypress_runner.js:102163:17)\n    at timedOutWaitingForPageLoad (http://localhost:5354/__cypress/runner/cypress_runner.js:86578:17)\n    at http://localhost:5354/__cypress/runner/cypress_runner.js:87361:16\n    at tryCatcher (http://localhost:5354/__cypress/runner/cypress_runner.js:136088:23)\n    at http://localhost:5354/__cypress/runner/cypress_runner.js:131229:41\n    at tryCatcher (http://localhost:5354/__cypress/runner/cypress_runner.js:136088:23)\n    at Promise._settlePromiseFromHandler (http://localhost:5354/__cypress/runner/cypress_runner.js:134024:31)\n    at Promise._settlePromise (http://localhost:5354/__cypress/runner/cypress_runner.js:134081:18)\n    at Promise._settlePromise0 (http://localhost:5354/__cypress/runner/cypress_runner.js:134126:10)\n    at Promise._settlePromises (http://localhost:5354/__cypress/runner/cypress_runner.js:134201:18)\n    at Async../node_modules/bluebird/js/release/async.js.Async._drainQueue (http://localhost:5354/__cypress/runner/cypress_runner.js:130813:16)\n    at Async../node_modules/bluebird/js/release/async.js.Async._drainQueues (http://localhost:5354/__cypress/runner/cypress_runner.js:130823:10)\n    at Async.drainQueues (http://localhost:5354/__cypress/runner/cypress_runner.js:130697:14)",
                "diff": null
              },
              "uuid": "b7d3f433-9901-431f-9d6f-2edc8672f800",
              "parentUUID": "8b2a7f07-2440-4e4a-a0aa-11b0e10a0939",
              "isHook": false,
              "skipped": false
            },
            {
              "title": "Error message should display when tying to login without user name and password",
              "fullTitle": "Admin Site Login Page Test Error message should display when tying to login without user name and password",
              "timedOut": null,
              "duration": 25347,
              "state": "failed",
              "speed": null,
              "pass": false,
              "fail": true,
              "pending": false,
              "context": "\"assets/FoD\\\\FodAdminLogInPageTest.spec.js/Admin Site Login Page Test--Error message should display when tying to login without user name and password(failed).png\"",
              "code": "adminLoginPage.verifyErrorMessageDisplayedWithoutEnteringUserNameandPassword();",
              "err": {
                "message": "CypressError: Timed out retrying: Expected to find element: '#loginEmail', but never found it.",
                "estack": "CypressError: Timed out retrying: Expected to find element: '#loginEmail', but never found it.\n    at Object.cypressErr (http://localhost:5354/__cypress/runner/cypress_runner.js:102176:11)\n    at Object.throwErr (http://localhost:5354/__cypress/runner/cypress_runner.js:102128:18)\n    at Object.throwErrByPath (http://localhost:5354/__cypress/runner/cypress_runner.js:102163:17)\n    at retry (http://localhost:5354/__cypress/runner/cypress_runner.js:92756:16)\n    at onFailFn (http://localhost:5354/__cypress/runner/cypress_runner.js:80982:16)\n    at tryCatcher (http://localhost:5354/__cypress/runner/cypress_runner.js:136088:23)\n    at Promise._settlePromiseFromHandler (http://localhost:5354/__cypress/runner/cypress_runner.js:134024:31)\n    at Promise._settlePromise (http://localhost:5354/__cypress/runner/cypress_runner.js:134081:18)\n    at Promise._settlePromise0 (http://localhost:5354/__cypress/runner/cypress_runner.js:134126:10)\n    at Promise._settlePromises (http://localhost:5354/__cypress/runner/cypress_runner.js:134201:18)\n    at Async../node_modules/bluebird/js/release/async.js.Async._drainQueue (http://localhost:5354/__cypress/runner/cypress_runner.js:130813:16)\n    at Async../node_modules/bluebird/js/release/async.js.Async._drainQueues (http://localhost:5354/__cypress/runner/cypress_runner.js:130823:10)\n    at Async.drainQueues (http://localhost:5354/__cypress/runner/cypress_runner.js:130697:14)",
                "diff": null
              },
              "uuid": "3499c0f8-30b2-48a5-b168-a38c5544c8b0",
              "parentUUID": "8b2a7f07-2440-4e4a-a0aa-11b0e10a0939",
              "isHook": false,
              "skipped": false
            },
            {
              "title": "Error message should display when trying to login without password",
              "fullTitle": "Admin Site Login Page Test Error message should display when trying to login without password",
              "timedOut": null,
              "duration": 25339,
              "state": "failed",
              "speed": null,
              "pass": false,
              "fail": true,
              "pending": false,
              "context": "\"assets/FoD\\\\FodAdminLogInPageTest.spec.js/Admin Site Login Page Test--Error message should display when trying to login without password(failed).png\"",
              "code": "adminLoginPage.verifyErrorMessageDisplayedWithoutEnteringPassword();",
              "err": {
                "message": "CypressError: Timed out retrying: Expected to find element: '#loginEmail', but never found it.",
                "estack": "CypressError: Timed out retrying: Expected to find element: '#loginEmail', but never found it.\n    at Object.cypressErr (http://localhost:5354/__cypress/runner/cypress_runner.js:102176:11)\n    at Object.throwErr (http://localhost:5354/__cypress/runner/cypress_runner.js:102128:18)\n    at Object.throwErrByPath (http://localhost:5354/__cypress/runner/cypress_runner.js:102163:17)\n    at retry (http://localhost:5354/__cypress/runner/cypress_runner.js:92756:16)\n    at onFailFn (http://localhost:5354/__cypress/runner/cypress_runner.js:80982:16)\n    at tryCatcher (http://localhost:5354/__cypress/runner/cypress_runner.js:136088:23)\n    at Promise._settlePromiseFromHandler (http://localhost:5354/__cypress/runner/cypress_runner.js:134024:31)\n    at Promise._settlePromise (http://localhost:5354/__cypress/runner/cypress_runner.js:134081:18)\n    at Promise._settlePromise0 (http://localhost:5354/__cypress/runner/cypress_runner.js:134126:10)\n    at Promise._settlePromises (http://localhost:5354/__cypress/runner/cypress_runner.js:134201:18)\n    at Async../node_modules/bluebird/js/release/async.js.Async._drainQueue (http://localhost:5354/__cypress/runner/cypress_runner.js:130813:16)\n    at Async../node_modules/bluebird/js/release/async.js.Async._drainQueues (http://localhost:5354/__cypress/runner/cypress_runner.js:130823:10)\n    at Async.drainQueues (http://localhost:5354/__cypress/runner/cypress_runner.js:130697:14)",
                "diff": null
              },
              "uuid": "1eae870b-bca9-410f-ae94-338c9ef4e2bd",
              "parentUUID": "8b2a7f07-2440-4e4a-a0aa-11b0e10a0939",
              "isHook": false,
              "skipped": false
            },
            {
              "title": "Error message should display when trying to login without username",
              "fullTitle": "Admin Site Login Page Test Error message should display when trying to login without username",
              "timedOut": null,
              "duration": 25333,
              "state": "failed",
              "speed": null,
              "pass": false,
              "fail": true,
              "pending": false,
              "context": "\"assets/FoD\\\\FodAdminLogInPageTest.spec.js/Admin Site Login Page Test--Error message should display when trying to login without username(failed).png\"",
              "code": "adminLoginPage.verifyErrorMessageDisplayedWithoutEnteringUsername();",
              "err": {
                "message": "CypressError: Timed out retrying: Expected to find element: '#loginEmail', but never found it.",
                "estack": "CypressError: Timed out retrying: Expected to find element: '#loginEmail', but never found it.\n    at Object.cypressErr (http://localhost:5354/__cypress/runner/cypress_runner.js:102176:11)\n    at Object.throwErr (http://localhost:5354/__cypress/runner/cypress_runner.js:102128:18)\n    at Object.throwErrByPath (http://localhost:5354/__cypress/runner/cypress_runner.js:102163:17)\n    at retry (http://localhost:5354/__cypress/runner/cypress_runner.js:92756:16)\n    at onFailFn (http://localhost:5354/__cypress/runner/cypress_runner.js:80982:16)\n    at tryCatcher (http://localhost:5354/__cypress/runner/cypress_runner.js:136088:23)\n    at Promise._settlePromiseFromHandler (http://localhost:5354/__cypress/runner/cypress_runner.js:134024:31)\n    at Promise._settlePromise (http://localhost:5354/__cypress/runner/cypress_runner.js:134081:18)\n    at Promise._settlePromise0 (http://localhost:5354/__cypress/runner/cypress_runner.js:134126:10)\n    at Promise._settlePromises (http://localhost:5354/__cypress/runner/cypress_runner.js:134201:18)\n    at Async../node_modules/bluebird/js/release/async.js.Async._drainQueue (http://localhost:5354/__cypress/runner/cypress_runner.js:130813:16)\n    at Async../node_modules/bluebird/js/release/async.js.Async._drainQueues (http://localhost:5354/__cypress/runner/cypress_runner.js:130823:10)\n    at Async.drainQueues (http://localhost:5354/__cypress/runner/cypress_runner.js:130697:14)",
                "diff": null
              },
              "uuid": "bc0c5f8f-999b-444d-a4f3-b0c045366c2e",
              "parentUUID": "8b2a7f07-2440-4e4a-a0aa-11b0e10a0939",
              "isHook": false,
              "skipped": false
            },
            {
              "title": "Error message should display when try to login with invalid username and password",
              "fullTitle": "Admin Site Login Page Test Error message should display when try to login with invalid username and password",
              "timedOut": null,
              "duration": 25334,
              "state": "failed",
              "speed": null,
              "pass": false,
              "fail": true,
              "pending": false,
              "context": "\"assets/FoD\\\\FodAdminLogInPageTest.spec.js/Admin Site Login Page Test--Error message should display when try to login with invalid username and password(failed).png\"",
              "code": "adminLoginPage.verifyErrorMessageDisplayedForInvalidUsernameAndPassword();",
              "err": {
                "message": "CypressError: Timed out retrying: Expected to find element: '#loginEmail', but never found it.",
                "estack": "CypressError: Timed out retrying: Expected to find element: '#loginEmail', but never found it.\n    at Object.cypressErr (http://localhost:5354/__cypress/runner/cypress_runner.js:102176:11)\n    at Object.throwErr (http://localhost:5354/__cypress/runner/cypress_runner.js:102128:18)\n    at Object.throwErrByPath (http://localhost:5354/__cypress/runner/cypress_runner.js:102163:17)\n    at retry (http://localhost:5354/__cypress/runner/cypress_runner.js:92756:16)\n    at onFailFn (http://localhost:5354/__cypress/runner/cypress_runner.js:80982:16)\n    at tryCatcher (http://localhost:5354/__cypress/runner/cypress_runner.js:136088:23)\n    at Promise._settlePromiseFromHandler (http://localhost:5354/__cypress/runner/cypress_runner.js:134024:31)\n    at Promise._settlePromise (http://localhost:5354/__cypress/runner/cypress_runner.js:134081:18)\n    at Promise._settlePromise0 (http://localhost:5354/__cypress/runner/cypress_runner.js:134126:10)\n    at Promise._settlePromises (http://localhost:5354/__cypress/runner/cypress_runner.js:134201:18)\n    at Async../node_modules/bluebird/js/release/async.js.Async._drainQueue (http://localhost:5354/__cypress/runner/cypress_runner.js:130813:16)\n    at Async../node_modules/bluebird/js/release/async.js.Async._drainQueues (http://localhost:5354/__cypress/runner/cypress_runner.js:130823:10)\n    at Async.drainQueues (http://localhost:5354/__cypress/runner/cypress_runner.js:130697:14)",
                "diff": null
              },
              "uuid": "1185d74c-f3a5-42ce-a371-843aa304a053",
              "parentUUID": "8b2a7f07-2440-4e4a-a0aa-11b0e10a0939",
              "isHook": false,
              "skipped": false
            },
            {
              "title": "Verify Admin user can login to the site",
              "fullTitle": "Admin Site Login Page Test Verify Admin user can login to the site",
              "timedOut": null,
              "duration": 25478,
              "state": "failed",
              "speed": null,
              "pass": false,
              "fail": true,
              "pending": false,
              "context": "\"assets/FoD\\\\FodAdminLogInPageTest.spec.js/Admin Site Login Page Test--Verify Admin user can login to the site(failed).png\"",
              "code": "adminLoginPage.verifyAdminUserCanLoginToTheSite();",
              "err": {
                "message": "CypressError: Timed out after waiting '25000ms' for your remote page to load.\n\nYour page did not fire its 'load' event within '25000ms'.\n\nYou can try increasing the 'pageLoadTimeout' value in 'cypress.json' to wait longer.\n\nBrowsers will not fire the 'load' event until all stylesheets and scripts are done downloading.\n\nWhen this 'load' event occurs, Cypress will continue running commands.",
                "estack": "CypressError: Timed out after waiting '25000ms' for your remote page to load.\n\nYour page did not fire its 'load' event within '25000ms'.\n\nYou can try increasing the 'pageLoadTimeout' value in 'cypress.json' to wait longer.\n\nBrowsers will not fire the 'load' event until all stylesheets and scripts are done downloading.\n\nWhen this 'load' event occurs, Cypress will continue running commands.\n    at Object.cypressErr (http://localhost:5354/__cypress/runner/cypress_runner.js:102176:11)\n    at Object.throwErr (http://localhost:5354/__cypress/runner/cypress_runner.js:102128:18)\n    at Object.throwErrByPath (http://localhost:5354/__cypress/runner/cypress_runner.js:102163:17)\n    at timedOutWaitingForPageLoad (http://localhost:5354/__cypress/runner/cypress_runner.js:86578:17)\n    at http://localhost:5354/__cypress/runner/cypress_runner.js:87361:16\n    at tryCatcher (http://localhost:5354/__cypress/runner/cypress_runner.js:136088:23)\n    at http://localhost:5354/__cypress/runner/cypress_runner.js:131229:41\n    at tryCatcher (http://localhost:5354/__cypress/runner/cypress_runner.js:136088:23)\n    at Promise._settlePromiseFromHandler (http://localhost:5354/__cypress/runner/cypress_runner.js:134024:31)\n    at Promise._settlePromise (http://localhost:5354/__cypress/runner/cypress_runner.js:134081:18)\n    at Promise._settlePromise0 (http://localhost:5354/__cypress/runner/cypress_runner.js:134126:10)\n    at Promise._settlePromises (http://localhost:5354/__cypress/runner/cypress_runner.js:134201:18)\n    at Async../node_modules/bluebird/js/release/async.js.Async._drainQueue (http://localhost:5354/__cypress/runner/cypress_runner.js:130813:16)\n    at Async../node_modules/bluebird/js/release/async.js.Async._drainQueues (http://localhost:5354/__cypress/runner/cypress_runner.js:130823:10)\n    at Async.drainQueues (http://localhost:5354/__cypress/runner/cypress_runner.js:130697:14)",
                "diff": null
              },
              "uuid": "3b7a5ad7-1dbc-4ab3-bc80-bdc9b5852d1f",
              "parentUUID": "8b2a7f07-2440-4e4a-a0aa-11b0e10a0939",
              "isHook": false,
              "skipped": false
            }
          ],
          "suites": [],
          "passes": [],
          "failures": [
            "b7d3f433-9901-431f-9d6f-2edc8672f800",
            "3499c0f8-30b2-48a5-b168-a38c5544c8b0",
            "1eae870b-bca9-410f-ae94-338c9ef4e2bd",
            "bc0c5f8f-999b-444d-a4f3-b0c045366c2e",
            "1185d74c-f3a5-42ce-a371-843aa304a053",
            "3b7a5ad7-1dbc-4ab3-bc80-bdc9b5852d1f"
          ],
          "pending": [],
          "skipped": [],
          "duration": 152162,
          "root": false,
          "rootEmpty": false,
          "_timeout": 2000
        }
      ],
      "passes": [],
      "failures": [],
      "pending": [],
      "skipped": [],
      "duration": 0,
      "root": true,
      "rootEmpty": true,
      "_timeout": 2000
    },
    {
      "uuid": "a09765d9-9b26-46e7-8e15-b632b7336c33",
      "title": "",
      "fullFile": "cypress\\integration\\FoD\\FodapiTestPoc.spec.js",
      "file": "cypress\\integration\\FoD\\FodapiTestPoc.spec.js",
      "beforeHooks": [],
      "afterHooks": [],
      "tests": [],
      "suites": [
        {
          "uuid": "1cf67cb2-a12c-4264-bb71-9189acfb5dee",
          "title": "sample api test",
          "fullFile": "",
          "file": "",
          "beforeHooks": [],
          "afterHooks": [],
          "tests": [
            {
              "title": "get request",
              "fullTitle": "sample api test get request",
              "timedOut": null,
              "duration": 25407,
              "state": "failed",
              "speed": null,
              "pass": false,
              "fail": true,
              "pending": false,
              "context": "\"assets/FoD\\\\FodapiTestPoc.spec.js/sample api test--get request(failed).png\"",
              "code": "cy.request({\n  method: 'GET',\n  url: 'http://fodqa11-iis3/api/v3/tenants',\n  headers: {\n    Authorization: 'Bearer ' + localStorage.getItem('access_token')\n  }\n}).then(function (response) {\n  cy.log(response.body);\n  assert.equal(response.status, 200);\n  expect(response.body).to.not.be[\"null\"];\n});",
              "err": {
                "message": "CypressError: cy.request() timed out waiting 25000ms for a response from your server.\n\nThe request we sent was:\n\nMethod: GET\nURL: http://fodqa11-iis3/api/v3/tenants\n\nNo response was received within the timeout.",
                "estack": "CypressError: cy.request() timed out waiting 25000ms for a response from your server.\n\nThe request we sent was:\n\nMethod: GET\nURL: http://fodqa11-iis3/api/v3/tenants\n\nNo response was received within the timeout.\n    at Object.cypressErr (http://localhost:5354/__cypress/runner/cypress_runner.js:102176:11)\n    at Object.throwErr (http://localhost:5354/__cypress/runner/cypress_runner.js:102128:18)\n    at Object.throwErrByPath (http://localhost:5354/__cypress/runner/cypress_runner.js:102163:17)\n    at http://localhost:5354/__cypress/runner/cypress_runner.js:88380:23\n    at tryCatcher (http://localhost:5354/__cypress/runner/cypress_runner.js:136088:23)\n    at http://localhost:5354/__cypress/runner/cypress_runner.js:131229:41\n    at tryCatcher (http://localhost:5354/__cypress/runner/cypress_runner.js:136088:23)\n    at Promise._settlePromiseFromHandler (http://localhost:5354/__cypress/runner/cypress_runner.js:134024:31)\n    at Promise._settlePromise (http://localhost:5354/__cypress/runner/cypress_runner.js:134081:18)\n    at Promise._settlePromise0 (http://localhost:5354/__cypress/runner/cypress_runner.js:134126:10)\n    at Promise._settlePromises (http://localhost:5354/__cypress/runner/cypress_runner.js:134201:18)\n    at Async../node_modules/bluebird/js/release/async.js.Async._drainQueue (http://localhost:5354/__cypress/runner/cypress_runner.js:130813:16)\n    at Async../node_modules/bluebird/js/release/async.js.Async._drainQueues (http://localhost:5354/__cypress/runner/cypress_runner.js:130823:10)\n    at Async.drainQueues (http://localhost:5354/__cypress/runner/cypress_runner.js:130697:14)",
                "diff": null
              },
              "uuid": "67a4346d-1b3a-442b-8f81-6d3f7bd7659a",
              "parentUUID": "1cf67cb2-a12c-4264-bb71-9189acfb5dee",
              "isHook": false,
              "skipped": false
            },
            {
              "title": "Get Tenants features",
              "fullTitle": "sample api test Get Tenants features",
              "timedOut": null,
              "duration": 25346,
              "state": "failed",
              "speed": null,
              "pass": false,
              "fail": true,
              "pending": false,
              "context": "\"assets/FoD\\\\FodapiTestPoc.spec.js/sample api test--Get Tenants features(failed).png\"",
              "code": "cy.request({\n  method: 'GET',\n  url: 'http://fodqa11-iis3/api/v3/tenants/features',\n  headers: {\n    Authorization: 'Bearer ' + localStorage.getItem('access_token')\n  }\n}).then(function (response) {\n  cy.log(response.body);\n  assert.equal(response.status, 200);\n  expect(response.body).to.not.be[\"null\"];\n});",
              "err": {
                "message": "CypressError: cy.request() timed out waiting 25000ms for a response from your server.\n\nThe request we sent was:\n\nMethod: GET\nURL: http://fodqa11-iis3/api/v3/tenants/features\n\nNo response was received within the timeout.",
                "estack": "CypressError: cy.request() timed out waiting 25000ms for a response from your server.\n\nThe request we sent was:\n\nMethod: GET\nURL: http://fodqa11-iis3/api/v3/tenants/features\n\nNo response was received within the timeout.\n    at Object.cypressErr (http://localhost:5354/__cypress/runner/cypress_runner.js:102176:11)\n    at Object.throwErr (http://localhost:5354/__cypress/runner/cypress_runner.js:102128:18)\n    at Object.throwErrByPath (http://localhost:5354/__cypress/runner/cypress_runner.js:102163:17)\n    at http://localhost:5354/__cypress/runner/cypress_runner.js:88380:23\n    at tryCatcher (http://localhost:5354/__cypress/runner/cypress_runner.js:136088:23)\n    at http://localhost:5354/__cypress/runner/cypress_runner.js:131229:41\n    at tryCatcher (http://localhost:5354/__cypress/runner/cypress_runner.js:136088:23)\n    at Promise._settlePromiseFromHandler (http://localhost:5354/__cypress/runner/cypress_runner.js:134024:31)\n    at Promise._settlePromise (http://localhost:5354/__cypress/runner/cypress_runner.js:134081:18)\n    at Promise._settlePromise0 (http://localhost:5354/__cypress/runner/cypress_runner.js:134126:10)\n    at Promise._settlePromises (http://localhost:5354/__cypress/runner/cypress_runner.js:134201:18)\n    at Async../node_modules/bluebird/js/release/async.js.Async._drainQueue (http://localhost:5354/__cypress/runner/cypress_runner.js:130813:16)\n    at Async../node_modules/bluebird/js/release/async.js.Async._drainQueues (http://localhost:5354/__cypress/runner/cypress_runner.js:130823:10)\n    at Async.drainQueues (http://localhost:5354/__cypress/runner/cypress_runner.js:130697:14)",
                "diff": null
              },
              "uuid": "923ae985-0d16-491b-8b84-706ec215c031",
              "parentUUID": "1cf67cb2-a12c-4264-bb71-9189acfb5dee",
              "isHook": false,
              "skipped": false
            },
            {
              "title": "Create application",
              "fullTitle": "sample api test Create application",
              "timedOut": null,
              "duration": 25343,
              "state": "failed",
              "speed": null,
              "pass": false,
              "fail": true,
              "pending": false,
              "context": "\"assets/FoD\\\\FodapiTestPoc.spec.js/sample api test--Create application(failed).png\"",
              "code": "cy.request({\n  method: 'POST',\n  url: 'http://FODQA11-IIS3/api/v3/applications',\n  headers: {\n    Authorization: 'Bearer ' + localStorage.getItem('access_token')\n  },\n  body: {\n    applicationName: appName,\n    applicationDescription: \"The most epic App ever\",\n    applicationType: \"Web_Thick_Client\",\n    releaseName: \"TEST 123 \",\n    releaseDescription: \"Auto App Release\",\n    emailList: \"\",\n    ownerId: 9,\n    attributes: [],\n    businessCriticalityType: \"High\",\n    sdlcStatusType: \"Development\"\n  }\n}).then(function (response) {\n  cy.log(response.body);\n  assert.equal(response.status, 201);\n  expect(response.body).to.not.be[\"null\"];\n});",
              "err": {
                "message": "CypressError: cy.request() timed out waiting 25000ms for a response from your server.\n\nThe request we sent was:\n\nMethod: POST\nURL: http://fodqa11-iis3/api/v3/applications\n\nNo response was received within the timeout.",
                "estack": "CypressError: cy.request() timed out waiting 25000ms for a response from your server.\n\nThe request we sent was:\n\nMethod: POST\nURL: http://fodqa11-iis3/api/v3/applications\n\nNo response was received within the timeout.\n    at Object.cypressErr (http://localhost:5354/__cypress/runner/cypress_runner.js:102176:11)\n    at Object.throwErr (http://localhost:5354/__cypress/runner/cypress_runner.js:102128:18)\n    at Object.throwErrByPath (http://localhost:5354/__cypress/runner/cypress_runner.js:102163:17)\n    at http://localhost:5354/__cypress/runner/cypress_runner.js:88380:23\n    at tryCatcher (http://localhost:5354/__cypress/runner/cypress_runner.js:136088:23)\n    at http://localhost:5354/__cypress/runner/cypress_runner.js:131229:41\n    at tryCatcher (http://localhost:5354/__cypress/runner/cypress_runner.js:136088:23)\n    at Promise._settlePromiseFromHandler (http://localhost:5354/__cypress/runner/cypress_runner.js:134024:31)\n    at Promise._settlePromise (http://localhost:5354/__cypress/runner/cypress_runner.js:134081:18)\n    at Promise._settlePromise0 (http://localhost:5354/__cypress/runner/cypress_runner.js:134126:10)\n    at Promise._settlePromises (http://localhost:5354/__cypress/runner/cypress_runner.js:134201:18)\n    at Async../node_modules/bluebird/js/release/async.js.Async._drainQueue (http://localhost:5354/__cypress/runner/cypress_runner.js:130813:16)\n    at Async../node_modules/bluebird/js/release/async.js.Async._drainQueues (http://localhost:5354/__cypress/runner/cypress_runner.js:130823:10)\n    at Async.drainQueues (http://localhost:5354/__cypress/runner/cypress_runner.js:130697:14)",
                "diff": null
              },
              "uuid": "6e089b48-ace0-4bed-a8f8-38accb984bad",
              "parentUUID": "1cf67cb2-a12c-4264-bb71-9189acfb5dee",
              "isHook": false,
              "skipped": false
            }
          ],
          "suites": [],
          "passes": [],
          "failures": [
            "67a4346d-1b3a-442b-8f81-6d3f7bd7659a",
            "923ae985-0d16-491b-8b84-706ec215c031",
            "6e089b48-ace0-4bed-a8f8-38accb984bad"
          ],
          "pending": [],
          "skipped": [],
          "duration": 76096,
          "root": false,
          "rootEmpty": false,
          "_timeout": 2000
        }
      ],
      "passes": [],
      "failures": [],
      "pending": [],
      "skipped": [],
      "duration": 0,
      "root": true,
      "rootEmpty": true,
      "_timeout": 2000
    },
    {
      "uuid": "765972d0-bae8-44e6-8972-54fe86de7a80",
      "title": "",
      "fullFile": "cypress\\integration\\FoD\\FodApplicationsTabTenantsDetailsPageTest.spec.js",
      "file": "cypress\\integration\\FoD\\FodApplicationsTabTenantsDetailsPageTest.spec.js",
      "beforeHooks": [],
      "afterHooks": [],
      "tests": [],
      "suites": [
        {
          "uuid": "e14b8869-09c0-400b-8aba-b3b47587e62e",
          "title": "Applications tab at tenant details page (18005)",
          "fullFile": "",
          "file": "",
          "beforeHooks": [],
          "afterHooks": [],
          "tests": [
            {
              "title": "Create a tenant",
              "fullTitle": "Applications tab at tenant details page (18005) Create a tenant",
              "timedOut": null,
              "duration": 25335,
              "state": "failed",
              "speed": null,
              "pass": false,
              "fail": true,
              "pending": false,
              "context": "\"assets/FoD\\\\FodApplicationsTabTenantsDetailsPageTest.spec.js/Applications tab at tenant details page (18005)--Create a tenant(failed).png\"",
              "code": "var tenantId = 'AUTO-TENANT1-' + Date.now();\nloginPage.loginToAdminSite(\"zeusadmin\", \"Spi!pass007^\");\ntenantsPage.navigateToTenantsPage();\ntenantsPage.createTenant(tenantId);\nCypress.currentTest.retries(1);",
              "err": {
                "message": "CypressError: Timed out after waiting '25000ms' for your remote page to load.\n\nYour page did not fire its 'load' event within '25000ms'.\n\nYou can try increasing the 'pageLoadTimeout' value in 'cypress.json' to wait longer.\n\nBrowsers will not fire the 'load' event until all stylesheets and scripts are done downloading.\n\nWhen this 'load' event occurs, Cypress will continue running commands.",
                "estack": "CypressError: Timed out after waiting '25000ms' for your remote page to load.\n\nYour page did not fire its 'load' event within '25000ms'.\n\nYou can try increasing the 'pageLoadTimeout' value in 'cypress.json' to wait longer.\n\nBrowsers will not fire the 'load' event until all stylesheets and scripts are done downloading.\n\nWhen this 'load' event occurs, Cypress will continue running commands.\n    at Object.cypressErr (http://localhost:5354/__cypress/runner/cypress_runner.js:102176:11)\n    at Object.throwErr (http://localhost:5354/__cypress/runner/cypress_runner.js:102128:18)\n    at Object.throwErrByPath (http://localhost:5354/__cypress/runner/cypress_runner.js:102163:17)\n    at timedOutWaitingForPageLoad (http://localhost:5354/__cypress/runner/cypress_runner.js:86578:17)\n    at http://localhost:5354/__cypress/runner/cypress_runner.js:87361:16\n    at tryCatcher (http://localhost:5354/__cypress/runner/cypress_runner.js:136088:23)\n    at http://localhost:5354/__cypress/runner/cypress_runner.js:131229:41\n    at tryCatcher (http://localhost:5354/__cypress/runner/cypress_runner.js:136088:23)\n    at Promise._settlePromiseFromHandler (http://localhost:5354/__cypress/runner/cypress_runner.js:134024:31)\n    at Promise._settlePromise (http://localhost:5354/__cypress/runner/cypress_runner.js:134081:18)\n    at Promise._settlePromise0 (http://localhost:5354/__cypress/runner/cypress_runner.js:134126:10)\n    at Promise._settlePromises (http://localhost:5354/__cypress/runner/cypress_runner.js:134201:18)\n    at Async../node_modules/bluebird/js/release/async.js.Async._drainQueue (http://localhost:5354/__cypress/runner/cypress_runner.js:130813:16)\n    at Async../node_modules/bluebird/js/release/async.js.Async._drainQueues (http://localhost:5354/__cypress/runner/cypress_runner.js:130823:10)\n    at Async.drainQueues (http://localhost:5354/__cypress/runner/cypress_runner.js:130697:14)",
                "diff": null
              },
              "uuid": "6b9b996c-a6ad-4612-9486-6a55b87faf93",
              "parentUUID": "e14b8869-09c0-400b-8aba-b3b47587e62e",
              "isHook": false,
              "skipped": false
            },
            {
              "title": "create an application",
              "fullTitle": "Applications tab at tenant details page (18005) create an application",
              "timedOut": null,
              "duration": 25353,
              "state": "failed",
              "speed": null,
              "pass": false,
              "fail": true,
              "pending": false,
              "context": "\"assets/FoD\\\\FodApplicationsTabTenantsDetailsPageTest.spec.js/Applications tab at tenant details page (18005)--create an application(failed).png\"",
              "code": "loginPage.loginToTenantSite('AUTO-TAM', 'Spi!pass007^', 'tenantId');\nappName.forEach(function (app) {\n  appPage.createApplication(app, 'High', 'Web / Thick-Client', 'Production');\n});\nCypress.currentTest.retries(1);",
              "err": {
                "message": "CypressError: Timed out after waiting '25000ms' for your remote page to load.\n\nYour page did not fire its 'load' event within '25000ms'.\n\nYou can try increasing the 'pageLoadTimeout' value in 'cypress.json' to wait longer.\n\nBrowsers will not fire the 'load' event until all stylesheets and scripts are done downloading.\n\nWhen this 'load' event occurs, Cypress will continue running commands.",
[...]
                "diff": null
              },
              "uuid": "2015414d-6674-4ee6-b6e8-97703cbdaaf0",
              "parentUUID": "e1d5ad5f-4e3e-49ce-aca0-2b0601403e07",
              "isHook": false,
              "skipped": false
            },
            {
              "title": "Error message should display when trying to login without tenantID",
              "fullTitle": "Tenant Site Login Page Test Error message should display when trying to login without tenantID",
              "timedOut": null,
              "duration": 25337,
              "state": "failed",
              "speed": null,
              "pass": false,
              "fail": true,
              "pending": false,
              "context": "\"assets/FoD\\\\FodTenantLogInPageTest.spec.js/Tenant Site Login Page Test--Error message should display when trying to login without tenantID(failed).png\"",
              "code": "loginPage.verifyErrorMessageDisplayedWithoutEnteringTenant();",
              "err": {
                "message": "CypressError: Timed out retrying: Expected to find element: '#loginEmail', but never found it.",
                "estack": "CypressError: Timed out retrying: Expected to find element: '#loginEmail', but never found it.\n    at Object.cypressErr (http://localhost:6007/__cypress/runner/cypress_runner.js:102176:11)\n    at Object.throwErr (http://localhost:6007/__cypress/runner/cypress_runner.js:102128:18)\n    at Object.throwErrByPath (http://localhost:6007/__cypress/runner/cypress_runner.js:102163:17)\n    at retry (http://localhost:6007/__cypress/runner/cypress_runner.js:92756:16)\n    at onFailFn (http://localhost:6007/__cypress/runner/cypress_runner.js:80982:16)\n    at tryCatcher (http://localhost:6007/__cypress/runner/cypress_runner.js:136088:23)\n    at Promise._settlePromiseFromHandler (http://localhost:6007/__cypress/runner/cypress_runner.js:134024:31)\n    at Promise._settlePromise (http://localhost:6007/__cypress/runner/cypress_runner.js:134081:18)\n    at Promise._settlePromise0 (http://localhost:6007/__cypress/runner/cypress_runner.js:134126:10)\n    at Promise._settlePromises (http://localhost:6007/__cypress/runner/cypress_runner.js:134201:18)\n    at Async../node_modules/bluebird/js/release/async.js.Async._drainQueue (http://localhost:6007/__cypress/runner/cypress_runner.js:130813:16)\n    at Async../node_modules/bluebird/js/release/async.js.Async._drainQueues (http://localhost:6007/__cypress/runner/cypress_runner.js:130823:10)\n    at Async.drainQueues (http://localhost:6007/__cypress/runner/cypress_runner.js:130697:14)",
                "diff": null
              },
              "uuid": "2a7e650e-e7ae-436d-ab53-da62c967abd2",
              "parentUUID": "e1d5ad5f-4e3e-49ce-aca0-2b0601403e07",
              "isHook": false,
              "skipped": false
            },
            {
              "title": "Error message should display when try to login with invalid username, password and tenantID",
              "fullTitle": "Tenant Site Login Page Test Error message should display when try to login with invalid username, password and tenantID",
              "timedOut": null,
              "duration": 25332,
              "state": "failed",
              "speed": null,
              "pass": false,
              "fail": true,
              "pending": false,
              "context": "\"assets/FoD\\\\FodTenantLogInPageTest.spec.js/Tenant Site Login Page Test--Error message should display when try to login with invalid username, password and tenantID(failed).png\"",
              "code": "loginPage.verifyErrorMessageDisplayedForInvalidUserNamePasswordAndTenant();",
              "err": {
                "message": "CypressError: Timed out retrying: Expected to find element: '#loginEmail', but never found it.",
                "estack": "CypressError: Timed out retrying: Expected to find element: '#loginEmail', but never found it.\n    at Object.cypressErr (http://localhost:6007/__cypress/runner/cypress_runner.js:102176:11)\n    at Object.throwErr (http://localhost:6007/__cypress/runner/cypress_runner.js:102128:18)\n    at Object.throwErrByPath (http://localhost:6007/__cypress/runner/cypress_runner.js:102163:17)\n    at retry (http://localhost:6007/__cypress/runner/cypress_runner.js:92756:16)\n    at onFailFn (http://localhost:6007/__cypress/runner/cypress_runner.js:80982:16)\n    at tryCatcher (http://localhost:6007/__cypress/runner/cypress_runner.js:136088:23)\n    at Promise._settlePromiseFromHandler (http://localhost:6007/__cypress/runner/cypress_runner.js:134024:31)\n    at Promise._settlePromise (http://localhost:6007/__cypress/runner/cypress_runner.js:134081:18)\n    at Promise._settlePromise0 (http://localhost:6007/__cypress/runner/cypress_runner.js:134126:10)\n    at Promise._settlePromises (http://localhost:6007/__cypress/runner/cypress_runner.js:134201:18)\n    at Async../node_modules/bluebird/js/release/async.js.Async._drainQueue (http://localhost:6007/__cypress/runner/cypress_runner.js:130813:16)\n    at Async../node_modules/bluebird/js/release/async.js.Async._drainQueues (http://localhost:6007/__cypress/runner/cypress_runner.js:130823:10)\n    at Async.drainQueues (http://localhost:6007/__cypress/runner/cypress_runner.js:130697:14)",
                "diff": null
              },
              "uuid": "9ddeaeae-d196-4021-8d3e-69db6abedaa2",
              "parentUUID": "e1d5ad5f-4e3e-49ce-aca0-2b0601403e07",
              "isHook": false,
              "skipped": false
            },
            {
              "title": "Choose Tenant Page should Display for valid Tenant Users",
              "fullTitle": "Tenant Site Login Page Test Choose Tenant Page should Display for valid Tenant Users",
              "timedOut": null,
              "duration": 25356,
              "state": "failed",
              "speed": null,
              "pass": false,
              "fail": true,
              "pending": false,
              "context": "\"assets/FoD\\\\FodTenantLogInPageTest.spec.js/Tenant Site Login Page Test--Choose Tenant Page should Display for valid Tenant Users(failed).png\"",
              "code": "loginPage.verifyChooseTenantPageDisplayedForValidUsers();",
              "err": {
                "message": "CypressError: Timed out retrying: Expected to find element: '#loginEmail', but never found it.",
                "estack": "CypressError: Timed out retrying: Expected to find element: '#loginEmail', but never found it.\n    at Object.cypressErr (http://localhost:6007/__cypress/runner/cypress_runner.js:102176:11)\n    at Object.throwErr (http://localhost:6007/__cypress/runner/cypress_runner.js:102128:18)\n    at Object.throwErrByPath (http://localhost:6007/__cypress/runner/cypress_runner.js:102163:17)\n    at retry (http://localhost:6007/__cypress/runner/cypress_runner.js:92756:16)\n    at onFailFn (http://localhost:6007/__cypress/runner/cypress_runner.js:80982:16)\n    at tryCatcher (http://localhost:6007/__cypress/runner/cypress_runner.js:136088:23)\n    at Promise._settlePromiseFromHandler (http://localhost:6007/__cypress/runner/cypress_runner.js:134024:31)\n    at Promise._settlePromise (http://localhost:6007/__cypress/runner/cypress_runner.js:134081:18)\n    at Promise._settlePromise0 (http://localhost:6007/__cypress/runner/cypress_runner.js:134126:10)\n    at Promise._settlePromises (http://localhost:6007/__cypress/runner/cypress_runner.js:134201:18)\n    at Async../node_modules/bluebird/js/release/async.js.Async._drainQueue (http://localhost:6007/__cypress/runner/cypress_runner.js:130813:16)\n    at Async../node_modules/bluebird/js/release/async.js.Async._drainQueues (http://localhost:6007/__cypress/runner/cypress_runner.js:130823:10)\n    at Async.drainQueues (http://localhost:6007/__cypress/runner/cypress_runner.js:130697:14)",
                "diff": null
              },
              "uuid": "58232bcd-a6bb-4c1b-8da1-003a7f784854",
              "parentUUID": "e1d5ad5f-4e3e-49ce-aca0-2b0601403e07",
              "isHook": false,
              "skipped": false
            },
            {
              "title": "Verify Tenant user can login to the site after selecting a tenant",
              "fullTitle": "Tenant Site Login Page Test Verify Tenant user can login to the site after selecting a tenant",
              "timedOut": null,
              "duration": 25350,
              "state": "failed",
              "speed": null,
              "pass": false,
              "fail": true,
              "pending": false,
              "context": "\"assets/FoD\\\\FodTenantLogInPageTest.spec.js/Tenant Site Login Page Test--Verify Tenant user can login to the site after selecting a tenant(failed).png\"",
              "code": "loginPage.verifyValidTenantsCanLoginToTheSite();",
              "err": {
                "message": "CypressError: Timed out after waiting '25000ms' for your remote page to load.\n\nYour page did not fire its 'load' event within '25000ms'.\n\nYou can try increasing the 'pageLoadTimeout' value in 'cypress.json' to wait longer.\n\nBrowsers will not fire the 'load' event until all stylesheets and scripts are done downloading.\n\nWhen this 'load' event occurs, Cypress will continue running commands.",
                "estack": "CypressError: Timed out after waiting '25000ms' for your remote page to load.\n\nYour page did not fire its 'load' event within '25000ms'.\n\nYou can try increasing the 'pageLoadTimeout' value in 'cypress.json' to wait longer.\n\nBrowsers will not fire the 'load' event until all stylesheets and scripts are done downloading.\n\nWhen this 'load' event occurs, Cypress will continue running commands.\n    at Object.cypressErr (http://localhost:6007/__cypress/runner/cypress_runner.js:102176:11)\n    at Object.throwErr (http://localhost:6007/__cypress/runner/cypress_runner.js:102128:18)\n    at Object.throwErrByPath (http://localhost:6007/__cypress/runner/cypress_runner.js:102163:17)\n    at timedOutWaitingForPageLoad (http://localhost:6007/__cypress/runner/cypress_runner.js:86578:17)\n    at http://localhost:6007/__cypress/runner/cypress_runner.js:87361:16\n    at tryCatcher (http://localhost:6007/__cypress/runner/cypress_runner.js:136088:23)\n    at http://localhost:6007/__cypress/runner/cypress_runner.js:131229:41\n    at tryCatcher (http://localhost:6007/__cypress/runner/cypress_runner.js:136088:23)\n    at Promise._settlePromiseFromHandler (http://localhost:6007/__cypress/runner/cypress_runner.js:134024:31)\n    at Promise._settlePromise (http://localhost:6007/__cypress/runner/cypress_runner.js:134081:18)\n    at Promise._settlePromise0 (http://localhost:6007/__cypress/runner/cypress_runner.js:134126:10)\n    at Promise._settlePromises (http://localhost:6007/__cypress/runner/cypress_runner.js:134201:18)\n    at Async../node_modules/bluebird/js/release/async.js.Async._drainQueue (http://localhost:6007/__cypress/runner/cypress_runner.js:130813:16)\n    at Async../node_modules/bluebird/js/release/async.js.Async._drainQueues (http://localhost:6007/__cypress/runner/cypress_runner.js:130823:10)\n    at Async.drainQueues (http://localhost:6007/__cypress/runner/cypress_runner.js:130697:14)",
                "diff": null
              },
              "uuid": "34c42af0-25b0-43a1-a5e6-4eb70fbe2aac",
              "parentUUID": "e1d5ad5f-4e3e-49ce-aca0-2b0601403e07",
              "isHook": false,
              "skipped": false
            }
          ],
          "suites": [],
          "passes": [],
          "failures": [
            "bc0a33ca-c5eb-4fff-b2a9-8c42cd6ffc4d",
            "9ff9c974-0534-4af1-a38a-e6a8c8e91e3b",
            "c1e4bc4f-9fa7-475b-b44b-119122dc177b",
            "2015414d-6674-4ee6-b6e8-97703cbdaaf0",
            "2a7e650e-e7ae-436d-ab53-da62c967abd2",
            "9ddeaeae-d196-4021-8d3e-69db6abedaa2",
            "58232bcd-a6bb-4c1b-8da1-003a7f784854",
            "34c42af0-25b0-43a1-a5e6-4eb70fbe2aac"
          ],
          "pending": [],
          "skipped": [],
          "duration": 202662,
          "root": false,
          "rootEmpty": false,
          "_timeout": 2000
        }
      ],
      "passes": [],
      "failures": [],
      "pending": [],
      "skipped": [],
      "duration": 0,
      "root": true,
      "rootEmpty": true,
      "_timeout": 2000
    },
    {
      "uuid": "816eb087-1e1f-4a93-a9cc-855476d2e6b0",
      "title": "",
      "fullFile": "cypress\\integration\\FoD\\loginPageTestpoc.spec.js",
      "file": "cypress\\integration\\FoD\\loginPageTestpoc.spec.js",
      "beforeHooks": [],
      "afterHooks": [],
      "tests": [],
      "suites": [
        {
          "uuid": "567824ae-aa7b-4513-b7a7-fd65dc6dd7b8",
          "title": "Verify tenant login page - ",
          "fullFile": "",
          "file": "",
          "beforeHooks": [],
          "afterHooks": [],
          "tests": [
            {
              "title": "Verify tenant page displayed and check all the elements displayed  ",
              "fullTitle": "Verify tenant login page -  Verify tenant page displayed and check all the elements displayed  ",
              "timedOut": null,
              "duration": 25412,
              "state": "failed",
              "speed": null,
              "pass": false,
              "fail": true,
              "pending": false,
              "context": "\"assets/FoD\\\\loginPageTestpoc.spec.js/Verify tenant login page - --Verify tenant page displayed and check all the elements displayed  (failed).png\"",
              "code": "cy.visit(Cypress.env(\"tenantSite\"));\ncy.get('.plus_art > object').should('exist');\ncy.get('#mf-logo').should('exist');\ncy.get('.btn-link').should('exist').and('contain', 'Fortify Security Products');\ncy.get('#nav-collapse > .btn-primary').should('have.attr', 'href').and('include', 'https://software.microfocus.com/en-us/software/fortify-on-demand');\ncy.get('h1').should('contain', \"Fortify\");\ncy.get('h2').should('contain', 'on Demand');\ncy.get('#loginEmail').should('have.attr', 'placeholder', 'Username');\ncy.get('#loginPassword').should('have.attr', 'placeholder', 'Password');\ncy.get('#loginTenantID').should('have.attr', 'placeholder', 'Tenant');\ncy.get('.forgot-password > a').should('exist').and('contain', 'Forgot Your Password?');\ncy.get('.mf-logo > object').should('exist');\ncy.get('#btnLogin').should('exist').and('be.enabled');\ncy.get('#btnLogin').click();\ncy.get('#login-error > ul > li').should('exist').and('contain', 'Username is required.');\ncy.get('#loginEmail').type('fake');\ncy.get('#btnLogin').click();\ncy.get('#login-error > ul > li').should('exist').and('contain', 'Password is required.');\ncy.get('.catch_phrase').should('exist').and('contain', 'Find Fix');\ncy.xpath('//a[text()=\"Fortify\"]').should('have.attr', 'href', 'https://software.microfocus.com/en-us/software/fortify-on-demand').and(); // Cypress.currentTest.retries(2)",
              "err": {
                "message": "CypressError: Timed out after waiting '25000ms' for your remote page to load.\n\nYour page did not fire its 'load' event within '25000ms'.\n\nYou can try increasing the 'pageLoadTimeout' value in 'cypress.json' to wait longer.\n\nBrowsers will not fire the 'load' event until all stylesheets and scripts are done downloading.\n\nWhen this 'load' event occurs, Cypress will continue running commands.",
                "estack": "CypressError: Timed out after waiting '25000ms' for your remote page to load.\n\nYour page did not fire its 'load' event within '25000ms'.\n\nYou can try increasing the 'pageLoadTimeout' value in 'cypress.json' to wait longer.\n\nBrowsers will not fire the 'load' event until all stylesheets and scripts are done downloading.\n\nWhen this 'load' event occurs, Cypress will continue running commands.\n    at Object.cypressErr (http://localhost:6007/__cypress/runner/cypress_runner.js:102176:11)\n    at Object.throwErr (http://localhost:6007/__cypress/runner/cypress_runner.js:102128:18)\n    at Object.throwErrByPath (http://localhost:6007/__cypress/runner/cypress_runner.js:102163:17)\n    at timedOutWaitingForPageLoad (http://localhost:6007/__cypress/runner/cypress_runner.js:86578:17)\n    at http://localhost:6007/__cypress/runner/cypress_runner.js:87361:16\n    at tryCatcher (http://localhost:6007/__cypress/runner/cypress_runner.js:136088:23)\n    at http://localhost:6007/__cypress/runner/cypress_runner.js:131229:41\n    at tryCatcher (http://localhost:6007/__cypress/runner/cypress_runner.js:136088:23)\n    at Promise._settlePromiseFromHandler (http://localhost:6007/__cypress/runner/cypress_runner.js:134024:31)\n    at Promise._settlePromise (http://localhost:6007/__cypress/runner/cypress_runner.js:134081:18)\n    at Promise._settlePromise0 (http://localhost:6007/__cypress/runner/cypress_runner.js:134126:10)\n    at Promise._settlePromises (http://localhost:6007/__cypress/runner/cypress_runner.js:134201:18)\n    at Async../node_modules/bluebird/js/release/async.js.Async._drainQueue (http://localhost:6007/__cypress/runner/cypress_runner.js:130813:16)\n    at Async../node_modules/bluebird/js/release/async.js.Async._drainQueues (http://localhost:6007/__cypress/runner/cypress_runner.js:130823:10)\n    at Async.drainQueues (http://localhost:6007/__cypress/runner/cypress_runner.js:130697:14)",
                "diff": null
              },
              "uuid": "95d4b944-27cc-4847-8b95-c82c47ec655a",
              "parentUUID": "567824ae-aa7b-4513-b7a7-fd65dc6dd7b8",
              "isHook": false,
              "skipped": false
            }
          ],
          "suites": [],
          "passes": [],
          "failures": [
            "95d4b944-27cc-4847-8b95-c82c47ec655a"
          ],
          "pending": [],
          "skipped": [],
          "duration": 25412,
          "root": false,
          "rootEmpty": false,
          "_timeout": 2000
        }
      ],
      "passes": [],
      "failures": [],
      "pending": [],
      "skipped": [],
      "duration": 0,
      "root": true,
      "rootEmpty": true,
      "_timeout": 2000
    }
  ],
  "meta": {
    "mocha": {
      "version": "5.2.0"
    },
    "mochawesome": {
      "options": {
        "quiet": false,
        "reportFilename": "mochawesome",
        "saveHtml": false,
        "saveJson": true,
        "consoleReporter": "spec",
        "useInlineDiffs": false
      },
      "version": "4.1.0"
    },
    "marge": {
      "options": {
        "id": "default",
        "reportDir": "cypress/reports/mocha",
        "quite": true,
        "overwrite": false,
        "html": false,
        "json": true,
        "timestamp": "mmddyyyy_HHMMss"
      },
      "version": "4.1.0"
    }
  }
}