{
  "stats": {
    "suites": 1,
    "tests": 0,
    "passes": 0,
    "pending": 0,
    "failures": 0,
    "start": "2019-11-24T22:36:05.342Z",
    "end": "2019-11-24T22:36:09.621Z",
    "duration": 4279,
    "testsRegistered": 1,
    "passPercent": 0,
    "pendingPercent": 0,
    "other": 1,
    "hasOther": true,
    "skipped": 1,
    "hasSkipped": true
  },
  "results": [
    {
      "uuid": "e812b345-4b0b-406e-bca2-fa0b0c1e62de",
      "title": "",
      "fullFile": "",
      "file": "",
      "beforeHooks": [],
      "afterHooks": [],
      "tests": [],
      "suites": [
        {
          "uuid": "6405f0a3-7bb6-401d-af3d-99a3147ae6bc",
          "title": "Applitools visual validation POC",
          "fullFile": "",
          "file": "",
          "beforeHooks": [],
          "afterHooks": [],
          "tests": [
            {
              "title": "Visual test adding a tenants ",
              "fullTitle": "Applitools visual validation POC Visual test adding a tenants ",
              "timedOut": null,
              "duration": 723,
              "state": "failed",
              "speed": null,
              "pass": false,
              "fail": true,
              "pending": false,
              "context": "\"assets/FoD\\\\ApplitoolsVisualValidationPOC.spec.js/Applitools visual validation POC--Visual test adding a tenants (failed).png\"",
              "code": "cy.LoginToAdminSite(\"zeusadmin\", \"Spi!pass007^\");\ncy.eyesCheckWindow('Admin Page dashboard');\ncy.get('.navbar-nav a').contains('Administration').click();\ncy.get('.dropdown-menu').contains('Tenants').click();\ncy.get('[data-action=\"add-tenant\"]').click();\ncy.get('#secLeadUserName').type('AUTO-TENANT1234');\ncy.get('#secLeadEmail').type('AUTO-TENANT1234@fod.auto');\ncy.get('#secLeadFirstName').type('AUTO-SL1');\ncy.get('#secLeadLastName').type('AUTO-SL1');\ncy.eyesCheckWindow('Security Lead Page Summary');\ncy.get('[data-action=\"next\"]').click();\ncy.get('#tenantName').type('AUTO-TENANT1234');\ncy.get('#tenantCode').type('AUTO-TENANT1234');\ncy.get('#addressStreet1').type('5555 Windward Pkwy\"');\ncy.get('#addressCity').type('Alpharetta');\ncy.get('#addressCountry').select('Uganda');\ncy.get('#timeZone').select('(UTC) Coordinated Universal Time');\ncy.eyesCheckWindow('Tenant Details Summary');\ncy.get('[data-action=\"next\"]').click();\ncy.get('#entitlementPaymentType').select('Other');\ncy.eyesCheckWindow('Tenant Entitlement Info summary');\ncy.get('[data-action=\"next\"]').click();\ncy.get('#industryType').select('Information Technology');\ncy.get('[data-action=\"next\"]').click();\ncy.eyesCheckWindow('Tenants Summary');",
              "err": {
                "message": "Error: Request failed with status code 403 (Forbidden)\n\nBecause this error occurred during a 'before each' hook we are skipping the remaining tests in the current suite: 'Applitools visual validatio...'",
                "estack": "Error: Request failed with status code 403 (Forbidden)\n\nBecause this error occurred during a 'before each' hook we are skipping the remaining tests in the current suite: 'Applitools visual validatio...'\n    at http://localhost:55279/__cypress/tests?p=cypress\\support\\index.js-824:1664:17",
                "diff": null
              },
              "uuid": "35ad364c-aefe-4780-849e-ae4d9a71e04e",
              "parentUUID": "6405f0a3-7bb6-401d-af3d-99a3147ae6bc",
              "isHook": false,
              "skipped": false
            }
          ],
          "suites": [],
          "passes": [],
          "failures": [
            "35ad364c-aefe-4780-849e-ae4d9a71e04e"
          ],
          "pending": [],
          "skipped": [],
          "duration": 723,
          "root": false,
          "rootEmpty": false,
          "_timeout": 2000
        }
      ],
      "passes": [],
      "failures": [],
      "pending": [],
      "skipped": [],
      "duration": 0,
      "root": true,
      "rootEmpty": true,
      "_timeout": 2000
    }
  ],
  "meta": {
    "mocha": {
      "version": "5.2.0"
    },
    "mochawesome": {
      "options": {
        "quiet": false,
        "reportFilename": "mochawesome",
        "saveHtml": true,
        "saveJson": true,
        "consoleReporter": "spec",
        "useInlineDiffs": false
      },
      "version": "4.1.0"
    },
    "marge": {
      "options": {
        "reportDir": "cypress/results",
        "overwrite": true,
        "html": true,
        "json": true,
        "timestamp": "mmddyyyy_HHMMss"
      },
      "version": "4.0.1"
    }
  }
}