{
  "stats": {
    "suites": 1,
    "tests": 2,
    "passes": 1,
    "pending": 0,
    "failures": 1,
    "start": "2019-11-22T15:52:01.710Z",
    "end": "2019-11-22T15:52:40.042Z",
    "duration": 38332,
    "testsRegistered": 2,
    "passPercent": 50,
    "pendingPercent": 0,
    "other": 0,
    "hasOther": false,
    "skipped": 0,
    "hasSkipped": false
  },
  "results": [
    {
      "uuid": "9721f851-2645-42c7-b169-0fd63b5dc94e",
      "title": "",
      "fullFile": "",
      "file": "",
      "beforeHooks": [],
      "afterHooks": [],
      "tests": [],
      "suites": [
        {
          "uuid": "020e60ce-01a7-491b-b393-de517a71ee4e",
          "title": "page object test",
          "fullFile": "",
          "file": "",
          "beforeHooks": [],
          "afterHooks": [],
          "tests": [
            {
              "title": "Tenants login page test",
              "fullTitle": "page object test Tenants login page test",
              "timedOut": null,
              "duration": 1598,
              "state": "passed",
              "speed": "slow",
              "pass": true,
              "fail": false,
              "pending": false,
              "context": null,
              "code": "loginPage.verifyTenantsLoginPageDisplayed();",
              "err": {},
              "uuid": "8b77c984-a52c-4406-a350-ace770f634d5",
              "parentUUID": "020e60ce-01a7-491b-b393-de517a71ee4e",
              "isHook": false,
              "skipped": false
            },
            {
              "title": "login to tenants page",
              "fullTitle": "page object test login to tenants page",
              "timedOut": null,
              "duration": 30318,
              "state": "failed",
              "speed": null,
              "pass": false,
              "fail": true,
              "pending": false,
              "context": "\"assets/FoD\\\\loginPageTest.spec.js/page object test--login to tenants page(failed).png\"",
              "code": "loginPage.loginToTenantSite('AUTO-TAM', 'Spi!pass007^', 'AUTO-TENANT');\napplicationsPage.verifyApplicationsPageDisplayed();\ncy.contains('testFP').click();\ncy.get('div.nav-tabs li>a[data-tabaction=\"SettingsSummary\"]').click({\n  force: true\n});",
              "err": {
                "message": "CypressError: Timed out retrying: Expected to find content: 'testFP' but never did.",
                "estack": "CypressError: Timed out retrying: Expected to find content: 'testFP' but never did.\n    at Object.cypressErr (https://fodqa11-iis2/__cypress/runner/cypress_runner.js:104836:11)\n    at Object.throwErr (https://fodqa11-iis2/__cypress/runner/cypress_runner.js:104791:18)\n    at Object.throwErrByPath (https://fodqa11-iis2/__cypress/runner/cypress_runner.js:104823:17)\n    at retry (https://fodqa11-iis2/__cypress/runner/cypress_runner.js:96197:16)\n    at onFailFn (https://fodqa11-iis2/__cypress/runner/cypress_runner.js:85350:16)\n    at tryCatcher (https://fodqa11-iis2/__cypress/runner/cypress_runner.js:138875:23)\n    at Promise._settlePromiseFromHandler (https://fodqa11-iis2/__cypress/runner/cypress_runner.js:136811:31)\n    at Promise._settlePromise (https://fodqa11-iis2/__cypress/runner/cypress_runner.js:136868:18)\n    at Promise._settlePromise0 (https://fodqa11-iis2/__cypress/runner/cypress_runner.js:136913:10)\n    at Promise._settlePromises (https://fodqa11-iis2/__cypress/runner/cypress_runner.js:136988:18)\n    at Async../node_modules/bluebird/js/release/async.js.Async._drainQueue (https://fodqa11-iis2/__cypress/runner/cypress_runner.js:133600:16)\n    at Async../node_modules/bluebird/js/release/async.js.Async._drainQueues (https://fodqa11-iis2/__cypress/runner/cypress_runner.js:133610:10)\n    at Async.drainQueues (https://fodqa11-iis2/__cypress/runner/cypress_runner.js:133484:14)",
                "diff": null
              },
              "uuid": "338ea9d0-3295-443f-acf1-67a85d5aafe0",
              "parentUUID": "020e60ce-01a7-491b-b393-de517a71ee4e",
              "isHook": false,
              "skipped": false
            }
          ],
          "suites": [],
          "passes": [
            "8b77c984-a52c-4406-a350-ace770f634d5"
          ],
          "failures": [
            "338ea9d0-3295-443f-acf1-67a85d5aafe0"
          ],
          "pending": [],
          "skipped": [],
          "duration": 31916,
          "root": false,
          "rootEmpty": false,
          "_timeout": 2000
        }
      ],
      "passes": [],
      "failures": [],
      "pending": [],
      "skipped": [],
      "duration": 0,
      "root": true,
      "rootEmpty": true,
      "_timeout": 2000
    }
  ],
  "meta": {
    "mocha": {
      "version": "5.2.0"
    },
    "mochawesome": {
      "options": {
        "quiet": false,
        "reportFilename": "mochawesome",
        "saveHtml": true,
        "saveJson": true,
        "consoleReporter": "spec",
        "useInlineDiffs": false
      },
      "version": "4.1.0"
    },
    "marge": {
      "options": {
        "reportDir": "cypress/results",
        "overwrite": true,
        "html": true,
        "json": true,
        "timestamp": "mmddyyyy_HHMMss"
      },
      "version": "4.0.1"
    }
  }
}