{
  "stats": {
    "suites": 1,
    "tests": 3,
    "passes": 0,
    "pending": 0,
    "failures": 3,
    "start": "2019-11-22T15:56:08.135Z",
    "end": "2019-11-22T15:58:38.343Z",
    "duration": 150208,
    "testsRegistered": 3,
    "passPercent": 0,
    "pendingPercent": 0,
    "other": 0,
    "hasOther": false,
    "skipped": 0,
    "hasSkipped": false
  },
  "results": [
    {
      "uuid": "a67b1251-1c9c-4bd0-8360-3d780ad8f095",
      "title": "",
      "fullFile": "",
      "file": "",
      "beforeHooks": [],
      "afterHooks": [],
      "tests": [],
      "suites": [
        {
          "uuid": "95551333-a3e3-419e-acd6-a3768b2d95f9",
          "title": "App Summary and Attributes Test",
          "fullFile": "",
          "file": "",
          "beforeHooks": [],
          "afterHooks": [],
          "tests": [
            {
              "title": "Creat a tenants",
              "fullTitle": "App Summary and Attributes Test Creat a tenants",
              "timedOut": null,
              "duration": 34904,
              "state": "failed",
              "speed": null,
              "pass": false,
              "fail": true,
              "pending": false,
              "context": "\"assets/FoD\\\\FodAppSummaryAndAttributesTest.spec.js/App Summary and Attributes Test--Creat a tenants(failed).png\"",
              "code": "loginPage.loginToAdminSite(\"zeusadmin\", \"Spi!pass007^\");\ntenantsPage.navigateToTenantsPage();\ntenantsPage.createTenant(tenantId);",
              "err": {
                "message": "CypressError: Timed out retrying: cy.click() failed because this element is disabled:\n\n<button class=\"btn btn-primary\" data-action=\"save\" disabled=\"\">Save</button>\n\nFix this problem, or use {force: true} to disable error checking.\n\nhttps://on.cypress.io/element-cannot-be-interacted-with",
                "estack": "CypressError: Timed out retrying: cy.click() failed because this element is disabled:\n\n<button class=\"btn btn-primary\" data-action=\"save\" disabled=\"\">Save</button>\n\nFix this problem, or use {force: true} to disable error checking.\n\nhttps://on.cypress.io/element-cannot-be-interacted-with\n    at Object.cypressErr (http://fodqa11-iis1/__cypress/runner/cypress_runner.js:104836:11)\n    at Object.throwErr (http://fodqa11-iis1/__cypress/runner/cypress_runner.js:104791:18)\n    at Object.throwErrByPath (http://fodqa11-iis1/__cypress/runner/cypress_runner.js:104823:17)\n    at Object.retry (http://fodqa11-iis1/__cypress/runner/cypress_runner.js:96197:16)\n    at retryActionability (http://fodqa11-iis1/__cypress/runner/cypress_runner.js:84998:19)\n    at tryCatcher (http://fodqa11-iis1/__cypress/runner/cypress_runner.js:138875:23)\n    at Function.Promise.attempt.Promise.try (http://fodqa11-iis1/__cypress/runner/cypress_runner.js:136150:29)\n    at tryFn (http://fodqa11-iis1/__cypress/runner/cypress_runner.js:96655:21)\n    at whenStable (http://fodqa11-iis1/__cypress/runner/cypress_runner.js:96690:12)\n    at http://fodqa11-iis1/__cypress/runner/cypress_runner.js:96240:16\n    at tryCatcher (http://fodqa11-iis1/__cypress/runner/cypress_runner.js:138875:23)\n    at Promise._settlePromiseFromHandler (http://fodqa11-iis1/__cypress/runner/cypress_runner.js:136811:31)\n    at Promise._settlePromise (http://fodqa11-iis1/__cypress/runner/cypress_runner.js:136868:18)\n    at Promise._settlePromise0 (http://fodqa11-iis1/__cypress/runner/cypress_runner.js:136913:10)\n    at Promise._settlePromises (http://fodqa11-iis1/__cypress/runner/cypress_runner.js:136992:18)\n    at Promise._fulfill (http://fodqa11-iis1/__cypress/runner/cypress_runner.js:136937:18)",
                "diff": null
              },
              "uuid": "06f1f9de-b3e3-40e5-85e9-c8ae8f9ffb2f",
              "parentUUID": "95551333-a3e3-419e-acd6-a3768b2d95f9",
              "isHook": false,
              "skipped": false
            },
            {
              "title": "Create an application and verify tenants  App summary page",
              "fullTitle": "App Summary and Attributes Test Create an application and verify tenants  App summary page",
              "timedOut": null,
              "duration": 31626,
              "state": "failed",
              "speed": null,
              "pass": false,
              "fail": true,
              "pending": false,
              "context": "\"assets/FoD\\\\FodAppSummaryAndAttributesTest.spec.js/App Summary and Attributes Test--Create an application and verify tenants  App summary page(failed).png\"",
              "code": "loginPage.loginToTenantSite('AUTO-TAM', 'Spi!pass007^', 'tenantId');\napplicationPage.createApplication(appName, 'High', 'Web / Thick-Client', 'Production');\napplicationPage.selectCreatedApplication(appName);\nsettingsPage.clickSettingTab();\nsettingsPage.verifyApplicationSummaryPageDisplayed();\nsettingsPage.verifyApplicationSummaryTabDisplayed();\nsettingsPage.verifyApplicationSaveValidation();\nsettingsPage.verifyApplicationNameDisplayed(\"\".concat(appName));\nsettingsPage.verifyBusinessCriticalitySelected('High');\nsettingsPage.verifyApplicationTypeDisplayed('Web / Thick-Client');\nsettingsPage.verifyApplicationDescriptionDisplayed('The most epic App ever');\nsettingsPage.verifyEmailValidation();\nsettingsPage.enterAndVerifyAdditionalEmails('Yahoo@gmail.com;test@test.com');\nsettingsPage.verifyAppDeletionPopUp();\nsettingsPage.updateApplicationSummaryAndVerifyUpdateSaved();\nsettingsPage.verifyApplicationDeleted(appName);\nCypress.currentTest.retries(1);",
              "err": {
                "message": "CypressError: Timed out retrying: cy.click() failed because this element is disabled:\n\n<button class=\"btn btn-primary\" data-action=\"save\" disabled=\"\">Save</button>\n\nFix this problem, or use {force: true} to disable error checking.\n\nhttps://on.cypress.io/element-cannot-be-interacted-with",
                "estack": "CypressError: Timed out retrying: cy.click() failed because this element is disabled:\n\n<button class=\"btn btn-primary\" data-action=\"save\" disabled=\"\">Save</button>\n\nFix this problem, or use {force: true} to disable error checking.\n\nhttps://on.cypress.io/element-cannot-be-interacted-with\n    at Object.cypressErr (https://fodqa11-iis2/__cypress/runner/cypress_runner.js:104836:11)\n    at Object.throwErr (https://fodqa11-iis2/__cypress/runner/cypress_runner.js:104791:18)\n    at Object.throwErrByPath (https://fodqa11-iis2/__cypress/runner/cypress_runner.js:104823:17)\n    at Object.retry (https://fodqa11-iis2/__cypress/runner/cypress_runner.js:96197:16)\n    at retryActionability (https://fodqa11-iis2/__cypress/runner/cypress_runner.js:84998:19)\n    at tryCatcher (https://fodqa11-iis2/__cypress/runner/cypress_runner.js:138875:23)\n    at Function.Promise.attempt.Promise.try (https://fodqa11-iis2/__cypress/runner/cypress_runner.js:136150:29)\n    at tryFn (https://fodqa11-iis2/__cypress/runner/cypress_runner.js:96655:21)\n    at whenStable (https://fodqa11-iis2/__cypress/runner/cypress_runner.js:96690:12)\n    at https://fodqa11-iis2/__cypress/runner/cypress_runner.js:96240:16\n    at tryCatcher (https://fodqa11-iis2/__cypress/runner/cypress_runner.js:138875:23)\n    at Promise._settlePromiseFromHandler (https://fodqa11-iis2/__cypress/runner/cypress_runner.js:136811:31)\n    at Promise._settlePromise (https://fodqa11-iis2/__cypress/runner/cypress_runner.js:136868:18)\n    at Promise._settlePromise0 (https://fodqa11-iis2/__cypress/runner/cypress_runner.js:136913:10)\n    at Promise._settlePromises (https://fodqa11-iis2/__cypress/runner/cypress_runner.js:136992:18)\n    at Promise._fulfill (https://fodqa11-iis2/__cypress/runner/cypress_runner.js:136937:18)",
                "diff": null
              },
              "uuid": "af5cc158-51ef-4827-8628-52f03d20acda",
              "parentUUID": "95551333-a3e3-419e-acd6-a3768b2d95f9",
              "isHook": false,
              "skipped": false
            },
            {
              "title": "Create an app  and verify application attributes page",
              "fullTitle": "App Summary and Attributes Test Create an app  and verify application attributes page",
              "timedOut": null,
              "duration": 32225,
              "state": "failed",
              "speed": null,
              "pass": false,
              "fail": true,
              "pending": false,
              "context": "\"assets/FoD\\\\FodAppSummaryAndAttributesTest.spec.js/App Summary and Attributes Test--Create an app  and verify application attributes page(failed).png\"",
              "code": "loginPage.loginToTenantSite('AUTO-TAM', 'Spi!pass007^', 'tenantId');\napplicationPage.createApplication(appName, 'High', 'Web / Thick-Client', 'Production');\nattributesPage.navigateToSettingsAttributesPage();\nattributesPage.addAttributes('CustomAttribute1', 'Text', 'isRequired');\nattributesPage.addAttributes('CustomPicklist', 'Picklist', 'notRequired');\nattributesPage.addAttributes('CustomAttribute3', 'Boolean', 'isRequired');\nattributesPage.addAttributes('CustomAttributeDate', 'Date', 'notRequired');\nattributesPage.addAttributes('CustomAttributeUser', 'User', 'Required');\napplicationPage.navigateToApplicationsPage();\napplicationPage.searchForCreatedApplication(appName);\nsettingsPage.clickSettingTab();\nsettingsPage.clickApplicationAttributesTab();\nsettingsPage.verifyAddedAttributesDisplayInAppAttributesPage();\nsettingsPage.verifyApplicationAttributesSaveValidation();\nsettingsPage.createApplicationAndVerifyAttributes();",
              "err": {
                "message": "CypressError: Timed out retrying: cy.click() failed because this element is disabled:\n\n<button class=\"btn btn-primary\" data-action=\"save\" disabled=\"\">Save</button>\n\nFix this problem, or use {force: true} to disable error checking.\n\nhttps://on.cypress.io/element-cannot-be-interacted-with",
                "estack": "CypressError: Timed out retrying: cy.click() failed because this element is disabled:\n\n<button class=\"btn btn-primary\" data-action=\"save\" disabled=\"\">Save</button>\n\nFix this problem, or use {force: true} to disable error checking.\n\nhttps://on.cypress.io/element-cannot-be-interacted-with\n    at Object.cypressErr (https://fodqa11-iis2/__cypress/runner/cypress_runner.js:104836:11)\n    at Object.throwErr (https://fodqa11-iis2/__cypress/runner/cypress_runner.js:104791:18)\n    at Object.throwErrByPath (https://fodqa11-iis2/__cypress/runner/cypress_runner.js:104823:17)\n    at Object.retry (https://fodqa11-iis2/__cypress/runner/cypress_runner.js:96197:16)\n    at retryActionability (https://fodqa11-iis2/__cypress/runner/cypress_runner.js:84998:19)\n    at tryCatcher (https://fodqa11-iis2/__cypress/runner/cypress_runner.js:138875:23)\n    at Function.Promise.attempt.Promise.try (https://fodqa11-iis2/__cypress/runner/cypress_runner.js:136150:29)\n    at tryFn (https://fodqa11-iis2/__cypress/runner/cypress_runner.js:96655:21)\n    at whenStable (https://fodqa11-iis2/__cypress/runner/cypress_runner.js:96690:12)\n    at https://fodqa11-iis2/__cypress/runner/cypress_runner.js:96240:16\n    at tryCatcher (https://fodqa11-iis2/__cypress/runner/cypress_runner.js:138875:23)\n    at Promise._settlePromiseFromHandler (https://fodqa11-iis2/__cypress/runner/cypress_runner.js:136811:31)\n    at Promise._settlePromise (https://fodqa11-iis2/__cypress/runner/cypress_runner.js:136868:18)\n    at Promise._settlePromise0 (https://fodqa11-iis2/__cypress/runner/cypress_runner.js:136913:10)\n    at Promise._settlePromises (https://fodqa11-iis2/__cypress/runner/cypress_runner.js:136992:18)\n    at Promise._fulfill (https://fodqa11-iis2/__cypress/runner/cypress_runner.js:136937:18)",
                "diff": null
              },
              "uuid": "ebd0f394-cc02-4b74-b1ca-e7b9c27d89ee",
              "parentUUID": "95551333-a3e3-419e-acd6-a3768b2d95f9",
              "isHook": false,
              "skipped": false
            }
          ],
          "suites": [],
          "passes": [],
          "failures": [
            "06f1f9de-b3e3-40e5-85e9-c8ae8f9ffb2f",
            "af5cc158-51ef-4827-8628-52f03d20acda",
            "ebd0f394-cc02-4b74-b1ca-e7b9c27d89ee"
          ],
          "pending": [],
          "skipped": [],
          "duration": 98755,
          "root": false,
          "rootEmpty": false,
          "_timeout": 2000
        }
      ],
      "passes": [],
      "failures": [],
      "pending": [],
      "skipped": [],
      "duration": 0,
      "root": true,
      "rootEmpty": true,
      "_timeout": 2000
    }
  ],
  "meta": {
    "mocha": {
      "version": "5.2.0"
    },
    "mochawesome": {
      "options": {
        "quiet": false,
        "reportFilename": "mochawesome",
        "saveHtml": true,
        "saveJson": true,
        "consoleReporter": "spec",
        "useInlineDiffs": false
      },
      "version": "4.1.0"
    },
    "marge": {
      "options": {
        "reportDir": "cypress/results",
        "overwrite": true,
        "html": true,
        "json": true,
        "timestamp": "mmddyyyy_HHMMss"
      },
      "version": "4.0.1"
    }
  }
}