{
  "stats": {
    "suites": 1,
    "tests": 3,
    "passes": 0,
    "pending": 0,
    "failures": 3,
    "start": "2019-11-24T22:38:21.205Z",
    "end": "2019-11-24T22:39:45.957Z",
    "duration": 84752,
    "testsRegistered": 3,
    "passPercent": 0,
    "pendingPercent": 0,
    "other": 0,
    "hasOther": false,
    "skipped": 0,
    "hasSkipped": false
  },
  "results": [
    {
      "uuid": "173f231b-b48e-40a2-b561-e073cc4d21b7",
      "title": "",
      "fullFile": "",
      "file": "",
      "beforeHooks": [],
      "afterHooks": [],
      "tests": [],
      "suites": [
        {
          "uuid": "9bedea5a-8977-4de8-9fa3-712cc4f3507b",
          "title": "sample test",
          "fullFile": "",
          "file": "",
          "beforeHooks": [],
          "afterHooks": [],
          "tests": [
            {
              "title": "get request",
              "fullTitle": "sample test get request",
              "timedOut": null,
              "duration": 25387,
              "state": "failed",
              "speed": null,
              "pass": false,
              "fail": true,
              "pending": false,
              "context": "\"assets/FoD\\\\FodapiTestPoc.spec.js/sample test--get request(failed).png\"",
              "code": "cy.request({\n  method: 'GET',\n  url: 'http://fodqa11-iis3/api/v3/tenants',\n  headers: {\n    Authorization: 'Bearer ' + localStorage.getItem('access_token')\n  }\n}).then(function (response) {\n  cy.log(response.body);\n  assert.equal(response.status, 200);\n  expect(response.body).to.not.be.null;\n});",
              "err": {
                "message": "CypressError: cy.request() timed out waiting 25000ms for a response from your server.\n\nThe request we sent was:\n\nMethod: GET\nURL: http://fodqa11-iis3/api/v3/tenants\n\nNo response was received within the timeout.",
                "estack": "CypressError: cy.request() timed out waiting 25000ms for a response from your server.\n\nThe request we sent was:\n\nMethod: GET\nURL: http://fodqa11-iis3/api/v3/tenants\n\nNo response was received within the timeout.\n    at Object.cypressErr (http://localhost:55279/__cypress/runner/cypress_runner.js:104836:11)\n    at Object.throwErr (http://localhost:55279/__cypress/runner/cypress_runner.js:104791:18)\n    at Object.throwErrByPath (http://localhost:55279/__cypress/runner/cypress_runner.js:104823:17)\n    at http://localhost:55279/__cypress/runner/cypress_runner.js:91949:23\n    at tryCatcher (http://localhost:55279/__cypress/runner/cypress_runner.js:138875:23)\n    at http://localhost:55279/__cypress/runner/cypress_runner.js:134016:41\n    at tryCatcher (http://localhost:55279/__cypress/runner/cypress_runner.js:138875:23)\n    at Promise._settlePromiseFromHandler (http://localhost:55279/__cypress/runner/cypress_runner.js:136811:31)\n    at Promise._settlePromise (http://localhost:55279/__cypress/runner/cypress_runner.js:136868:18)\n    at Promise._settlePromise0 (http://localhost:55279/__cypress/runner/cypress_runner.js:136913:10)\n    at Promise._settlePromises (http://localhost:55279/__cypress/runner/cypress_runner.js:136988:18)\n    at Async../node_modules/bluebird/js/release/async.js.Async._drainQueue (http://localhost:55279/__cypress/runner/cypress_runner.js:133600:16)\n    at Async../node_modules/bluebird/js/release/async.js.Async._drainQueues (http://localhost:55279/__cypress/runner/cypress_runner.js:133610:10)\n    at Async.drainQueues (http://localhost:55279/__cypress/runner/cypress_runner.js:133484:14)",
                "diff": null
              },
              "uuid": "e982358f-cf4e-45a4-87ab-930e670af366",
              "parentUUID": "9bedea5a-8977-4de8-9fa3-712cc4f3507b",
              "isHook": false,
              "skipped": false
            },
            {
              "title": "Get Tenants features",
              "fullTitle": "sample test Get Tenants features",
              "timedOut": null,
              "duration": 25294,
              "state": "failed",
              "speed": null,
              "pass": false,
              "fail": true,
              "pending": false,
              "context": "\"assets/FoD\\\\FodapiTestPoc.spec.js/sample test--Get Tenants features(failed).png\"",
              "code": "cy.request({\n  method: 'GET',\n  url: 'http://fodqa11-iis3/api/v3/tenants/features',\n  headers: {\n    Authorization: 'Bearer ' + localStorage.getItem('access_token')\n  }\n}).then(function (response) {\n  cy.log(response.body);\n  assert.equal(response.status, 200);\n  expect(response.body).to.not.be.null;\n});",
              "err": {
                "message": "CypressError: cy.request() timed out waiting 25000ms for a response from your server.\n\nThe request we sent was:\n\nMethod: GET\nURL: http://fodqa11-iis3/api/v3/tenants/features\n\nNo response was received within the timeout.",
                "estack": "CypressError: cy.request() timed out waiting 25000ms for a response from your server.\n\nThe request we sent was:\n\nMethod: GET\nURL: http://fodqa11-iis3/api/v3/tenants/features\n\nNo response was received within the timeout.\n    at Object.cypressErr (http://localhost:55279/__cypress/runner/cypress_runner.js:104836:11)\n    at Object.throwErr (http://localhost:55279/__cypress/runner/cypress_runner.js:104791:18)\n    at Object.throwErrByPath (http://localhost:55279/__cypress/runner/cypress_runner.js:104823:17)\n    at http://localhost:55279/__cypress/runner/cypress_runner.js:91949:23\n    at tryCatcher (http://localhost:55279/__cypress/runner/cypress_runner.js:138875:23)\n    at http://localhost:55279/__cypress/runner/cypress_runner.js:134016:41\n    at tryCatcher (http://localhost:55279/__cypress/runner/cypress_runner.js:138875:23)\n    at Promise._settlePromiseFromHandler (http://localhost:55279/__cypress/runner/cypress_runner.js:136811:31)\n    at Promise._settlePromise (http://localhost:55279/__cypress/runner/cypress_runner.js:136868:18)\n    at Promise._settlePromise0 (http://localhost:55279/__cypress/runner/cypress_runner.js:136913:10)\n    at Promise._settlePromises (http://localhost:55279/__cypress/runner/cypress_runner.js:136988:18)\n    at Async../node_modules/bluebird/js/release/async.js.Async._drainQueue (http://localhost:55279/__cypress/runner/cypress_runner.js:133600:16)\n    at Async../node_modules/bluebird/js/release/async.js.Async._drainQueues (http://localhost:55279/__cypress/runner/cypress_runner.js:133610:10)\n    at Async.drainQueues (http://localhost:55279/__cypress/runner/cypress_runner.js:133484:14)",
                "diff": null
              },
              "uuid": "562f199f-a3aa-4f5d-8edd-de5b8212d7cd",
              "parentUUID": "9bedea5a-8977-4de8-9fa3-712cc4f3507b",
              "isHook": false,
              "skipped": false
            },
            {
              "title": "Create application",
              "fullTitle": "sample test Create application",
              "timedOut": null,
              "duration": 25304,
              "state": "failed",
              "speed": null,
              "pass": false,
              "fail": true,
              "pending": false,
              "context": "\"assets/FoD\\\\FodapiTestPoc.spec.js/sample test--Create application(failed).png\"",
              "code": "cy.request({\n  method: 'POST',\n  url: 'http://FODQA11-IIS3/api/v3/applications',\n  headers: {\n    Authorization: 'Bearer ' + localStorage.getItem('access_token')\n  },\n  body: {\n    applicationName: appName,\n    applicationDescription: \"The most epic App ever\",\n    applicationType: \"Web_Thick_Client\",\n    releaseName: \"TEST 123 \",\n    releaseDescription: \"Auto App Release\",\n    emailList: \"\",\n    ownerId: 9,\n    attributes: [],\n    businessCriticalityType: \"High\",\n    sdlcStatusType: \"Development\"\n  }\n}).then(function (response) {\n  cy.log(response.body);\n  assert.equal(response.status, 201);\n  expect(response.body).to.not.be.null;\n});",
              "err": {
                "message": "CypressError: cy.request() timed out waiting 25000ms for a response from your server.\n\nThe request we sent was:\n\nMethod: POST\nURL: http://fodqa11-iis3/api/v3/applications\n\nNo response was received within the timeout.",
                "estack": "CypressError: cy.request() timed out waiting 25000ms for a response from your server.\n\nThe request we sent was:\n\nMethod: POST\nURL: http://fodqa11-iis3/api/v3/applications\n\nNo response was received within the timeout.\n    at Object.cypressErr (http://localhost:55279/__cypress/runner/cypress_runner.js:104836:11)\n    at Object.throwErr (http://localhost:55279/__cypress/runner/cypress_runner.js:104791:18)\n    at Object.throwErrByPath (http://localhost:55279/__cypress/runner/cypress_runner.js:104823:17)\n    at http://localhost:55279/__cypress/runner/cypress_runner.js:91949:23\n    at tryCatcher (http://localhost:55279/__cypress/runner/cypress_runner.js:138875:23)\n    at http://localhost:55279/__cypress/runner/cypress_runner.js:134016:41\n    at tryCatcher (http://localhost:55279/__cypress/runner/cypress_runner.js:138875:23)\n    at Promise._settlePromiseFromHandler (http://localhost:55279/__cypress/runner/cypress_runner.js:136811:31)\n    at Promise._settlePromise (http://localhost:55279/__cypress/runner/cypress_runner.js:136868:18)\n    at Promise._settlePromise0 (http://localhost:55279/__cypress/runner/cypress_runner.js:136913:10)\n    at Promise._settlePromises (http://localhost:55279/__cypress/runner/cypress_runner.js:136988:18)\n    at Async../node_modules/bluebird/js/release/async.js.Async._drainQueue (http://localhost:55279/__cypress/runner/cypress_runner.js:133600:16)\n    at Async../node_modules/bluebird/js/release/async.js.Async._drainQueues (http://localhost:55279/__cypress/runner/cypress_runner.js:133610:10)\n    at Async.drainQueues (http://localhost:55279/__cypress/runner/cypress_runner.js:133484:14)",
                "diff": null
              },
              "uuid": "20af9f82-ea68-40a2-9aaf-a4aeab61c894",
              "parentUUID": "9bedea5a-8977-4de8-9fa3-712cc4f3507b",
              "isHook": false,
              "skipped": false
            }
          ],
          "suites": [],
          "passes": [],
          "failures": [
            "e982358f-cf4e-45a4-87ab-930e670af366",
            "562f199f-a3aa-4f5d-8edd-de5b8212d7cd",
            "20af9f82-ea68-40a2-9aaf-a4aeab61c894"
          ],
          "pending": [],
          "skipped": [],
          "duration": 75985,
          "root": false,
          "rootEmpty": false,
          "_timeout": 2000
        }
      ],
      "passes": [],
      "failures": [],
      "pending": [],
      "skipped": [],
      "duration": 0,
      "root": true,
      "rootEmpty": true,
      "_timeout": 2000
    }
  ],
  "meta": {
    "mocha": {
      "version": "5.2.0"
    },
    "mochawesome": {
      "options": {
        "quiet": false,
        "reportFilename": "mochawesome",
        "saveHtml": true,
        "saveJson": true,
        "consoleReporter": "spec",
        "useInlineDiffs": false
      },
      "version": "4.1.0"
    },
    "marge": {
      "options": {
        "reportDir": "cypress/results",
        "overwrite": true,
        "html": true,
        "json": true,
        "timestamp": "mmddyyyy_HHMMss"
      },
      "version": "4.0.1"
    }
  }
}