{
  "stats": {
    "suites": 1,
    "tests": 2,
    "passes": 0,
    "pending": 0,
    "failures": 2,
    "start": "2019-10-23T17:29:32.513Z",
    "end": "2019-10-23T17:30:23.995Z",
    "duration": 51482,
    "testsRegistered": 2,
    "passPercent": 0,
    "pendingPercent": 0,
    "other": 0,
    "hasOther": false,
    "skipped": 0,
    "hasSkipped": false
  },
  "results": [
    {
      "uuid": "1e0b8f35-fd4b-4a2c-99e8-947ca3618d93",
      "title": "",
      "fullFile": "",
      "file": "",
      "beforeHooks": [],
      "afterHooks": [],
      "tests": [],
      "suites": [
        {
          "uuid": "92654b5a-e595-4db2-ad8b-90f6ab61e813",
          "title": "Delete Tenant Scan Test",
          "fullFile": "",
          "file": "",
          "beforeHooks": [],
          "afterHooks": [],
          "tests": [
            {
              "title": "delete tenants scan $(tenants)",
              "fullTitle": "Delete Tenant Scan Test delete tenants scan $(tenants)",
              "timedOut": null,
              "duration": 19532,
              "state": "failed",
              "speed": null,
              "pass": false,
              "fail": true,
              "pending": false,
              "context": "\"assets/FoD\\\\deleteScanTest.spec.js/Delete Tenant Scan Test--delete tenants scan $(tenants)(failed).png\"",
              "code": "var url = \"http://fodqa81-iis1/Tenants/\" + tenant + \"/Repositories\";\ncy.visit(url); // cy.get(\"[data-tenant-id=\"+tenant+\"] > :nth-child(1) > a\").click();\n// cy.get(':nth-child(8) > .nav-tab > :nth-child(1) > .nav-tab-icon > .ff').click();\nvar dt = new Date();\nvar dateTime = dt.toLocaleString();\ncy.get('[data-repository-type=\"2\"] > .action-cell > [data-action=\"delete\"]').click();\ncy.get('.box-glow > .modal-custom-content').should('exist');\ncy.get('.btn-critical').click();\ncy.get('.modal-custom-header > span').should('exist').and('contain', 'Confirm');\ncy.get('.modal-message').should('contain', 'Are you REALLY SURE you want to delete the selected repository for this tenant?');\ncy.get('.btn-critical').click({\n  force: true\n});\ncy.wait(1000);\ncy.get('[data-repository-type=\"2\"] > .action-cell > [data-action=\"delete\"]').click();\ncy.get('.box-glow > .modal-custom-content').should('exist');\ncy.get('.btn-critical').click();\ncy.get('.modal-custom-header > span').should('exist').and('contain', 'Confirm');\ncy.get('.modal-message').should('contain', 'Are you REALLY SURE you want to delete the selected repository for this tenant?');\ncy.get('.btn-critical').click({\n  force: true\n});\nvar deletedTime = dateTime; //Rebuild Scan\ncy.wait(2000);\ncy.get('[data-repository-type=\"2\"] > .action-cell > [data-action=\"rebuild\"]').click();\ncy.get('.modal-message').should('contain', 'Are you sure you want to queue the rebuild task the selected repository for this tenant?');\ncy.get('.btn-critical').click({\n  force: true\n}); //cy.wait(30000)\ncy.visit(\"http://fodqa11-iis1/TaskService/Tasks?tenant=\" + tenant + \"&tt=13&ts=0+3\");\ncy.log(\"TenantID:  \" + tenant);\nvar tasksFound = Cypress.$('.paging-section-total > span').text();\nvar found = false;\nvar count = 0;\nwhile (!found) {\n  if (tasksFound !== \"0 found\") {\n    cy.reload();\n    found = false;\n    count = count + 1;\n    cy.wait(1000);\n    if (count === 35) {\n      found = true;\n      cy.log(\"The page still displaying more task after 35 seconds please verify tenant Id:  \" + tenant);\n    }\n  } else {\n    found = true;\n  }\n}\ncy.get('.paging-section-total > span').should('contain', '0 found');\ncy.get('.empty-table').should('exist');\nvar results = \"[\" + deletedTime + \"]:\" + \"Tenant [\" + tenant + \"] scan repo deleted and [\" + dateTime + \"]:\" + \"Tenant [\" + tenant + \"] scan repo rebuilt\\n\";\ncy.writeFile(\"./results/tenantScanDeleteRebuild.txt\", results, {\n  flag: 'a+'\n});",
              "err": {
                "message": "CypressError: cy.visit() failed because you are attempting to visit a second unique domain.\n\nYou may only visit a single unique domain per test.\n\nDifferent subdomains are okay, but unique domains are not.\n\nThe previous domain you visited was: 'http://fodqa11-iis1'\n\nYou're attempting to visit this new domain: 'http://fodqa81-iis1'\n\nYou may need to restructure some of your code to prevent this from happening.\n\nhttps://on.cypress.io/cannot-visit-second-unique-domain",
                "estack": "CypressError: cy.visit() failed because you are attempting to visit a second unique domain.\n\nYou may only visit a single unique domain per test.\n\nDifferent subdomains are okay, but unique domains are not.\n\nThe previous domain you visited was: 'http://fodqa11-iis1'\n\nYou're attempting to visit this new domain: 'http://fodqa81-iis1'\n\nYou may need to restructure some of your code to prevent this from happening.\n\nhttps://on.cypress.io/cannot-visit-second-unique-domain\n    at Object.cypressErr (http://fodqa11-iis1/__cypress/runner/cypress_runner.js:85348:11)\n    at Object.throwErr (http://fodqa11-iis1/__cypress/runner/cypress_runner.js:85303:18)\n    at Object.throwErrByPath (http://fodqa11-iis1/__cypress/runner/cypress_runner.js:85335:17)\n    at cannotVisit2ndDomain (http://fodqa11-iis1/__cypress/runner/cypress_runner.js:73274:17)\n    at go (http://fodqa11-iis1/__cypress/runner/cypress_runner.js:73848:18)\n    at visit (http://fodqa11-iis1/__cypress/runner/cypress_runner.js:74007:18)\n    at Context.visit (http://fodqa11-iis1/__cypress/runner/cypress_runner.js:74010:14)\n    at http://fodqa11-iis1/__cypress/runner/cypress_runner.js:79783:33\n    at tryCatcher (http://fodqa11-iis1/__cypress/runner/cypress_runner.js:118962:23)\n    at Promise._settlePromiseFromHandler (http://fodqa11-iis1/__cypress/runner/cypress_runner.js:116898:31)\n    at Promise._settlePromise (http://fodqa11-iis1/__cypress/runner/cypress_runner.js:116955:18)\n    at Promise._settlePromiseCtx (http://fodqa11-iis1/__cypress/runner/cypress_runner.js:116992:10)\n    at Async../node_modules/bluebird/js/release/async.js.Async._drainQueue (http://fodqa11-iis1/__cypress/runner/cypress_runner.js:113692:12)\n    at Async../node_modules/bluebird/js/release/async.js.Async._drainQueues (http://fodqa11-iis1/__cypress/runner/cypress_runner.js:113697:10)\n    at Async.drainQueues (http://fodqa11-iis1/__cypress/runner/cypress_runner.js:113571:14)\n    at <anonymous>",
                "diff": null
              },
              "uuid": "628b2998-f0df-4070-8330-1c962bdcc48e",
              "parentUUID": "92654b5a-e595-4db2-ad8b-90f6ab61e813",
              "isHook": false,
              "skipped": false
            },
            {
              "title": "delete tenants scan $(tenants)",
              "fullTitle": "Delete Tenant Scan Test delete tenants scan $(tenants)",
              "timedOut": null,
              "duration": 2357,
              "state": "failed",
              "speed": null,
              "pass": false,
              "fail": true,
              "pending": false,
              "context": "\"assets/FoD\\\\deleteScanTest.spec.js/Delete Tenant Scan Test--delete tenants scan $(tenants)(failed).png\"",
              "code": "var url = \"http://fodqa81-iis1/Tenants/\" + tenant + \"/Repositories\";\ncy.visit(url); // cy.get(\"[data-tenant-id=\"+tenant+\"] > :nth-child(1) > a\").click();\n// cy.get(':nth-child(8) > .nav-tab > :nth-child(1) > .nav-tab-icon > .ff').click();\nvar dt = new Date();\nvar dateTime = dt.toLocaleString();\ncy.get('[data-repository-type=\"2\"] > .action-cell > [data-action=\"delete\"]').click();\ncy.get('.box-glow > .modal-custom-content').should('exist');\ncy.get('.btn-critical').click();\ncy.get('.modal-custom-header > span').should('exist').and('contain', 'Confirm');\ncy.get('.modal-message').should('contain', 'Are you REALLY SURE you want to delete the selected repository for this tenant?');\ncy.get('.btn-critical').click({\n  force: true\n});\ncy.wait(1000);\ncy.get('[data-repository-type=\"2\"] > .action-cell > [data-action=\"delete\"]').click();\ncy.get('.box-glow > .modal-custom-content').should('exist');\ncy.get('.btn-critical').click();\ncy.get('.modal-custom-header > span').should('exist').and('contain', 'Confirm');\ncy.get('.modal-message').should('contain', 'Are you REALLY SURE you want to delete the selected repository for this tenant?');\ncy.get('.btn-critical').click({\n  force: true\n});\nvar deletedTime = dateTime; //Rebuild Scan\ncy.wait(2000);\ncy.get('[data-repository-type=\"2\"] > .action-cell > [data-action=\"rebuild\"]').click();\ncy.get('.modal-message').should('contain', 'Are you sure you want to queue the rebuild task the selected repository for this tenant?');\ncy.get('.btn-critical').click({\n  force: true\n}); //cy.wait(30000)\ncy.visit(\"http://fodqa11-iis1/TaskService/Tasks?tenant=\" + tenant + \"&tt=13&ts=0+3\");\ncy.log(\"TenantID:  \" + tenant);\nvar tasksFound = Cypress.$('.paging-section-total > span').text();\nvar found = false;\nvar count = 0;\nwhile (!found) {\n  if (tasksFound !== \"0 found\") {\n    cy.reload();\n    found = false;\n    count = count + 1;\n    cy.wait(1000);\n    if (count === 35) {\n      found = true;\n      cy.log(\"The page still displaying more task after 35 seconds please verify tenant Id:  \" + tenant);\n    }\n  } else {\n    found = true;\n  }\n}\ncy.get('.paging-section-total > span').should('contain', '0 found');\ncy.get('.empty-table').should('exist');\nvar results = \"[\" + deletedTime + \"]:\" + \"Tenant [\" + tenant + \"] scan repo deleted and [\" + dateTime + \"]:\" + \"Tenant [\" + tenant + \"] scan repo rebuilt\\n\";\ncy.writeFile(\"./results/tenantScanDeleteRebuild.txt\", results, {\n  flag: 'a+'\n});",
              "err": {
                "message": "CypressError: cy.visit() failed because you are attempting to visit a second unique domain.\n\nYou may only visit a single unique domain per test.\n\nDifferent subdomains are okay, but unique domains are not.\n\nThe previous domain you visited was: 'http://fodqa11-iis1'\n\nYou're attempting to visit this new domain: 'http://fodqa81-iis1'\n\nYou may need to restructure some of your code to prevent this from happening.\n\nhttps://on.cypress.io/cannot-visit-second-unique-domain",
                "estack": "CypressError: cy.visit() failed because you are attempting to visit a second unique domain.\n\nYou may only visit a single unique domain per test.\n\nDifferent subdomains are okay, but unique domains are not.\n\nThe previous domain you visited was: 'http://fodqa11-iis1'\n\nYou're attempting to visit this new domain: 'http://fodqa81-iis1'\n\nYou may need to restructure some of your code to prevent this from happening.\n\nhttps://on.cypress.io/cannot-visit-second-unique-domain\n    at Object.cypressErr (http://fodqa11-iis1/__cypress/runner/cypress_runner.js:85348:11)\n    at Object.throwErr (http://fodqa11-iis1/__cypress/runner/cypress_runner.js:85303:18)\n    at Object.throwErrByPath (http://fodqa11-iis1/__cypress/runner/cypress_runner.js:85335:17)\n    at cannotVisit2ndDomain (http://fodqa11-iis1/__cypress/runner/cypress_runner.js:73274:17)\n    at go (http://fodqa11-iis1/__cypress/runner/cypress_runner.js:73848:18)\n    at visit (http://fodqa11-iis1/__cypress/runner/cypress_runner.js:74007:18)\n    at Context.visit (http://fodqa11-iis1/__cypress/runner/cypress_runner.js:74010:14)\n    at http://fodqa11-iis1/__cypress/runner/cypress_runner.js:79783:33\n    at tryCatcher (http://fodqa11-iis1/__cypress/runner/cypress_runner.js:118962:23)\n    at Promise._settlePromiseFromHandler (http://fodqa11-iis1/__cypress/runner/cypress_runner.js:116898:31)\n    at Promise._settlePromise (http://fodqa11-iis1/__cypress/runner/cypress_runner.js:116955:18)\n    at Promise._settlePromiseCtx (http://fodqa11-iis1/__cypress/runner/cypress_runner.js:116992:10)\n    at Async../node_modules/bluebird/js/release/async.js.Async._drainQueue (http://fodqa11-iis1/__cypress/runner/cypress_runner.js:113692:12)\n    at Async../node_modules/bluebird/js/release/async.js.Async._drainQueues (http://fodqa11-iis1/__cypress/runner/cypress_runner.js:113697:10)\n    at Async.drainQueues (http://fodqa11-iis1/__cypress/runner/cypress_runner.js:113571:14)\n    at <anonymous>",
                "diff": null
              },
              "uuid": "c6045d6f-ba4e-4d84-9054-20adcbd2b72a",
              "parentUUID": "92654b5a-e595-4db2-ad8b-90f6ab61e813",
              "isHook": false,
              "skipped": false
            }
          ],
          "suites": [],
          "passes": [],
          "failures": [
            "628b2998-f0df-4070-8330-1c962bdcc48e",
            "c6045d6f-ba4e-4d84-9054-20adcbd2b72a"
          ],
          "pending": [],
          "skipped": [],
          "duration": 21889,
          "root": false,
          "rootEmpty": false,
          "_timeout": 2000
        }
      ],
      "passes": [],
      "failures": [],
      "pending": [],
      "skipped": [],
      "duration": 0,
      "root": true,
      "rootEmpty": true,
      "_timeout": 2000
    }
  ],
  "meta": {
    "mocha": {
      "version": "5.2.0"
    },
    "mochawesome": {
      "options": {
        "quiet": false,
        "reportFilename": "mochawesome",
        "saveHtml": true,
        "saveJson": true,
        "consoleReporter": "spec",
        "useInlineDiffs": false
      },
      "version": "4.1.0"
    },
    "marge": {
      "options": {
        "reportDir": "cypress/results",
        "overwrite": true,
        "html": true,
        "json": true,
        "timestamp": "mmddyyyy_HHMMss"
      },
      "version": "4.0.1"
    }
  }
}