{
  "stats": {
    "suites": 1,
    "tests": 10,
    "passes": 0,
    "pending": 0,
    "failures": 10,
    "start": "2019-11-24T22:45:56.234Z",
    "end": "2019-11-24T22:46:28.794Z",
    "duration": 32560,
    "testsRegistered": 10,
    "passPercent": 0,
    "pendingPercent": 0,
    "other": 0,
    "hasOther": false,
    "skipped": 0,
    "hasSkipped": false
  },
  "results": [
    {
      "uuid": "75a43fe7-04bc-49d0-938f-2992f56ffa6a",
      "title": "",
      "fullFile": "",
      "file": "",
      "beforeHooks": [],
      "afterHooks": [],
      "tests": [],
      "suites": [
        {
          "uuid": "4ee1702f-79d8-4831-a893-fa621650661c",
          "title": "test123",
          "fullFile": "",
          "file": "",
          "beforeHooks": [],
          "afterHooks": [],
          "tests": [
            {
              "title": "num 1 - test the thing conditionally",
              "fullTitle": "test123 num 1 - test the thing conditionally",
              "timedOut": null,
              "duration": 876,
              "state": "failed",
              "speed": null,
              "pass": false,
              "fail": true,
              "pending": false,
              "context": "\"assets/FoD\\\\TestString.spec.js/test123--num 1 - test the thing conditionally(failed).png\"",
              "code": "cy.reload(i);\ncy.log(number);",
              "err": {
                "message": "CypressError: cy.reload() can only accept a boolean or options as its arguments.",
                "estack": "CypressError: cy.reload() can only accept a boolean or options as its arguments.\n    at Object.cypressErr (http://localhost:55279/__cypress/runner/cypress_runner.js:104836:11)\n    at Object.throwErr (http://localhost:55279/__cypress/runner/cypress_runner.js:104791:18)\n    at Object.throwErrByPath (http://localhost:55279/__cypress/runner/cypress_runner.js:104823:17)\n    at throwArgsErr (http://localhost:55279/__cypress/runner/cypress_runner.js:90596:23)\n    at http://localhost:55279/__cypress/runner/cypress_runner.js:90633:13\n    at Promise.cancellationExecute [as _execute] (http://localhost:55279/__cypress/runner/cypress_runner.js:134447:9)\n    at Promise._resolveFromExecutor (http://localhost:55279/__cypress/runner/cypress_runner.js:136782:18)\n    at new Promise (http://localhost:55279/__cypress/runner/cypress_runner.js:136378:10)\n    at reload (http://localhost:55279/__cypress/runner/cypress_runner.js:90621:16)\n    at Context.reload (http://localhost:55279/__cypress/runner/cypress_runner.js:90653:14)\n    at http://localhost:55279/__cypress/runner/cypress_runner.js:100025:33\n    at tryCatcher (http://localhost:55279/__cypress/runner/cypress_runner.js:138875:23)\n    at Promise._settlePromiseFromHandler (http://localhost:55279/__cypress/runner/cypress_runner.js:136811:31)\n    at Promise._settlePromise (http://localhost:55279/__cypress/runner/cypress_runner.js:136868:18)\n    at Promise._settlePromiseCtx (http://localhost:55279/__cypress/runner/cypress_runner.js:136905:10)\n    at Async../node_modules/bluebird/js/release/async.js.Async._drainQueue (http://localhost:55279/__cypress/runner/cypress_runner.js:133605:12)",
                "diff": null
              },
              "uuid": "f21326c0-c264-49a0-bfe1-29182eb45f99",
              "parentUUID": "4ee1702f-79d8-4831-a893-fa621650661c",
              "isHook": false,
              "skipped": false
            },
            {
              "title": "num 2 - test the thing conditionally",
              "fullTitle": "test123 num 2 - test the thing conditionally",
              "timedOut": null,
              "duration": 532,
              "state": "failed",
              "speed": null,
              "pass": false,
              "fail": true,
              "pending": false,
              "context": "\"assets/FoD\\\\TestString.spec.js/test123--num 2 - test the thing conditionally(failed).png\"",
              "code": "cy.reload(i);\ncy.log(number);",
              "err": {
                "message": "CypressError: cy.reload() can only accept a boolean or options as its arguments.",
                "estack": "CypressError: cy.reload() can only accept a boolean or options as its arguments.\n    at Object.cypressErr (http://localhost:55279/__cypress/runner/cypress_runner.js:104836:11)\n    at Object.throwErr (http://localhost:55279/__cypress/runner/cypress_runner.js:104791:18)\n    at Object.throwErrByPath (http://localhost:55279/__cypress/runner/cypress_runner.js:104823:17)\n    at throwArgsErr (http://localhost:55279/__cypress/runner/cypress_runner.js:90596:23)\n    at http://localhost:55279/__cypress/runner/cypress_runner.js:90633:13\n    at Promise.cancellationExecute [as _execute] (http://localhost:55279/__cypress/runner/cypress_runner.js:134447:9)\n    at Promise._resolveFromExecutor (http://localhost:55279/__cypress/runner/cypress_runner.js:136782:18)\n    at new Promise (http://localhost:55279/__cypress/runner/cypress_runner.js:136378:10)\n    at reload (http://localhost:55279/__cypress/runner/cypress_runner.js:90621:16)\n    at Context.reload (http://localhost:55279/__cypress/runner/cypress_runner.js:90653:14)\n    at http://localhost:55279/__cypress/runner/cypress_runner.js:100025:33\n    at tryCatcher (http://localhost:55279/__cypress/runner/cypress_runner.js:138875:23)\n    at Promise._settlePromiseFromHandler (http://localhost:55279/__cypress/runner/cypress_runner.js:136811:31)\n    at Promise._settlePromise (http://localhost:55279/__cypress/runner/cypress_runner.js:136868:18)\n    at Promise._settlePromiseCtx (http://localhost:55279/__cypress/runner/cypress_runner.js:136905:10)\n    at Async../node_modules/bluebird/js/release/async.js.Async._drainQueue (http://localhost:55279/__cypress/runner/cypress_runner.js:133605:12)",
                "diff": null
              },
              "uuid": "e592183e-78db-4779-ba11-41162bd2304a",
              "parentUUID": "4ee1702f-79d8-4831-a893-fa621650661c",
              "isHook": false,
              "skipped": false
            },
            {
              "title": "num 3 - test the thing conditionally",
              "fullTitle": "test123 num 3 - test the thing conditionally",
              "timedOut": null,
              "duration": 622,
              "state": "failed",
              "speed": null,
              "pass": false,
              "fail": true,
              "pending": false,
              "context": "\"assets/FoD\\\\TestString.spec.js/test123--num 3 - test the thing conditionally(failed).png\"",
              "code": "cy.reload(i);\ncy.log(number);",
              "err": {
                "message": "CypressError: cy.reload() can only accept a boolean or options as its arguments.",
                "estack": "CypressError: cy.reload() can only accept a boolean or options as its arguments.\n    at Object.cypressErr (http://localhost:55279/__cypress/runner/cypress_runner.js:104836:11)\n    at Object.throwErr (http://localhost:55279/__cypress/runner/cypress_runner.js:104791:18)\n    at Object.throwErrByPath (http://localhost:55279/__cypress/runner/cypress_runner.js:104823:17)\n    at throwArgsErr (http://localhost:55279/__cypress/runner/cypress_runner.js:90596:23)\n    at http://localhost:55279/__cypress/runner/cypress_runner.js:90633:13\n    at Promise.cancellationExecute [as _execute] (http://localhost:55279/__cypress/runner/cypress_runner.js:134447:9)\n    at Promise._resolveFromExecutor (http://localhost:55279/__cypress/runner/cypress_runner.js:136782:18)\n    at new Promise (http://localhost:55279/__cypress/runner/cypress_runner.js:136378:10)\n    at reload (http://localhost:55279/__cypress/runner/cypress_runner.js:90621:16)\n    at Context.reload (http://localhost:55279/__cypress/runner/cypress_runner.js:90653:14)\n    at http://localhost:55279/__cypress/runner/cypress_runner.js:100025:33\n    at tryCatcher (http://localhost:55279/__cypress/runner/cypress_runner.js:138875:23)\n    at Promise._settlePromiseFromHandler (http://localhost:55279/__cypress/runner/cypress_runner.js:136811:31)\n    at Promise._settlePromise (http://localhost:55279/__cypress/runner/cypress_runner.js:136868:18)\n    at Promise._settlePromiseCtx (http://localhost:55279/__cypress/runner/cypress_runner.js:136905:10)\n    at Async../node_modules/bluebird/js/release/async.js.Async._drainQueue (http://localhost:55279/__cypress/runner/cypress_runner.js:133605:12)",
                "diff": null
              },
              "uuid": "af5d0bec-70a7-4e90-9307-86446fc8cb5d",
              "parentUUID": "4ee1702f-79d8-4831-a893-fa621650661c",
              "isHook": false,
              "skipped": false
            },
            {
              "title": "num 4 - test the thing conditionally",
              "fullTitle": "test123 num 4 - test the thing conditionally",
              "timedOut": null,
              "duration": 390,
              "state": "failed",
              "speed": null,
              "pass": false,
              "fail": true,
              "pending": false,
              "context": "\"assets/FoD\\\\TestString.spec.js/test123--num 4 - test the thing conditionally(failed).png\"",
              "code": "cy.reload(i);\ncy.log(number);",
              "err": {
                "message": "CypressError: cy.reload() can only accept a boolean or options as its arguments.",
                "estack": "CypressError: cy.reload() can only accept a boolean or options as its arguments.\n    at Object.cypressErr (http://localhost:55279/__cypress/runner/cypress_runner.js:104836:11)\n    at Object.throwErr (http://localhost:55279/__cypress/runner/cypress_runner.js:104791:18)\n    at Object.throwErrByPath (http://localhost:55279/__cypress/runner/cypress_runner.js:104823:17)\n    at throwArgsErr (http://localhost:55279/__cypress/runner/cypress_runner.js:90596:23)\n    at http://localhost:55279/__cypress/runner/cypress_runner.js:90633:13\n    at Promise.cancellationExecute [as _execute] (http://localhost:55279/__cypress/runner/cypress_runner.js:134447:9)\n    at Promise._resolveFromExecutor (http://localhost:55279/__cypress/runner/cypress_runner.js:136782:18)\n    at new Promise (http://localhost:55279/__cypress/runner/cypress_runner.js:136378:10)\n    at reload (http://localhost:55279/__cypress/runner/cypress_runner.js:90621:16)\n    at Context.reload (http://localhost:55279/__cypress/runner/cypress_runner.js:90653:14)\n    at http://localhost:55279/__cypress/runner/cypress_runner.js:100025:33\n    at tryCatcher (http://localhost:55279/__cypress/runner/cypress_runner.js:138875:23)\n    at Promise._settlePromiseFromHandler (http://localhost:55279/__cypress/runner/cypress_runner.js:136811:31)\n    at Promise._settlePromise (http://localhost:55279/__cypress/runner/cypress_runner.js:136868:18)\n    at Promise._settlePromiseCtx (http://localhost:55279/__cypress/runner/cypress_runner.js:136905:10)\n    at Async../node_modules/bluebird/js/release/async.js.Async._drainQueue (http://localhost:55279/__cypress/runner/cypress_runner.js:133605:12)",
                "diff": null
              },
              "uuid": "13ab6bbf-0c78-4936-b1bb-e4e3e89469fc",
              "parentUUID": "4ee1702f-79d8-4831-a893-fa621650661c",
              "isHook": false,
              "skipped": false
            },
            {
              "title": "num 5 - test the thing conditionally",
              "fullTitle": "test123 num 5 - test the thing conditionally",
              "timedOut": null,
              "duration": 342,
              "state": "failed",
              "speed": null,
              "pass": false,
              "fail": true,
              "pending": false,
              "context": "\"assets/FoD\\\\TestString.spec.js/test123--num 5 - test the thing conditionally(failed).png\"",
              "code": "cy.reload(i);\ncy.log(number);",
              "err": {
                "message": "CypressError: cy.reload() can only accept a boolean or options as its arguments.",
                "estack": "CypressError: cy.reload() can only accept a boolean or options as its arguments.\n    at Object.cypressErr (http://localhost:55279/__cypress/runner/cypress_runner.js:104836:11)\n    at Object.throwErr (http://localhost:55279/__cypress/runner/cypress_runner.js:104791:18)\n    at Object.throwErrByPath (http://localhost:55279/__cypress/runner/cypress_runner.js:104823:17)\n    at throwArgsErr (http://localhost:55279/__cypress/runner/cypress_runner.js:90596:23)\n    at http://localhost:55279/__cypress/runner/cypress_runner.js:90633:13\n    at Promise.cancellationExecute [as _execute] (http://localhost:55279/__cypress/runner/cypress_runner.js:134447:9)\n    at Promise._resolveFromExecutor (http://localhost:55279/__cypress/runner/cypress_runner.js:136782:18)\n    at new Promise (http://localhost:55279/__cypress/runner/cypress_runner.js:136378:10)\n    at reload (http://localhost:55279/__cypress/runner/cypress_runner.js:90621:16)\n    at Context.reload (http://localhost:55279/__cypress/runner/cypress_runner.js:90653:14)\n    at http://localhost:55279/__cypress/runner/cypress_runner.js:100025:33\n    at tryCatcher (http://localhost:55279/__cypress/runner/cypress_runner.js:138875:23)\n    at Promise._settlePromiseFromHandler (http://localhost:55279/__cypress/runner/cypress_runner.js:136811:31)\n    at Promise._settlePromise (http://localhost:55279/__cypress/runner/cypress_runner.js:136868:18)\n    at Promise._settlePromiseCtx (http://localhost:55279/__cypress/runner/cypress_runner.js:136905:10)\n    at Async../node_modules/bluebird/js/release/async.js.Async._drainQueue (http://localhost:55279/__cypress/runner/cypress_runner.js:133605:12)",
                "diff": null
              },
              "uuid": "ee6459e1-08c3-4ad1-906a-e8d0d5355a18",
              "parentUUID": "4ee1702f-79d8-4831-a893-fa621650661c",
              "isHook": false,
              "skipped": false
            },
            {
              "title": "num 6 - test the thing conditionally",
              "fullTitle": "test123 num 6 - test the thing conditionally",
              "timedOut": null,
              "duration": 384,
              "state": "failed",
              "speed": null,
              "pass": false,
              "fail": true,
              "pending": false,
              "context": "\"assets/FoD\\\\TestString.spec.js/test123--num 6 - test the thing conditionally(failed).png\"",
              "code": "cy.reload(i);\ncy.log(number);",
              "err": {
                "message": "CypressError: cy.reload() can only accept a boolean or options as its arguments.",
                "estack": "CypressError: cy.reload() can only accept a boolean or options as its arguments.\n    at Object.cypressErr (http://localhost:55279/__cypress/runner/cypress_runner.js:104836:11)\n    at Object.throwErr (http://localhost:55279/__cypress/runner/cypress_runner.js:104791:18)\n    at Object.throwErrByPath (http://localhost:55279/__cypress/runner/cypress_runner.js:104823:17)\n    at throwArgsErr (http://localhost:55279/__cypress/runner/cypress_runner.js:90596:23)\n    at http://localhost:55279/__cypress/runner/cypress_runner.js:90633:13\n    at Promise.cancellationExecute [as _execute] (http://localhost:55279/__cypress/runner/cypress_runner.js:134447:9)\n    at Promise._resolveFromExecutor (http://localhost:55279/__cypress/runner/cypress_runner.js:136782:18)\n    at new Promise (http://localhost:55279/__cypress/runner/cypress_runner.js:136378:10)\n    at reload (http://localhost:55279/__cypress/runner/cypress_runner.js:90621:16)\n    at Context.reload (http://localhost:55279/__cypress/runner/cypress_runner.js:90653:14)\n    at http://localhost:55279/__cypress/runner/cypress_runner.js:100025:33\n    at tryCatcher (http://localhost:55279/__cypress/runner/cypress_runner.js:138875:23)\n    at Promise._settlePromiseFromHandler (http://localhost:55279/__cypress/runner/cypress_runner.js:136811:31)\n    at Promise._settlePromise (http://localhost:55279/__cypress/runner/cypress_runner.js:136868:18)\n    at Promise._settlePromiseCtx (http://localhost:55279/__cypress/runner/cypress_runner.js:136905:10)\n    at Async../node_modules/bluebird/js/release/async.js.Async._drainQueue (http://localhost:55279/__cypress/runner/cypress_runner.js:133605:12)",
                "diff": null
              },
              "uuid": "817f2fe1-49c9-45d2-8162-6cc883c8aacf",
              "parentUUID": "4ee1702f-79d8-4831-a893-fa621650661c",
              "isHook": false,
              "skipped": false
            },
            {
              "title": "num 7 - test the thing conditionally",
              "fullTitle": "test123 num 7 - test the thing conditionally",
              "timedOut": null,
              "duration": 401,
              "state": "failed",
              "speed": null,
              "pass": false,
              "fail": true,
              "pending": false,
              "context": "\"assets/FoD\\\\TestString.spec.js/test123--num 7 - test the thing conditionally(failed).png\"",
              "code": "cy.reload(i);\ncy.log(number);",
              "err": {
                "message": "CypressError: cy.reload() can only accept a boolean or options as its arguments.",
                "estack": "CypressError: cy.reload() can only accept a boolean or options as its arguments.\n    at Object.cypressErr (http://localhost:55279/__cypress/runner/cypress_runner.js:104836:11)\n    at Object.throwErr (http://localhost:55279/__cypress/runner/cypress_runner.js:104791:18)\n    at Object.throwErrByPath (http://localhost:55279/__cypress/runner/cypress_runner.js:104823:17)\n    at throwArgsErr (http://localhost:55279/__cypress/runner/cypress_runner.js:90596:23)\n    at http://localhost:55279/__cypress/runner/cypress_runner.js:90633:13\n    at Promise.cancellationExecute [as _execute] (http://localhost:55279/__cypress/runner/cypress_runner.js:134447:9)\n    at Promise._resolveFromExecutor (http://localhost:55279/__cypress/runner/cypress_runner.js:136782:18)\n    at new Promise (http://localhost:55279/__cypress/runner/cypress_runner.js:136378:10)\n    at reload (http://localhost:55279/__cypress/runner/cypress_runner.js:90621:16)\n    at Context.reload (http://localhost:55279/__cypress/runner/cypress_runner.js:90653:14)\n    at http://localhost:55279/__cypress/runner/cypress_runner.js:100025:33\n    at tryCatcher (http://localhost:55279/__cypress/runner/cypress_runner.js:138875:23)\n    at Promise._settlePromiseFromHandler (http://localhost:55279/__cypress/runner/cypress_runner.js:136811:31)\n    at Promise._settlePromise (http://localhost:55279/__cypress/runner/cypress_runner.js:136868:18)\n    at Promise._settlePromiseCtx (http://localhost:55279/__cypress/runner/cypress_runner.js:136905:10)\n    at Async../node_modules/bluebird/js/release/async.js.Async._drainQueue (http://localhost:55279/__cypress/runner/cypress_runner.js:133605:12)",
                "diff": null
              },
              "uuid": "ab36fe51-7631-4e60-88ed-88eb3f6510c4",
              "parentUUID": "4ee1702f-79d8-4831-a893-fa621650661c",
              "isHook": false,
              "skipped": false
            },
            {
              "title": "num 8 - test the thing conditionally",
              "fullTitle": "test123 num 8 - test the thing conditionally",
              "timedOut": null,
              "duration": 361,
              "state": "failed",
              "speed": null,
              "pass": false,
              "fail": true,
              "pending": false,
              "context": "\"assets/FoD\\\\TestString.spec.js/test123--num 8 - test the thing conditionally(failed).png\"",
              "code": "cy.reload(i);\ncy.log(number);",
              "err": {
                "message": "CypressError: cy.reload() can only accept a boolean or options as its arguments.",
                "estack": "CypressError: cy.reload() can only accept a boolean or options as its arguments.\n    at Object.cypressErr (http://localhost:55279/__cypress/runner/cypress_runner.js:104836:11)\n    at Object.throwErr (http://localhost:55279/__cypress/runner/cypress_runner.js:104791:18)\n    at Object.throwErrByPath (http://localhost:55279/__cypress/runner/cypress_runner.js:104823:17)\n    at throwArgsErr (http://localhost:55279/__cypress/runner/cypress_runner.js:90596:23)\n    at http://localhost:55279/__cypress/runner/cypress_runner.js:90633:13\n    at Promise.cancellationExecute [as _execute] (http://localhost:55279/__cypress/runner/cypress_runner.js:134447:9)\n    at Promise._resolveFromExecutor (http://localhost:55279/__cypress/runner/cypress_runner.js:136782:18)\n    at new Promise (http://localhost:55279/__cypress/runner/cypress_runner.js:136378:10)\n    at reload (http://localhost:55279/__cypress/runner/cypress_runner.js:90621:16)\n    at Context.reload (http://localhost:55279/__cypress/runner/cypress_runner.js:90653:14)\n    at http://localhost:55279/__cypress/runner/cypress_runner.js:100025:33\n    at tryCatcher (http://localhost:55279/__cypress/runner/cypress_runner.js:138875:23)\n    at Promise._settlePromiseFromHandler (http://localhost:55279/__cypress/runner/cypress_runner.js:136811:31)\n    at Promise._settlePromise (http://localhost:55279/__cypress/runner/cypress_runner.js:136868:18)\n    at Promise._settlePromiseCtx (http://localhost:55279/__cypress/runner/cypress_runner.js:136905:10)\n    at Async../node_modules/bluebird/js/release/async.js.Async._drainQueue (http://localhost:55279/__cypress/runner/cypress_runner.js:133605:12)",
                "diff": null
              },
              "uuid": "989db7c9-3bcf-4264-b15b-1628d7efe312",
              "parentUUID": "4ee1702f-79d8-4831-a893-fa621650661c",
              "isHook": false,
              "skipped": false
            },
            {
              "title": "num 9 - test the thing conditionally",
              "fullTitle": "test123 num 9 - test the thing conditionally",
              "timedOut": null,
              "duration": 340,
              "state": "failed",
              "speed": null,
              "pass": false,
              "fail": true,
              "pending": false,
              "context": "\"assets/FoD\\\\TestString.spec.js/test123--num 9 - test the thing conditionally(failed).png\"",
              "code": "cy.reload(i);\ncy.log(number);",
              "err": {
                "message": "CypressError: cy.reload() can only accept a boolean or options as its arguments.",
                "estack": "CypressError: cy.reload() can only accept a boolean or options as its arguments.\n    at Object.cypressErr (http://localhost:55279/__cypress/runner/cypress_runner.js:104836:11)\n    at Object.throwErr (http://localhost:55279/__cypress/runner/cypress_runner.js:104791:18)\n    at Object.throwErrByPath (http://localhost:55279/__cypress/runner/cypress_runner.js:104823:17)\n    at throwArgsErr (http://localhost:55279/__cypress/runner/cypress_runner.js:90596:23)\n    at http://localhost:55279/__cypress/runner/cypress_runner.js:90633:13\n    at Promise.cancellationExecute [as _execute] (http://localhost:55279/__cypress/runner/cypress_runner.js:134447:9)\n    at Promise._resolveFromExecutor (http://localhost:55279/__cypress/runner/cypress_runner.js:136782:18)\n    at new Promise (http://localhost:55279/__cypress/runner/cypress_runner.js:136378:10)\n    at reload (http://localhost:55279/__cypress/runner/cypress_runner.js:90621:16)\n    at Context.reload (http://localhost:55279/__cypress/runner/cypress_runner.js:90653:14)\n    at http://localhost:55279/__cypress/runner/cypress_runner.js:100025:33\n    at tryCatcher (http://localhost:55279/__cypress/runner/cypress_runner.js:138875:23)\n    at Promise._settlePromiseFromHandler (http://localhost:55279/__cypress/runner/cypress_runner.js:136811:31)\n    at Promise._settlePromise (http://localhost:55279/__cypress/runner/cypress_runner.js:136868:18)\n    at Promise._settlePromiseCtx (http://localhost:55279/__cypress/runner/cypress_runner.js:136905:10)\n    at Async../node_modules/bluebird/js/release/async.js.Async._drainQueue (http://localhost:55279/__cypress/runner/cypress_runner.js:133605:12)",
                "diff": null
              },
              "uuid": "b5e0c584-16dc-4b33-a8c4-f771ac962427",
              "parentUUID": "4ee1702f-79d8-4831-a893-fa621650661c",
              "isHook": false,
              "skipped": false
            },
            {
              "title": "num 10 - test the thing conditionally",
              "fullTitle": "test123 num 10 - test the thing conditionally",
              "timedOut": null,
              "duration": 417,
              "state": "failed",
              "speed": null,
              "pass": false,
              "fail": true,
              "pending": false,
              "context": "\"assets/FoD\\\\TestString.spec.js/test123--num 10 - test the thing conditionally(failed).png\"",
              "code": "cy.reload(i);\ncy.log(number);",
              "err": {
                "message": "CypressError: cy.reload() can only accept a boolean or options as its arguments.",
                "estack": "CypressError: cy.reload() can only accept a boolean or options as its arguments.\n    at Object.cypressErr (http://localhost:55279/__cypress/runner/cypress_runner.js:104836:11)\n    at Object.throwErr (http://localhost:55279/__cypress/runner/cypress_runner.js:104791:18)\n    at Object.throwErrByPath (http://localhost:55279/__cypress/runner/cypress_runner.js:104823:17)\n    at throwArgsErr (http://localhost:55279/__cypress/runner/cypress_runner.js:90596:23)\n    at http://localhost:55279/__cypress/runner/cypress_runner.js:90633:13\n    at Promise.cancellationExecute [as _execute] (http://localhost:55279/__cypress/runner/cypress_runner.js:134447:9)\n    at Promise._resolveFromExecutor (http://localhost:55279/__cypress/runner/cypress_runner.js:136782:18)\n    at new Promise (http://localhost:55279/__cypress/runner/cypress_runner.js:136378:10)\n    at reload (http://localhost:55279/__cypress/runner/cypress_runner.js:90621:16)\n    at Context.reload (http://localhost:55279/__cypress/runner/cypress_runner.js:90653:14)\n    at http://localhost:55279/__cypress/runner/cypress_runner.js:100025:33\n    at tryCatcher (http://localhost:55279/__cypress/runner/cypress_runner.js:138875:23)\n    at Promise._settlePromiseFromHandler (http://localhost:55279/__cypress/runner/cypress_runner.js:136811:31)\n    at Promise._settlePromise (http://localhost:55279/__cypress/runner/cypress_runner.js:136868:18)\n    at Promise._settlePromiseCtx (http://localhost:55279/__cypress/runner/cypress_runner.js:136905:10)\n    at Async../node_modules/bluebird/js/release/async.js.Async._drainQueue (http://localhost:55279/__cypress/runner/cypress_runner.js:133605:12)",
                "diff": null
              },
              "uuid": "d226f534-2430-44b2-a742-7326d2b4feae",
              "parentUUID": "4ee1702f-79d8-4831-a893-fa621650661c",
              "isHook": false,
              "skipped": false
            }
          ],
          "suites": [],
          "passes": [],
          "failures": [
            "f21326c0-c264-49a0-bfe1-29182eb45f99",
            "e592183e-78db-4779-ba11-41162bd2304a",
            "af5d0bec-70a7-4e90-9307-86446fc8cb5d",
            "13ab6bbf-0c78-4936-b1bb-e4e3e89469fc",
            "ee6459e1-08c3-4ad1-906a-e8d0d5355a18",
            "817f2fe1-49c9-45d2-8162-6cc883c8aacf",
            "ab36fe51-7631-4e60-88ed-88eb3f6510c4",
            "989db7c9-3bcf-4264-b15b-1628d7efe312",
            "b5e0c584-16dc-4b33-a8c4-f771ac962427",
            "d226f534-2430-44b2-a742-7326d2b4feae"
          ],
          "pending": [],
          "skipped": [],
          "duration": 4665,
          "root": false,
          "rootEmpty": false,
          "_timeout": 2000
        }
      ],
      "passes": [],
      "failures": [],
      "pending": [],
      "skipped": [],
      "duration": 0,
      "root": true,
      "rootEmpty": true,
      "_timeout": 2000
    }
  ],
  "meta": {
    "mocha": {
      "version": "5.2.0"
    },
    "mochawesome": {
      "options": {
        "quiet": false,
        "reportFilename": "mochawesome",
        "saveHtml": true,
        "saveJson": true,
        "consoleReporter": "spec",
        "useInlineDiffs": false
      },
      "version": "4.1.0"
    },
    "marge": {
      "options": {
        "reportDir": "cypress/results",
        "overwrite": true,
        "html": true,
        "json": true,
        "timestamp": "mmddyyyy_HHMMss"
      },
      "version": "4.0.1"
    }
  }
}