{
  "stats": {
    "suites": 1,
    "tests": 2,
    "passes": 0,
    "pending": 0,
    "failures": 2,
    "start": "2019-10-23T17:37:34.978Z",
    "end": "2019-10-23T17:39:49.074Z",
    "duration": 134096,
    "testsRegistered": 2,
    "passPercent": 0,
    "pendingPercent": 0,
    "other": 0,
    "hasOther": false,
    "skipped": 0,
    "hasSkipped": false
  },
  "results": [
    {
      "uuid": "b5f747b2-69c8-418b-ba31-6b8b0772a565",
      "title": "",
      "fullFile": "",
      "file": "",
      "beforeHooks": [],
      "afterHooks": [],
      "tests": [],
      "suites": [
        {
          "uuid": "5eb6442c-da0e-4e1c-9b1c-50276a8e5126",
          "title": "Delete Tenant Scan Test",
          "fullFile": "",
          "file": "",
          "beforeHooks": [],
          "afterHooks": [],
          "tests": [
            {
              "title": "delete tenants scan $(tenants)",
              "fullTitle": "Delete Tenant Scan Test delete tenants scan $(tenants)",
              "timedOut": null,
              "duration": 59637,
              "state": "failed",
              "speed": null,
              "pass": false,
              "fail": true,
              "pending": false,
              "context": "\"assets/FoD\\\\deleteScanTest.spec.js/Delete Tenant Scan Test--delete tenants scan $(tenants)(failed).png\"",
              "code": "var url = \"http://fodqa11-iis1/Tenants/\" + tenant + \"/Repositories\";\ncy.visit(url); // cy.get(\"[data-tenant-id=\"+tenant+\"] > :nth-child(1) > a\").click();\n// cy.get(':nth-child(8) > .nav-tab > :nth-child(1) > .nav-tab-icon > .ff').click();\nvar dt = new Date();\nvar dateTime = dt.toLocaleString();\ncy.get('[data-repository-type=\"2\"] > .action-cell > [data-action=\"delete\"]').click();\ncy.get('.box-glow > .modal-custom-content').should('exist');\ncy.get('.btn-critical').click();\ncy.get('.modal-custom-header > span').should('exist').and('contain', 'Confirm');\ncy.get('.modal-message').should('contain', 'Are you REALLY SURE you want to delete the selected repository for this tenant?');\ncy.get('.btn-critical').click({\n  force: true\n});\ncy.wait(1000);\ncy.get('[data-repository-type=\"2\"] > .action-cell > [data-action=\"delete\"]').click();\ncy.get('.box-glow > .modal-custom-content').should('exist');\ncy.get('.btn-critical').click();\ncy.get('.modal-custom-header > span').should('exist').and('contain', 'Confirm');\ncy.get('.modal-message').should('contain', 'Are you REALLY SURE you want to delete the selected repository for this tenant?');\ncy.get('.btn-critical').click({\n  force: true\n});\nvar deletedTime = dateTime; //Rebuild Scan\ncy.wait(2000);\ncy.get('[data-repository-type=\"2\"] > .action-cell > [data-action=\"rebuild\"]').click();\ncy.get('.modal-message').should('contain', 'Are you sure you want to queue the rebuild task the selected repository for this tenant?');\ncy.get('.btn-critical').click({\n  force: true\n}); //cy.wait(30000)\ncy.visit(\"http://fodqa11-iis1/TaskService/Tasks?tenant=\" + tenant + \"&tt=13&ts=0+3\");\ncy.log(\"TenantID:  \" + tenant);\nvar tasksFound = Cypress.$('.paging-section-total > span').text();\nvar found = false;\nvar count = 0;\nwhile (!found) {\n  if (tasksFound !== \"0 found\") {\n    cy.reload();\n    found = false;\n    count = count + 1;\n    cy.wait(1000);\n    if (count === 35) {\n      found = true;\n      cy.log(\"The page still displaying more task after 35 seconds please verify tenant Id:  \" + tenant);\n    }\n  } else {\n    found = true;\n  }\n}\ncy.get('.paging-section-total > span').should('contain', '0 found');\ncy.get('.empty-table').should('exist');\nvar results = \"[\" + deletedTime + \"]:\" + \"Tenant [\" + tenant + \"] scan repo deleted and [\" + dateTime + \"]:\" + \"Tenant [\" + tenant + \"] scan repo rebuilt\\n\";\ncy.writeFile(\"./results/tenantScanDeleteRebuild.txt\", results, {\n  flag: 'a+'\n});",
              "err": {
                "message": "CypressError: Timed out retrying: Expected to find element: '[data-repository-type=\"2\"] > .action-cell > [data-action=\"delete\"]', but never found it.",
                "estack": "CypressError: Timed out retrying: Expected to find element: '[data-repository-type=\"2\"] > .action-cell > [data-action=\"delete\"]', but never found it.\n    at Object.cypressErr (http://fodqa11-iis1/__cypress/runner/cypress_runner.js:85348:11)\n    at Object.throwErr (http://fodqa11-iis1/__cypress/runner/cypress_runner.js:85303:18)\n    at Object.throwErrByPath (http://fodqa11-iis1/__cypress/runner/cypress_runner.js:85335:17)\n    at retry (http://fodqa11-iis1/__cypress/runner/cypress_runner.js:77321:16)\n    at onFailFn (http://fodqa11-iis1/__cypress/runner/cypress_runner.js:68422:16)\n    at tryCatcher (http://fodqa11-iis1/__cypress/runner/cypress_runner.js:118962:23)\n    at Promise._settlePromiseFromHandler (http://fodqa11-iis1/__cypress/runner/cypress_runner.js:116898:31)\n    at Promise._settlePromise (http://fodqa11-iis1/__cypress/runner/cypress_runner.js:116955:18)\n    at Promise._settlePromise0 (http://fodqa11-iis1/__cypress/runner/cypress_runner.js:117000:10)\n    at Promise._settlePromises (http://fodqa11-iis1/__cypress/runner/cypress_runner.js:117075:18)\n    at Async../node_modules/bluebird/js/release/async.js.Async._drainQueue (http://fodqa11-iis1/__cypress/runner/cypress_runner.js:113687:16)\n    at Async../node_modules/bluebird/js/release/async.js.Async._drainQueues (http://fodqa11-iis1/__cypress/runner/cypress_runner.js:113697:10)\n    at Async.drainQueues (http://fodqa11-iis1/__cypress/runner/cypress_runner.js:113571:14)\n    at <anonymous>",
                "diff": null
              },
              "uuid": "ce4a8ec8-5975-4ef8-ba1f-e517a7cf496f",
              "parentUUID": "5eb6442c-da0e-4e1c-9b1c-50276a8e5126",
              "isHook": false,
              "skipped": false
            },
            {
              "title": "delete tenants scan $(tenants)",
              "fullTitle": "Delete Tenant Scan Test delete tenants scan $(tenants)",
              "timedOut": null,
              "duration": 58981,
              "state": "failed",
              "speed": null,
              "pass": false,
              "fail": true,
              "pending": false,
              "context": "\"assets/FoD\\\\deleteScanTest.spec.js/Delete Tenant Scan Test--delete tenants scan $(tenants)(failed).png\"",
              "code": "var url = \"http://fodqa11-iis1/Tenants/\" + tenant + \"/Repositories\";\ncy.visit(url); // cy.get(\"[data-tenant-id=\"+tenant+\"] > :nth-child(1) > a\").click();\n// cy.get(':nth-child(8) > .nav-tab > :nth-child(1) > .nav-tab-icon > .ff').click();\nvar dt = new Date();\nvar dateTime = dt.toLocaleString();\ncy.get('[data-repository-type=\"2\"] > .action-cell > [data-action=\"delete\"]').click();\ncy.get('.box-glow > .modal-custom-content').should('exist');\ncy.get('.btn-critical').click();\ncy.get('.modal-custom-header > span').should('exist').and('contain', 'Confirm');\ncy.get('.modal-message').should('contain', 'Are you REALLY SURE you want to delete the selected repository for this tenant?');\ncy.get('.btn-critical').click({\n  force: true\n});\ncy.wait(1000);\ncy.get('[data-repository-type=\"2\"] > .action-cell > [data-action=\"delete\"]').click();\ncy.get('.box-glow > .modal-custom-content').should('exist');\ncy.get('.btn-critical').click();\ncy.get('.modal-custom-header > span').should('exist').and('contain', 'Confirm');\ncy.get('.modal-message').should('contain', 'Are you REALLY SURE you want to delete the selected repository for this tenant?');\ncy.get('.btn-critical').click({\n  force: true\n});\nvar deletedTime = dateTime; //Rebuild Scan\ncy.wait(2000);\ncy.get('[data-repository-type=\"2\"] > .action-cell > [data-action=\"rebuild\"]').click();\ncy.get('.modal-message').should('contain', 'Are you sure you want to queue the rebuild task the selected repository for this tenant?');\ncy.get('.btn-critical').click({\n  force: true\n}); //cy.wait(30000)\ncy.visit(\"http://fodqa11-iis1/TaskService/Tasks?tenant=\" + tenant + \"&tt=13&ts=0+3\");\ncy.log(\"TenantID:  \" + tenant);\nvar tasksFound = Cypress.$('.paging-section-total > span').text();\nvar found = false;\nvar count = 0;\nwhile (!found) {\n  if (tasksFound !== \"0 found\") {\n    cy.reload();\n    found = false;\n    count = count + 1;\n    cy.wait(1000);\n    if (count === 35) {\n      found = true;\n      cy.log(\"The page still displaying more task after 35 seconds please verify tenant Id:  \" + tenant);\n    }\n  } else {\n    found = true;\n  }\n}\ncy.get('.paging-section-total > span').should('contain', '0 found');\ncy.get('.empty-table').should('exist');\nvar results = \"[\" + deletedTime + \"]:\" + \"Tenant [\" + tenant + \"] scan repo deleted and [\" + dateTime + \"]:\" + \"Tenant [\" + tenant + \"] scan repo rebuilt\\n\";\ncy.writeFile(\"./results/tenantScanDeleteRebuild.txt\", results, {\n  flag: 'a+'\n});",
              "err": {
                "message": "CypressError: Timed out retrying: Expected to find element: '[data-repository-type=\"2\"] > .action-cell > [data-action=\"delete\"]', but never found it.",
                "estack": "CypressError: Timed out retrying: Expected to find element: '[data-repository-type=\"2\"] > .action-cell > [data-action=\"delete\"]', but never found it.\n    at Object.cypressErr (http://fodqa11-iis1/__cypress/runner/cypress_runner.js:85348:11)\n    at Object.throwErr (http://fodqa11-iis1/__cypress/runner/cypress_runner.js:85303:18)\n    at Object.throwErrByPath (http://fodqa11-iis1/__cypress/runner/cypress_runner.js:85335:17)\n    at retry (http://fodqa11-iis1/__cypress/runner/cypress_runner.js:77321:16)\n    at onFailFn (http://fodqa11-iis1/__cypress/runner/cypress_runner.js:68422:16)\n    at tryCatcher (http://fodqa11-iis1/__cypress/runner/cypress_runner.js:118962:23)\n    at Promise._settlePromiseFromHandler (http://fodqa11-iis1/__cypress/runner/cypress_runner.js:116898:31)\n    at Promise._settlePromise (http://fodqa11-iis1/__cypress/runner/cypress_runner.js:116955:18)\n    at Promise._settlePromise0 (http://fodqa11-iis1/__cypress/runner/cypress_runner.js:117000:10)\n    at Promise._settlePromises (http://fodqa11-iis1/__cypress/runner/cypress_runner.js:117075:18)\n    at Async../node_modules/bluebird/js/release/async.js.Async._drainQueue (http://fodqa11-iis1/__cypress/runner/cypress_runner.js:113687:16)\n    at Async../node_modules/bluebird/js/release/async.js.Async._drainQueues (http://fodqa11-iis1/__cypress/runner/cypress_runner.js:113697:10)\n    at Async.drainQueues (http://fodqa11-iis1/__cypress/runner/cypress_runner.js:113571:14)\n    at <anonymous>",
                "diff": null
              },
              "uuid": "a96624b1-e9c5-426c-badb-c7eb3fb17203",
              "parentUUID": "5eb6442c-da0e-4e1c-9b1c-50276a8e5126",
              "isHook": false,
              "skipped": false
            }
          ],
          "suites": [],
          "passes": [],
          "failures": [
            "ce4a8ec8-5975-4ef8-ba1f-e517a7cf496f",
            "a96624b1-e9c5-426c-badb-c7eb3fb17203"
          ],
          "pending": [],
          "skipped": [],
          "duration": 118618,
          "root": false,
          "rootEmpty": false,
          "_timeout": 2000
        }
      ],
      "passes": [],
      "failures": [],
      "pending": [],
      "skipped": [],
      "duration": 0,
      "root": true,
      "rootEmpty": true,
      "_timeout": 2000
    }
  ],
  "meta": {
    "mocha": {
      "version": "5.2.0"
    },
    "mochawesome": {
      "options": {
        "quiet": false,
        "reportFilename": "mochawesome",
        "saveHtml": true,
        "saveJson": true,
        "consoleReporter": "spec",
        "useInlineDiffs": false
      },
      "version": "4.1.0"
    },
    "marge": {
      "options": {
        "reportDir": "cypress/results",
        "overwrite": true,
        "html": true,
        "json": true,
        "timestamp": "mmddyyyy_HHMMss"
      },
      "version": "4.0.1"
    }
  }
}