{
  "stats": {
    "suites": 1,
    "tests": 1,
    "passes": 1,
    "pending": 0,
    "failures": 0,
    "start": "2019-12-30T15:39:22.599Z",
    "end": "2019-12-30T15:40:21.258Z",
    "duration": 58659,
    "testsRegistered": 1,
    "passPercent": 100,
    "pendingPercent": 0,
    "other": 0,
    "hasOther": false,
    "skipped": 0,
    "hasSkipped": false
  },
  "results": [
    {
      "uuid": "2f7be81d-769d-4b09-80c8-e10d256dcd71",
      "title": "",
      "fullFile": "",
      "file": "",
      "beforeHooks": [],
      "afterHooks": [],
      "tests": [],
      "suites": [
        {
          "uuid": "06e38b0d-298a-491b-9aeb-2358ed5319a1",
          "title": "Repositories tab of Tenant Details page Test",
          "fullFile": "",
          "file": "",
          "beforeHooks": [],
          "afterHooks": [],
          "tests": [
            {
              "title": "Verify Repositories ",
              "fullTitle": "Repositories tab of Tenant Details page Test Verify Repositories ",
              "timedOut": null,
              "duration": 52204,
              "state": "passed",
              "speed": "slow",
              "pass": true,
              "fail": false,
              "pending": false,
              "context": null,
              "code": "loginPage.loginToAdminSite(\"zeusadmin\", \"Spi!pass007^\");\ntenantsPage.navigateToTenantsPage();\ntenantid.forEach(function (tenantId) {\n  tenantsPage.createTenant(tenantId);\n  tenantsPage.searchTenantsAndNavigateToDetailsPage(tenantId);\n  repositoriesPage.clickRepositoriesTab();\n  repositoriesPage.isTheSelectedTenantDisplayedOnThePage(tenantId);\n  repositoriesPage.isRepositoriesTableDisplayed();\n  repositoriesPage.isRefreshPermissionsButtonDisplayed();\n  repositoriesPage.isHealthCheckButtonDisplayed();\n  repositoriesPage.isRebuildButtonDisplayed();\n  repositoriesPage.isDeleteButtonDisplayed();\n  repositoriesPage.isRepositoryTypeColumnDisplayed();\n  repositoriesPage.isRepositoryIDColumnDisplayed();\n  repositoriesPage.isRecordCountColumnDisplayed();\n  repositoriesPage.verifyRepositoryTypeColumnContainsDefainedTypes();\n  repositoriesPage.verifyPopUpWindowDisplayedRefreshPermissionsButton();\n  repositoriesPage.verifyPopUpWindowDisplayedByClickingHealthCheckButton();\n  repositoriesPage.verifyPopUpWindowDisplayedForEachRepoTypeByClickingRebuildButton();\n  repositoriesPage.verifyPopUpWindowDisplayedForEachRepoTypeByClickingDeleteButton();\n});",
              "err": {},
              "uuid": "525d7b4c-0ffe-4332-b75c-7f54793f5551",
              "parentUUID": "06e38b0d-298a-491b-9aeb-2358ed5319a1",
              "isHook": false,
              "skipped": false
            }
          ],
          "suites": [],
          "passes": [
            "525d7b4c-0ffe-4332-b75c-7f54793f5551"
          ],
          "failures": [],
          "pending": [],
          "skipped": [],
          "duration": 52204,
          "root": false,
          "rootEmpty": false,
          "_timeout": 2000
        }
      ],
      "passes": [],
      "failures": [],
      "pending": [],
      "skipped": [],
      "duration": 0,
      "root": true,
      "rootEmpty": true,
      "_timeout": 2000
    }
  ],
  "meta": {
    "mocha": {
      "version": "5.2.0"
    },
    "mochawesome": {
      "options": {
        "quiet": false,
        "reportFilename": "mochawesome",
        "saveHtml": true,
        "saveJson": true,
        "consoleReporter": "spec",
        "useInlineDiffs": false
      },
      "version": "4.1.0"
    },
    "marge": {
      "options": {
        "reportDir": "cypress/results",
        "overwrite": true,
        "html": true,
        "json": true,
        "timestamp": "mmddyyyy_HHMMss"
      },
      "version": "4.0.1"
    }
  }
}