{
  "stats": {
    "suites": 1,
    "tests": 1,
    "passes": 1,
    "pending": 0,
    "failures": 0,
    "start": "2019-11-24T22:34:42.042Z",
    "end": "2019-11-24T22:35:12.278Z",
    "duration": 30236,
    "testsRegistered": 1,
    "passPercent": 100,
    "pendingPercent": 0,
    "other": 0,
    "hasOther": false,
    "skipped": 0,
    "hasSkipped": false
  },
  "results": [
    {
      "uuid": "c7144e30-dd69-4349-86ac-ea75a2281ef4",
      "title": "",
      "fullFile": "",
      "file": "",
      "beforeHooks": [],
      "afterHooks": [],
      "tests": [],
      "suites": [
        {
          "uuid": "028f24d9-e695-4957-aeae-db703f0deddb",
          "title": "Admin Tenants Page Test",
          "fullFile": "",
          "file": "",
          "beforeHooks": [],
          "afterHooks": [],
          "tests": [
            {
              "title": "verify admin tenants page displayed",
              "fullTitle": "Admin Tenants Page Test verify admin tenants page displayed",
              "timedOut": null,
              "duration": 26944,
              "state": "passed",
              "speed": "slow",
              "pass": true,
              "fail": false,
              "pending": false,
              "context": null,
              "code": "var tenantId = 'AUTO-TENANT1-' + Date.now();\nloginPage.loginToAdminSite(\"zeusadmin\", \"Spi!pass007^\");\ntenantsPage.navigateToTenantsPage();\ntenantsPage.verifyTenantsPageDisplayed();\ntenantsPage.createTenant(tenantId);",
              "err": {},
              "uuid": "f7041a85-43ba-432f-b1dc-ae82c43199e4",
              "parentUUID": "028f24d9-e695-4957-aeae-db703f0deddb",
              "isHook": false,
              "skipped": false
            }
          ],
          "suites": [],
          "passes": [
            "f7041a85-43ba-432f-b1dc-ae82c43199e4"
          ],
          "failures": [],
          "pending": [],
          "skipped": [],
          "duration": 26944,
          "root": false,
          "rootEmpty": false,
          "_timeout": 2000
        }
      ],
      "passes": [],
      "failures": [],
      "pending": [],
      "skipped": [],
      "duration": 0,
      "root": true,
      "rootEmpty": true,
      "_timeout": 2000
    }
  ],
  "meta": {
    "mocha": {
      "version": "5.2.0"
    },
    "mochawesome": {
      "options": {
        "quiet": false,
        "reportFilename": "mochawesome",
        "saveHtml": true,
        "saveJson": true,
        "consoleReporter": "spec",
        "useInlineDiffs": false
      },
      "version": "4.1.0"
    },
    "marge": {
      "options": {
        "reportDir": "cypress/results",
        "overwrite": true,
        "html": true,
        "json": true,
        "timestamp": "mmddyyyy_HHMMss"
      },
      "version": "4.0.1"
    }
  }
}