{
  "stats": {
    "suites": 1,
    "tests": 3,
    "passes": 3,
    "pending": 0,
    "failures": 0,
    "start": "2019-11-25T04:36:28.044Z",
    "end": "2019-11-25T04:38:54.323Z",
    "duration": 146279,
    "testsRegistered": 3,
    "passPercent": 100,
    "pendingPercent": 0,
    "other": 0,
    "hasOther": false,
    "skipped": 0,
    "hasSkipped": false
  },
  "results": [
    {
      "uuid": "1d2b5c3c-81a0-4a9f-815e-2e52b9ea2707",
      "title": "",
      "fullFile": "",
      "file": "",
      "beforeHooks": [],
      "afterHooks": [],
      "tests": [],
      "suites": [
        {
          "uuid": "a0e0945e-7d22-40dc-863d-b09371c5a2d5",
          "title": "App Summary and Attributes Test",
          "fullFile": "",
          "file": "",
          "beforeHooks": [],
          "afterHooks": [],
          "tests": [
            {
              "title": "Creat a tenants",
              "fullTitle": "App Summary and Attributes Test Creat a tenants",
              "timedOut": null,
              "duration": 25720,
              "state": "passed",
              "speed": "slow",
              "pass": true,
              "fail": false,
              "pending": false,
              "context": null,
              "code": "loginPage.loginToAdminSite(\"zeusadmin\", \"Spi!pass007^\");\ntenantsPage.navigateToTenantsPage();\ntenantsPage.createTenant(tenantId);\nCypress.currentTest.retries(1);",
              "err": {},
              "uuid": "84f203e2-ce57-40d7-9567-7167ae0ac647",
              "parentUUID": "a0e0945e-7d22-40dc-863d-b09371c5a2d5",
              "isHook": false,
              "skipped": false
            },
            {
              "title": "Create an application and verify tenants  App summary page",
              "fullTitle": "App Summary and Attributes Test Create an application and verify tenants  App summary page",
              "timedOut": null,
              "duration": 40869,
              "state": "passed",
              "speed": "slow",
              "pass": true,
              "fail": false,
              "pending": false,
              "context": null,
              "code": "loginPage.loginToTenantSite('AUTO-TAM', 'Spi!pass007^', 'tenantId');\napplicationPage.createApplication(appName, 'High', 'Web / Thick-Client', 'Production');\napplicationPage.selectCreatedApplication(appName);\nsettingsPage.clickSettingTab();\nsettingsPage.verifyApplicationSummaryPageDisplayed();\nsettingsPage.verifyApplicationSummaryTabDisplayed();\nsettingsPage.verifyApplicationSaveValidation();\nsettingsPage.verifyApplicationNameDisplayed(\"\".concat(appName));\nsettingsPage.verifyBusinessCriticalitySelected('High');\nsettingsPage.verifyApplicationTypeDisplayed('Web / Thick-Client');\nsettingsPage.verifyApplicationDescriptionDisplayed('The most epic App ever');\nsettingsPage.verifyEmailValidation();\nsettingsPage.enterAndVerifyAdditionalEmails('Yahoo@gmail.com;test@test.com');\nsettingsPage.verifyAppDeletionPopUp();\nsettingsPage.updateApplicationSummaryAndVerifyUpdateSaved();\nsettingsPage.verifyApplicationDeleted(appName);\nCypress.currentTest.retries(1);",
              "err": {},
              "uuid": "625fa5f0-3081-443c-81b4-c11fbe8f29fd",
              "parentUUID": "a0e0945e-7d22-40dc-863d-b09371c5a2d5",
              "isHook": false,
              "skipped": false
            },
            {
              "title": "Create an app  and verify application attributes page",
              "fullTitle": "App Summary and Attributes Test Create an app  and verify application attributes page",
              "timedOut": null,
              "duration": 69970,
              "state": "passed",
              "speed": "slow",
              "pass": true,
              "fail": false,
              "pending": false,
              "context": null,
              "code": "loginPage.loginToTenantSite('AUTO-TAM', 'Spi!pass007^', 'tenantId');\napplicationPage.createApplication(appName, 'High', 'Web / Thick-Client', 'Production');\nattributesPage.navigateToSettingsAttributesPage();\nattributesPage.addAttributes('CustomAttribute1', 'Text', 'isRequired');\nattributesPage.addAttributes('CustomPicklist', 'Picklist', 'notRequired');\nattributesPage.addAttributes('CustomAttribute3', 'Boolean', 'isRequired');\nattributesPage.addAttributes('CustomAttributeDate', 'Date', 'notRequired');\nattributesPage.addAttributes('CustomAttributeUser', 'User', 'notRequired');\napplicationPage.navigateToApplicationsPage();\napplicationPage.searchForCreatedApplication(appName);\nsettingsPage.clickSettingTab();\nsettingsPage.clickApplicationAttributesTab();\nsettingsPage.verifyAddedAttributesDisplayInAppAttributesPage();\nsettingsPage.verifyApplicationAttributesSaveValidation();\nsettingsPage.createApplicationAndVerifyAttributes();",
              "err": {},
              "uuid": "61cb6c27-bb8a-4bb4-b2e0-555d22e39289",
              "parentUUID": "a0e0945e-7d22-40dc-863d-b09371c5a2d5",
              "isHook": false,
              "skipped": false
            }
          ],
          "suites": [],
          "passes": [
            "84f203e2-ce57-40d7-9567-7167ae0ac647",
            "625fa5f0-3081-443c-81b4-c11fbe8f29fd",
            "61cb6c27-bb8a-4bb4-b2e0-555d22e39289"
          ],
          "failures": [],
          "pending": [],
          "skipped": [],
          "duration": 136559,
          "root": false,
          "rootEmpty": false,
          "_timeout": 2000
        }
      ],
      "passes": [],
      "failures": [],
      "pending": [],
      "skipped": [],
      "duration": 0,
      "root": true,
      "rootEmpty": true,
      "_timeout": 2000
    }
  ],
  "meta": {
    "mocha": {
      "version": "5.2.0"
    },
    "mochawesome": {
      "options": {
        "quiet": false,
        "reportFilename": "mochawesome",
        "saveHtml": true,
        "saveJson": true,
        "consoleReporter": "spec",
        "useInlineDiffs": false
      },
      "version": "4.1.0"
    },
    "marge": {
      "options": {
        "reportDir": "cypress/results",
        "overwrite": true,
        "html": true,
        "json": true,
        "timestamp": "mmddyyyy_HHMMss"
      },
      "version": "4.0.1"
    }
  }
}